Fold 0
Model 0 best validation auc = 0.871795 on epoch 26
Model 0 test auc = 0.911946
Model 0 test accuracy = 0.962085
Ensemble test auc = 0.911946
Ensemble test accuracy = 0.962085
Fold 1
Model 0 best validation auc = 0.837479 on epoch 19
Model 0 test auc = 0.792683
Model 0 test accuracy = 0.971564
Ensemble test auc = 0.792683
Ensemble test accuracy = 0.971564
Fold 2
Model 0 best validation auc = 0.634079 on epoch 7
Model 0 test auc = 0.795122
Model 0 test accuracy = 0.971564
Ensemble test auc = 0.795122
Ensemble test accuracy = 0.971564
3-fold cross validation
	Seed 42 ==> test auc = 0.911946
	Seed 42 ==> test accuracy = 0.962085
	Seed 43 ==> test auc = 0.792683
	Seed 43 ==> test accuracy = 0.971564
	Seed 44 ==> test auc = 0.795122
	Seed 44 ==> test accuracy = 0.971564
Overall test auc = 0.833250 +/- 0.055655
Overall test accuracy = 0.968404 +/- 0.004468
Elapsed time = 0:26:01
