Command line
python /Users/anastasiakuznecova/PycharmProjects/chemprop-master/Testing Chemprop for project.py
Args
{'activation': 'ReLU',
 'adding_h': False,
 'aggregation': 'param_self_attention',
 'aggregation_norm': 100,
 'atom_descriptor_scaling': True,
 'atom_descriptors': None,
 'atom_descriptors_path': None,
 'atom_descriptors_size': 0,
 'atom_features_size': 0,
 'atom_messages': False,
 'batch_size': 50,
 'bias': False,
 'bias_solvent': False,
 'bond_feature_scaling': True,
 'bond_features_path': None,
 'bond_features_size': 0,
 'cache_cutoff': 10000,
 'checkpoint_dir': None,
 'checkpoint_frzn': None,
 'checkpoint_path': None,
 'checkpoint_paths': None,
 'class_balance': False,
 'config_path': None,
 'crossval_index_dir': None,
 'crossval_index_file': None,
 'crossval_index_sets': None,
 'cuda': False,
 'data_path': 'tests/data/Halicin_train.csv',
 'data_weights_path': None,
 'dataset_type': 'classification',
 'depth': 3,
 'depth_solvent': 3,
 'device': device(type='cpu'),
 'dropout': 0.0,
 'empty_cache': False,
 'ensemble_size': 1,
 'epochs': 30,
 'evidential_regularization': 0,
 'explicit_h': False,
 'extra_metrics': ['accuracy'],
 'features_generator': None,
 'features_only': False,
 'features_path': None,
 'features_scaling': True,
 'features_size': None,
 'ffn_hidden_size': 300,
 'ffn_num_layers': 2,
 'final_lr': 0.0001,
 'folds_file': None,
 'freeze_first_only': False,
 'frzn_ffn_layers': 0,
 'gpu': None,
 'grad_clip': None,
 'hidden_size': 300,
 'hidden_size_solvent': 300,
 'ignore_columns': None,
 'init_lr': 0.0001,
 'log_frequency': 10,
 'loss_function': 'binary_cross_entropy',
 'max_data_size': None,
 'max_lr': 0.001,
 'metric': 'auc',
 'metrics': ['auc', 'accuracy'],
 'minimize_score': False,
 'mpn_shared': False,
 'multiclass_num_classes': 3,
 'no_atom_descriptor_scaling': False,
 'no_bond_features_scaling': False,
 'no_cache_mol': False,
 'no_cuda': False,
 'no_features_scaling': False,
 'num_folds': 3,
 'num_lrs': 1,
 'num_tasks': 1,
 'num_workers': 8,
 'number_of_molecules': 1,
 'overwrite_default_atom_features': False,
 'overwrite_default_bond_features': False,
 'phase_features_path': None,
 'pytorch_seed': 0,
 'quiet': False,
 'reaction': False,
 'reaction_mode': 'reac_diff',
 'reaction_solvent': False,
 'resume_experiment': False,
 'save_dir': 'classification_checkpoints/param_self_attention/exp1/',
 'save_preds': False,
 'save_smiles_splits': False,
 'seed': 42,
 'separate_test_atom_descriptors_path': None,
 'separate_test_bond_features_path': None,
 'separate_test_features_path': None,
 'separate_test_path': None,
 'separate_test_phase_features_path': None,
 'separate_val_atom_descriptors_path': None,
 'separate_val_bond_features_path': None,
 'separate_val_features_path': None,
 'separate_val_path': None,
 'separate_val_phase_features_path': None,
 'show_individual_scores': False,
 'smiles_columns': ['Smiles'],
 'spectra_activation': 'exp',
 'spectra_phase_mask_path': None,
 'spectra_target_floor': 1e-08,
 'split_key_molecule': 0,
 'split_sizes': [0.8, 0.1, 0.1],
 'split_type': 'random',
 'target_columns': None,
 'target_weights': None,
 'task_names': ['Active'],
 'test': False,
 'test_fold_index': None,
 'train_data_size': None,
 'undirected': False,
 'use_input_features': False,
 'val_fold_index': None,
 'warmup_epochs': 2.0}
Could not write the reproducibility section of the arguments to file, thus omitting this section.
Setting molecule featurization parameters to default.
Loading data
Number of tasks = 1
Fold 0
Splitting data with seed 42
Class sizes
Active 0: 94.86%, 1: 5.14%
Total size = 2,101 | train size = 1,680 | val size = 210 | test size = 211
Building model 0
MoleculeModel(
  (sigmoid): Sigmoid()
  (encoder): MPN(
    (encoder): ModuleList(
      (0): MPNEncoder(
        (dropout_layer): Dropout(p=0.0, inplace=False)
        (act_func): ReLU()
        (W_i): Linear(in_features=147, out_features=300, bias=False)
        (W_h): Linear(in_features=300, out_features=300, bias=False)
        (W_o): Linear(in_features=433, out_features=300, bias=True)
      )
    )
  )
  (ffn): Sequential(
    (0): Dropout(p=0.0, inplace=False)
    (1): Linear(in_features=300, out_features=300, bias=True)
    (2): ReLU()
    (3): Dropout(p=0.0, inplace=False)
    (4): Linear(in_features=300, out_features=1, bias=True)
  )
)
Number of parameters = 355,201
Epoch 0
Loss = 6.9806e-01, PNorm = 34.0125, GNorm = 0.8178, lr_0 = 2.5000e-04
Loss = 6.5825e-01, PNorm = 34.0230, GNorm = 0.7517, lr_0 = 3.8636e-04
Loss = 5.9655e-01, PNorm = 34.0532, GNorm = 1.0343, lr_0 = 5.2273e-04
Validation auc = 0.392479
Validation accuracy = 0.928571
Epoch 1
Loss = 3.0336e-01, PNorm = 34.1395, GNorm = 0.6009, lr_0 = 6.7273e-04
Loss = 3.4135e-01, PNorm = 34.1783, GNorm = 3.5126, lr_0 = 8.0909e-04
Loss = 2.8483e-01, PNorm = 34.1657, GNorm = 0.7520, lr_0 = 9.4545e-04
Validation auc = 0.456068
Validation accuracy = 0.928571
Epoch 2
Loss = 3.1839e-01, PNorm = 34.2080, GNorm = 1.1592, lr_0 = 9.8516e-04
Loss = 2.4208e-01, PNorm = 34.2339, GNorm = 0.6812, lr_0 = 9.6091e-04
Loss = 2.1571e-01, PNorm = 34.2517, GNorm = 0.7889, lr_0 = 9.3726e-04
Loss = 2.0286e-01, PNorm = 34.2646, GNorm = 0.5200, lr_0 = 9.1420e-04
Loss = 2.3162e-01, PNorm = 34.2675, GNorm = 0.6898, lr_0 = 9.1192e-04
Validation auc = 0.304957
Validation accuracy = 0.928571
Epoch 3
Loss = 2.4418e-01, PNorm = 34.2906, GNorm = 1.1629, lr_0 = 8.8948e-04
Loss = 2.5579e-01, PNorm = 34.2987, GNorm = 0.5153, lr_0 = 8.6758e-04
Loss = 1.9119e-01, PNorm = 34.3297, GNorm = 0.4064, lr_0 = 8.4623e-04
Validation auc = 0.656068
Validation accuracy = 0.928571
Epoch 4
Loss = 2.4321e-01, PNorm = 34.3450, GNorm = 0.4948, lr_0 = 8.2540e-04
Loss = 2.1531e-01, PNorm = 34.3582, GNorm = 0.4201, lr_0 = 8.0509e-04
Loss = 1.8578e-01, PNorm = 34.3840, GNorm = 0.5696, lr_0 = 7.8527e-04
Validation auc = 0.499145
Validation accuracy = 0.928571
Epoch 5
Loss = 1.8238e-01, PNorm = 34.3963, GNorm = 0.4680, lr_0 = 7.6595e-04
Loss = 2.0194e-01, PNorm = 34.4150, GNorm = 0.4600, lr_0 = 7.4710e-04
Loss = 2.2450e-01, PNorm = 34.4356, GNorm = 0.3999, lr_0 = 7.2871e-04
Loss = 2.1433e-01, PNorm = 34.4540, GNorm = 0.3521, lr_0 = 7.1077e-04
Validation auc = 0.448547
Validation accuracy = 0.928571
Epoch 6
Loss = 2.0369e-01, PNorm = 34.4720, GNorm = 0.4114, lr_0 = 6.9156e-04
Loss = 1.8180e-01, PNorm = 34.4894, GNorm = 0.3366, lr_0 = 6.7453e-04
Loss = 2.2986e-01, PNorm = 34.5047, GNorm = 0.3620, lr_0 = 6.5793e-04
Validation auc = 0.594188
Validation accuracy = 0.928571
Epoch 7
Loss = 1.8393e-01, PNorm = 34.5271, GNorm = 0.3828, lr_0 = 6.4174e-04
Loss = 1.8742e-01, PNorm = 34.5502, GNorm = 0.4762, lr_0 = 6.2595e-04
Loss = 2.1939e-01, PNorm = 34.5632, GNorm = 0.3237, lr_0 = 6.1054e-04
Validation auc = 0.827692
Validation accuracy = 0.928571
Epoch 8
Loss = 1.8093e-01, PNorm = 34.5834, GNorm = 0.3587, lr_0 = 5.9403e-04
Loss = 1.6390e-01, PNorm = 34.6120, GNorm = 0.3815, lr_0 = 5.7941e-04
Loss = 2.1295e-01, PNorm = 34.6260, GNorm = 0.3470, lr_0 = 5.6515e-04
Loss = 1.9845e-01, PNorm = 34.6491, GNorm = 0.3109, lr_0 = 5.5124e-04
Validation auc = 0.784615
Validation accuracy = 0.928571
Epoch 9
Loss = 1.8404e-01, PNorm = 34.6688, GNorm = 0.3002, lr_0 = 5.3767e-04
Loss = 2.2207e-01, PNorm = 34.6863, GNorm = 0.7815, lr_0 = 5.2444e-04
Loss = 1.6566e-01, PNorm = 34.7126, GNorm = 0.2661, lr_0 = 5.1153e-04
Validation auc = 0.768547
Validation accuracy = 0.928571
Epoch 10
Loss = 1.3111e-01, PNorm = 34.7355, GNorm = 0.3280, lr_0 = 4.9894e-04
Loss = 2.0985e-01, PNorm = 34.7475, GNorm = 0.4966, lr_0 = 4.8666e-04
Loss = 2.0284e-01, PNorm = 34.7604, GNorm = 0.2986, lr_0 = 4.7469e-04
Validation auc = 0.723419
Validation accuracy = 0.928571
Epoch 11
Loss = 4.4320e-01, PNorm = 34.7871, GNorm = 1.1138, lr_0 = 4.6185e-04
Loss = 2.0070e-01, PNorm = 34.7970, GNorm = 0.3717, lr_0 = 4.5048e-04
Loss = 1.6952e-01, PNorm = 34.8206, GNorm = 0.3250, lr_0 = 4.3940e-04
Loss = 1.9081e-01, PNorm = 34.8332, GNorm = 0.6154, lr_0 = 4.2858e-04
Validation auc = 0.773675
Validation accuracy = 0.928571
Epoch 12
Loss = 2.0071e-01, PNorm = 34.8424, GNorm = 0.4601, lr_0 = 4.1803e-04
Loss = 2.0193e-01, PNorm = 34.8659, GNorm = 0.4496, lr_0 = 4.0775e-04
Loss = 1.7239e-01, PNorm = 34.8856, GNorm = 0.2318, lr_0 = 3.9771e-04
Validation auc = 0.754530
Validation accuracy = 0.928571
Epoch 13
Loss = 1.3423e-01, PNorm = 34.9040, GNorm = 0.3303, lr_0 = 3.8696e-04
Loss = 2.2048e-01, PNorm = 34.9169, GNorm = 0.5382, lr_0 = 3.7743e-04
Loss = 1.7120e-01, PNorm = 34.9348, GNorm = 0.4576, lr_0 = 3.6814e-04
Loss = 1.8077e-01, PNorm = 34.9559, GNorm = 0.2795, lr_0 = 3.5908e-04
Validation auc = 0.740513
Validation accuracy = 0.928571
Epoch 14
Loss = 2.1501e-01, PNorm = 34.9636, GNorm = 0.3169, lr_0 = 3.5025e-04
Loss = 2.0558e-01, PNorm = 34.9766, GNorm = 0.2800, lr_0 = 3.4163e-04
Loss = 1.3209e-01, PNorm = 35.0021, GNorm = 0.3095, lr_0 = 3.3322e-04
Validation auc = 0.736068
Validation accuracy = 0.928571
Epoch 15
Loss = 1.7834e-01, PNorm = 35.0108, GNorm = 0.2295, lr_0 = 3.2502e-04
Loss = 2.0835e-01, PNorm = 35.0165, GNorm = 0.3759, lr_0 = 3.1702e-04
Loss = 1.6158e-01, PNorm = 35.0284, GNorm = 0.3270, lr_0 = 3.0921e-04
Validation auc = 0.806496
Validation accuracy = 0.928571
Epoch 16
Loss = 1.7218e-01, PNorm = 35.0481, GNorm = 0.2593, lr_0 = 3.0085e-04
Loss = 2.1221e-01, PNorm = 35.0618, GNorm = 0.9624, lr_0 = 2.9345e-04
Loss = 1.6316e-01, PNorm = 35.0731, GNorm = 0.4785, lr_0 = 2.8623e-04
Loss = 1.8105e-01, PNorm = 35.0895, GNorm = 0.3710, lr_0 = 2.7918e-04
Validation auc = 0.813675
Validation accuracy = 0.928571
Epoch 17
Loss = 1.4168e-01, PNorm = 35.1072, GNorm = 0.2184, lr_0 = 2.7231e-04
Loss = 1.9466e-01, PNorm = 35.1089, GNorm = 0.3227, lr_0 = 2.6561e-04
Loss = 1.8313e-01, PNorm = 35.1213, GNorm = 0.4024, lr_0 = 2.5907e-04
Validation auc = 0.792479
Validation accuracy = 0.928571
Epoch 18
Loss = 1.5498e-01, PNorm = 35.1367, GNorm = 0.3374, lr_0 = 2.5207e-04
Loss = 1.7944e-01, PNorm = 35.1496, GNorm = 0.4137, lr_0 = 2.4586e-04
Loss = 2.0821e-01, PNorm = 35.1561, GNorm = 0.4125, lr_0 = 2.3981e-04
Validation auc = 0.827009
Validation accuracy = 0.928571
Epoch 19
Loss = 1.8991e-01, PNorm = 35.1752, GNorm = 0.2184, lr_0 = 2.3391e-04
Loss = 2.0178e-01, PNorm = 35.1870, GNorm = 0.3172, lr_0 = 2.2815e-04
Loss = 1.5111e-01, PNorm = 35.2004, GNorm = 0.3307, lr_0 = 2.2254e-04
Loss = 1.7795e-01, PNorm = 35.2126, GNorm = 0.2944, lr_0 = 2.1706e-04
Validation auc = 0.837265
Validation accuracy = 0.928571
Epoch 20
Loss = 1.7860e-01, PNorm = 35.2184, GNorm = 0.3117, lr_0 = 2.1172e-04
Loss = 1.9164e-01, PNorm = 35.2328, GNorm = 0.6075, lr_0 = 2.0651e-04
Loss = 1.6394e-01, PNorm = 35.2471, GNorm = 0.6982, lr_0 = 2.0142e-04
Validation auc = 0.828034
Validation accuracy = 0.928571
Epoch 21
Loss = 2.1107e-01, PNorm = 35.2561, GNorm = 0.2518, lr_0 = 1.9598e-04
Loss = 1.9399e-01, PNorm = 35.2667, GNorm = 0.4655, lr_0 = 1.9115e-04
Loss = 1.5480e-01, PNorm = 35.2810, GNorm = 0.2252, lr_0 = 1.8645e-04
Validation auc = 0.822564
Validation accuracy = 0.928571
Epoch 22
Loss = 1.2820e-01, PNorm = 35.2894, GNorm = 0.2052, lr_0 = 1.8186e-04
Loss = 1.4839e-01, PNorm = 35.2931, GNorm = 0.2441, lr_0 = 1.7739e-04
Loss = 1.6574e-01, PNorm = 35.3009, GNorm = 0.3414, lr_0 = 1.7302e-04
Loss = 2.1070e-01, PNorm = 35.3067, GNorm = 0.3881, lr_0 = 1.6876e-04
Validation auc = 0.842393
Validation accuracy = 0.928571
Epoch 23
Loss = 1.2169e-01, PNorm = 35.3194, GNorm = 0.3395, lr_0 = 1.6420e-04
Loss = 2.0223e-01, PNorm = 35.3291, GNorm = 0.2063, lr_0 = 1.6016e-04
Loss = 1.8190e-01, PNorm = 35.3327, GNorm = 0.4166, lr_0 = 1.5622e-04
Validation auc = 0.824274
Validation accuracy = 0.928571
Epoch 24
Loss = 1.5503e-01, PNorm = 35.3383, GNorm = 0.3136, lr_0 = 1.5237e-04
Loss = 1.6128e-01, PNorm = 35.3490, GNorm = 0.3929, lr_0 = 1.4862e-04
Loss = 1.4795e-01, PNorm = 35.3587, GNorm = 0.1978, lr_0 = 1.4496e-04
Loss = 2.3375e-01, PNorm = 35.3590, GNorm = 0.5428, lr_0 = 1.4139e-04
Validation auc = 0.839658
Validation accuracy = 0.928571
Epoch 25
Loss = 1.9035e-01, PNorm = 35.3654, GNorm = 0.4342, lr_0 = 1.3791e-04
Loss = 1.5675e-01, PNorm = 35.3775, GNorm = 0.2617, lr_0 = 1.3452e-04
Loss = 1.9989e-01, PNorm = 35.3825, GNorm = 0.2764, lr_0 = 1.3121e-04
Validation auc = 0.801368
Validation accuracy = 0.928571
Epoch 26
Loss = 2.3107e-01, PNorm = 35.3864, GNorm = 0.6222, lr_0 = 1.2766e-04
Loss = 1.6569e-01, PNorm = 35.3925, GNorm = 0.4655, lr_0 = 1.2452e-04
Loss = 1.6606e-01, PNorm = 35.4026, GNorm = 0.3291, lr_0 = 1.2146e-04
Validation auc = 0.871795
Validation accuracy = 0.928571
Epoch 27
Loss = 1.4286e-01, PNorm = 35.4105, GNorm = 0.3727, lr_0 = 1.1847e-04
Loss = 1.6847e-01, PNorm = 35.4154, GNorm = 0.8269, lr_0 = 1.1555e-04
Loss = 1.6759e-01, PNorm = 35.4173, GNorm = 0.2260, lr_0 = 1.1271e-04
Loss = 1.8658e-01, PNorm = 35.4210, GNorm = 0.3476, lr_0 = 1.0993e-04
Loss = 9.5041e-02, PNorm = 35.4215, GNorm = 0.3612, lr_0 = 1.0966e-04
Validation auc = 0.842393
Validation accuracy = 0.928571
Epoch 28
Loss = 1.8381e-01, PNorm = 35.4266, GNorm = 0.5695, lr_0 = 1.0696e-04
Loss = 1.7476e-01, PNorm = 35.4322, GNorm = 0.5495, lr_0 = 1.0433e-04
Loss = 1.6320e-01, PNorm = 35.4404, GNorm = 0.2935, lr_0 = 1.0176e-04
Validation auc = 0.812308
Validation accuracy = 0.928571
Epoch 29
Loss = 2.6311e-01, PNorm = 35.4450, GNorm = 0.5626, lr_0 = 1.0000e-04
Loss = 1.5316e-01, PNorm = 35.4495, GNorm = 0.2731, lr_0 = 1.0000e-04
Loss = 1.4366e-01, PNorm = 35.4566, GNorm = 0.3273, lr_0 = 1.0000e-04
Validation auc = 0.849231
Validation accuracy = 0.928571
Model 0 best validation auc = 0.871795 on epoch 26
Loading pretrained parameter "encoder.encoder.0.cached_zero_vector".
Loading pretrained parameter "encoder.encoder.0.W_i.weight".
Loading pretrained parameter "encoder.encoder.0.W_h.weight".
Loading pretrained parameter "encoder.encoder.0.W_o.weight".
Loading pretrained parameter "encoder.encoder.0.W_o.bias".
Loading pretrained parameter "ffn.1.weight".
Loading pretrained parameter "ffn.1.bias".
Loading pretrained parameter "ffn.4.weight".
Loading pretrained parameter "ffn.4.bias".
Model 0 test auc = 0.911946
Model 0 test accuracy = 0.962085
Ensemble test auc = 0.911946
Ensemble test accuracy = 0.962085
Fold 1
Splitting data with seed 43
Class sizes
Active 0: 94.86%, 1: 5.14%
Total size = 2,101 | train size = 1,680 | val size = 210 | test size = 211
Building model 0
MoleculeModel(
  (sigmoid): Sigmoid()
  (encoder): MPN(
    (encoder): ModuleList(
      (0): MPNEncoder(
        (dropout_layer): Dropout(p=0.0, inplace=False)
        (act_func): ReLU()
        (W_i): Linear(in_features=147, out_features=300, bias=False)
        (W_h): Linear(in_features=300, out_features=300, bias=False)
        (W_o): Linear(in_features=433, out_features=300, bias=True)
      )
    )
  )
  (ffn): Sequential(
    (0): Dropout(p=0.0, inplace=False)
    (1): Linear(in_features=300, out_features=300, bias=True)
    (2): ReLU()
    (3): Dropout(p=0.0, inplace=False)
    (4): Linear(in_features=300, out_features=1, bias=True)
  )
)
Number of parameters = 355,201
Epoch 0
Loss = 6.9598e-01, PNorm = 34.0126, GNorm = 0.7955, lr_0 = 2.5000e-04
Loss = 6.5911e-01, PNorm = 34.0231, GNorm = 0.8117, lr_0 = 3.8636e-04
Loss = 5.9543e-01, PNorm = 34.0543, GNorm = 0.9624, lr_0 = 5.2273e-04
Validation auc = 0.416252
Validation accuracy = 0.952381
Epoch 1
Loss = 3.1206e-01, PNorm = 34.1401, GNorm = 0.6619, lr_0 = 6.7273e-04
Loss = 3.1956e-01, PNorm = 34.1826, GNorm = 3.9544, lr_0 = 8.0909e-04
Loss = 3.0899e-01, PNorm = 34.1664, GNorm = 0.6604, lr_0 = 9.4545e-04
Validation auc = 0.589829
Validation accuracy = 0.957143
Epoch 2
Loss = 2.6071e-01, PNorm = 34.2028, GNorm = 0.6626, lr_0 = 9.8516e-04
Loss = 2.0676e-01, PNorm = 34.2527, GNorm = 0.8270, lr_0 = 9.6091e-04
Loss = 2.7506e-01, PNorm = 34.2613, GNorm = 0.6598, lr_0 = 9.3726e-04
Loss = 2.7011e-01, PNorm = 34.2744, GNorm = 0.5242, lr_0 = 9.1420e-04
Loss = 2.5214e-01, PNorm = 34.2773, GNorm = 0.5802, lr_0 = 9.1192e-04
Validation auc = 0.538419
Validation accuracy = 0.957143
Epoch 3
Loss = 2.0966e-01, PNorm = 34.3119, GNorm = 0.3817, lr_0 = 8.8948e-04
Loss = 2.5706e-01, PNorm = 34.3218, GNorm = 0.5249, lr_0 = 8.6758e-04
Loss = 2.5001e-01, PNorm = 34.3397, GNorm = 0.5273, lr_0 = 8.4623e-04
Validation auc = 0.537866
Validation accuracy = 0.957143
Epoch 4
Loss = 2.1368e-01, PNorm = 34.3682, GNorm = 0.4360, lr_0 = 8.2540e-04
Loss = 2.2260e-01, PNorm = 34.3999, GNorm = 0.4588, lr_0 = 8.0509e-04
Loss = 2.6379e-01, PNorm = 34.4197, GNorm = 0.4222, lr_0 = 7.8527e-04
Validation auc = 0.488668
Validation accuracy = 0.957143
Epoch 5
Loss = 2.5589e-01, PNorm = 34.4442, GNorm = 0.4117, lr_0 = 7.6595e-04
Loss = 1.6047e-01, PNorm = 34.4879, GNorm = 0.3434, lr_0 = 7.4710e-04
Loss = 2.4349e-01, PNorm = 34.4939, GNorm = 0.5171, lr_0 = 7.2871e-04
Loss = 2.3249e-01, PNorm = 34.5107, GNorm = 0.3501, lr_0 = 7.1077e-04
Validation auc = 0.584854
Validation accuracy = 0.957143
Epoch 6
Loss = 1.9853e-01, PNorm = 34.5453, GNorm = 0.6150, lr_0 = 6.9156e-04
Loss = 1.8044e-01, PNorm = 34.5713, GNorm = 0.3354, lr_0 = 6.7453e-04
Loss = 2.3122e-01, PNorm = 34.5878, GNorm = 0.3766, lr_0 = 6.5793e-04
Validation auc = 0.576009
Validation accuracy = 0.957143
Epoch 7
Loss = 1.8365e-01, PNorm = 34.6129, GNorm = 0.4080, lr_0 = 6.4174e-04
Loss = 2.1715e-01, PNorm = 34.6323, GNorm = 0.4993, lr_0 = 6.2595e-04
Loss = 1.8388e-01, PNorm = 34.6549, GNorm = 0.5236, lr_0 = 6.1054e-04
Validation auc = 0.712548
Validation accuracy = 0.957143
Epoch 8
Loss = 2.0052e-01, PNorm = 34.6744, GNorm = 0.4106, lr_0 = 5.9403e-04
Loss = 1.8515e-01, PNorm = 34.7075, GNorm = 0.5945, lr_0 = 5.7941e-04
Loss = 1.8739e-01, PNorm = 34.7242, GNorm = 0.3593, lr_0 = 5.6515e-04
Loss = 2.3158e-01, PNorm = 34.7505, GNorm = 0.7021, lr_0 = 5.5124e-04
Validation auc = 0.710890
Validation accuracy = 0.957143
Epoch 9
Loss = 1.8305e-01, PNorm = 34.7707, GNorm = 0.4780, lr_0 = 5.3767e-04
Loss = 2.0352e-01, PNorm = 34.7915, GNorm = 0.4499, lr_0 = 5.2444e-04
Loss = 1.6397e-01, PNorm = 34.8125, GNorm = 0.5061, lr_0 = 5.1153e-04
Validation auc = 0.725263
Validation accuracy = 0.957143
Epoch 10
Loss = 1.6072e-01, PNorm = 34.8237, GNorm = 0.3663, lr_0 = 4.9894e-04
Loss = 2.5386e-01, PNorm = 34.8399, GNorm = 0.4552, lr_0 = 4.8666e-04
Loss = 1.5268e-01, PNorm = 34.8770, GNorm = 0.4700, lr_0 = 4.7469e-04
Validation auc = 0.725263
Validation accuracy = 0.957143
Epoch 11
Loss = 1.8093e-01, PNorm = 34.8770, GNorm = 0.2368, lr_0 = 4.6185e-04
Loss = 1.8315e-01, PNorm = 34.8938, GNorm = 0.3892, lr_0 = 4.5048e-04
Loss = 2.1456e-01, PNorm = 34.9176, GNorm = 0.2347, lr_0 = 4.3940e-04
Loss = 2.0955e-01, PNorm = 34.9281, GNorm = 0.2959, lr_0 = 4.2858e-04
Validation auc = 0.761194
Validation accuracy = 0.957143
Epoch 12
Loss = 2.1853e-01, PNorm = 34.9473, GNorm = 0.4041, lr_0 = 4.1803e-04
Loss = 1.4369e-01, PNorm = 34.9748, GNorm = 0.4958, lr_0 = 4.0775e-04
Loss = 2.1526e-01, PNorm = 34.9815, GNorm = 0.2515, lr_0 = 3.9771e-04
Validation auc = 0.767828
Validation accuracy = 0.957143
Epoch 13
Loss = 1.4691e-01, PNorm = 34.9987, GNorm = 0.4526, lr_0 = 3.8696e-04
Loss = 2.1682e-01, PNorm = 35.0174, GNorm = 0.2765, lr_0 = 3.7743e-04
Loss = 2.0755e-01, PNorm = 35.0259, GNorm = 0.2306, lr_0 = 3.6814e-04
Loss = 1.5979e-01, PNorm = 35.0481, GNorm = 0.2869, lr_0 = 3.5908e-04
Validation auc = 0.764511
Validation accuracy = 0.957143
Epoch 14
Loss = 2.1663e-01, PNorm = 35.0663, GNorm = 0.2732, lr_0 = 3.5025e-04
Loss = 1.3987e-01, PNorm = 35.0873, GNorm = 0.5613, lr_0 = 3.4163e-04
Loss = 2.2138e-01, PNorm = 35.0953, GNorm = 0.3809, lr_0 = 3.3322e-04
Validation auc = 0.791598
Validation accuracy = 0.957143
Epoch 15
Loss = 1.7511e-01, PNorm = 35.1124, GNorm = 0.2316, lr_0 = 3.2502e-04
Loss = 2.0962e-01, PNorm = 35.1224, GNorm = 0.4694, lr_0 = 3.1702e-04
Loss = 1.7445e-01, PNorm = 35.1373, GNorm = 0.3129, lr_0 = 3.0921e-04
Validation auc = 0.792150
Validation accuracy = 0.957143
Epoch 16
Loss = 1.4776e-01, PNorm = 35.1536, GNorm = 0.2769, lr_0 = 3.0085e-04
Loss = 1.7659e-01, PNorm = 35.1693, GNorm = 0.2684, lr_0 = 2.9345e-04
Loss = 1.5748e-01, PNorm = 35.1906, GNorm = 0.2680, lr_0 = 2.8623e-04
Loss = 2.4425e-01, PNorm = 35.1892, GNorm = 0.3333, lr_0 = 2.7918e-04
Validation auc = 0.777225
Validation accuracy = 0.957143
Epoch 17
Loss = 1.7201e-01, PNorm = 35.2027, GNorm = 0.2965, lr_0 = 2.7231e-04
Loss = 1.8279e-01, PNorm = 35.2182, GNorm = 0.2125, lr_0 = 2.6561e-04
Loss = 1.8016e-01, PNorm = 35.2256, GNorm = 0.5146, lr_0 = 2.5907e-04
Validation auc = 0.746821
Validation accuracy = 0.957143
Epoch 18
Loss = 2.3238e-01, PNorm = 35.2324, GNorm = 0.5073, lr_0 = 2.5207e-04
Loss = 1.8379e-01, PNorm = 35.2455, GNorm = 0.2919, lr_0 = 2.4586e-04
Loss = 1.6330e-01, PNorm = 35.2644, GNorm = 0.3397, lr_0 = 2.3981e-04
Validation auc = 0.751797
Validation accuracy = 0.957143
Epoch 19
Loss = 1.1357e-01, PNorm = 35.2755, GNorm = 0.2584, lr_0 = 2.3391e-04
Loss = 2.2708e-01, PNorm = 35.2770, GNorm = 0.4656, lr_0 = 2.2815e-04
Loss = 1.8509e-01, PNorm = 35.2827, GNorm = 0.5773, lr_0 = 2.2254e-04
Loss = 1.7067e-01, PNorm = 35.3009, GNorm = 0.2528, lr_0 = 2.1706e-04
Validation auc = 0.837479
Validation accuracy = 0.957143
Epoch 20
Loss = 1.8941e-01, PNorm = 35.3134, GNorm = 0.3798, lr_0 = 2.1172e-04
Loss = 1.9835e-01, PNorm = 35.3199, GNorm = 0.3442, lr_0 = 2.0651e-04
Loss = 1.6843e-01, PNorm = 35.3328, GNorm = 0.2618, lr_0 = 2.0142e-04
Validation auc = 0.780542
Validation accuracy = 0.957143
Epoch 21
Loss = 2.3380e-01, PNorm = 35.3431, GNorm = 0.2956, lr_0 = 1.9598e-04
Loss = 2.0428e-01, PNorm = 35.3510, GNorm = 0.3481, lr_0 = 1.9115e-04
Loss = 1.6705e-01, PNorm = 35.3631, GNorm = 0.4241, lr_0 = 1.8645e-04
Validation auc = 0.822001
Validation accuracy = 0.957143
Epoch 22
Loss = 2.1564e-01, PNorm = 35.3762, GNorm = 0.4518, lr_0 = 1.8186e-04
Loss = 1.7319e-01, PNorm = 35.3803, GNorm = 0.4506, lr_0 = 1.7739e-04
Loss = 1.5668e-01, PNorm = 35.3870, GNorm = 0.5284, lr_0 = 1.7302e-04
Loss = 2.2171e-01, PNorm = 35.3914, GNorm = 0.4418, lr_0 = 1.6876e-04
Validation auc = 0.757324
Validation accuracy = 0.957143
Epoch 23
Loss = 1.5401e-01, PNorm = 35.4033, GNorm = 0.4527, lr_0 = 1.6420e-04
Loss = 1.9507e-01, PNorm = 35.4120, GNorm = 0.4113, lr_0 = 1.6016e-04
Loss = 1.7416e-01, PNorm = 35.4176, GNorm = 0.4622, lr_0 = 1.5622e-04
Validation auc = 0.782200
Validation accuracy = 0.957143
Epoch 24
Loss = 1.7753e-01, PNorm = 35.4263, GNorm = 0.2016, lr_0 = 1.5237e-04
Loss = 2.0321e-01, PNorm = 35.4325, GNorm = 0.2647, lr_0 = 1.4862e-04
Loss = 1.5447e-01, PNorm = 35.4395, GNorm = 0.2393, lr_0 = 1.4496e-04
Loss = 1.7998e-01, PNorm = 35.4474, GNorm = 0.5612, lr_0 = 1.4139e-04
Validation auc = 0.825318
Validation accuracy = 0.957143
Epoch 25
Loss = 2.0545e-01, PNorm = 35.4537, GNorm = 0.2689, lr_0 = 1.3791e-04
Loss = 1.7115e-01, PNorm = 35.4600, GNorm = 0.6004, lr_0 = 1.3452e-04
Loss = 1.7517e-01, PNorm = 35.4688, GNorm = 0.2982, lr_0 = 1.3121e-04
Validation auc = 0.816473
Validation accuracy = 0.957143
Epoch 26
Loss = 1.2957e-01, PNorm = 35.4790, GNorm = 0.2350, lr_0 = 1.2766e-04
Loss = 2.2158e-01, PNorm = 35.4801, GNorm = 0.4100, lr_0 = 1.2452e-04
Loss = 1.9422e-01, PNorm = 35.4845, GNorm = 0.2411, lr_0 = 1.2146e-04
Validation auc = 0.805417
Validation accuracy = 0.957143
Epoch 27
Loss = 2.0304e-01, PNorm = 35.4937, GNorm = 0.2711, lr_0 = 1.1847e-04
Loss = 1.9076e-01, PNorm = 35.5004, GNorm = 0.3941, lr_0 = 1.1555e-04
Loss = 2.0025e-01, PNorm = 35.5066, GNorm = 1.1443, lr_0 = 1.1271e-04
Loss = 1.3130e-01, PNorm = 35.5120, GNorm = 0.5177, lr_0 = 1.0993e-04
Loss = 3.7645e-01, PNorm = 35.5122, GNorm = 1.2704, lr_0 = 1.0966e-04
Validation auc = 0.789386
Validation accuracy = 0.957143
Epoch 28
Loss = 1.6415e-01, PNorm = 35.5169, GNorm = 0.3683, lr_0 = 1.0696e-04
Loss = 1.7723e-01, PNorm = 35.5222, GNorm = 0.1961, lr_0 = 1.0433e-04
Loss = 1.8393e-01, PNorm = 35.5276, GNorm = 0.4004, lr_0 = 1.0176e-04
Validation auc = 0.771144
Validation accuracy = 0.957143
Epoch 29
Loss = 1.8048e-01, PNorm = 35.5316, GNorm = 0.2852, lr_0 = 1.0000e-04
Loss = 1.8244e-01, PNorm = 35.5362, GNorm = 0.3556, lr_0 = 1.0000e-04
Loss = 1.5357e-01, PNorm = 35.5421, GNorm = 0.3798, lr_0 = 1.0000e-04
Validation auc = 0.781647
Validation accuracy = 0.957143
Model 0 best validation auc = 0.837479 on epoch 19
Loading pretrained parameter "encoder.encoder.0.cached_zero_vector".
Loading pretrained parameter "encoder.encoder.0.W_i.weight".
Loading pretrained parameter "encoder.encoder.0.W_h.weight".
Loading pretrained parameter "encoder.encoder.0.W_o.weight".
Loading pretrained parameter "encoder.encoder.0.W_o.bias".
Loading pretrained parameter "ffn.1.weight".
Loading pretrained parameter "ffn.1.bias".
Loading pretrained parameter "ffn.4.weight".
Loading pretrained parameter "ffn.4.bias".
Model 0 test auc = 0.792683
Model 0 test accuracy = 0.971564
Ensemble test auc = 0.792683
Ensemble test accuracy = 0.971564
Fold 2
Splitting data with seed 44
Class sizes
Active 0: 94.86%, 1: 5.14%
Total size = 2,101 | train size = 1,680 | val size = 210 | test size = 211
Building model 0
MoleculeModel(
  (sigmoid): Sigmoid()
  (encoder): MPN(
    (encoder): ModuleList(
      (0): MPNEncoder(
        (dropout_layer): Dropout(p=0.0, inplace=False)
        (act_func): ReLU()
        (W_i): Linear(in_features=147, out_features=300, bias=False)
        (W_h): Linear(in_features=300, out_features=300, bias=False)
        (W_o): Linear(in_features=433, out_features=300, bias=True)
      )
    )
  )
  (ffn): Sequential(
    (0): Dropout(p=0.0, inplace=False)
    (1): Linear(in_features=300, out_features=300, bias=True)
    (2): ReLU()
    (3): Dropout(p=0.0, inplace=False)
    (4): Linear(in_features=300, out_features=1, bias=True)
  )
)
Number of parameters = 355,201
Epoch 0
Loss = 6.9567e-01, PNorm = 34.0127, GNorm = 0.7101, lr_0 = 2.5000e-04
Loss = 6.6308e-01, PNorm = 34.0227, GNorm = 0.7731, lr_0 = 3.8636e-04
Loss = 5.9343e-01, PNorm = 34.0516, GNorm = 0.9259, lr_0 = 5.2273e-04
Validation auc = 0.422567
Validation accuracy = 0.938095
Epoch 1
Loss = 3.6476e-01, PNorm = 34.1366, GNorm = 1.3783, lr_0 = 6.7273e-04
Loss = 2.6351e-01, PNorm = 34.1751, GNorm = 1.3942, lr_0 = 8.0909e-04
Loss = 2.6883e-01, PNorm = 34.1680, GNorm = 0.7084, lr_0 = 9.4545e-04
Validation auc = 0.622659
Validation accuracy = 0.947619
Epoch 2
Loss = 2.9035e-01, PNorm = 34.2084, GNorm = 0.7702, lr_0 = 9.8516e-04
Loss = 2.1177e-01, PNorm = 34.2460, GNorm = 1.0290, lr_0 = 9.6091e-04
Loss = 2.1695e-01, PNorm = 34.2604, GNorm = 0.5440, lr_0 = 9.3726e-04
Loss = 3.0716e-01, PNorm = 34.2715, GNorm = 0.5204, lr_0 = 9.1420e-04
Loss = 2.1290e-01, PNorm = 34.2733, GNorm = 0.5794, lr_0 = 9.1192e-04
Validation auc = 0.568753
Validation accuracy = 0.947619
Epoch 3
Loss = 2.4054e-01, PNorm = 34.3007, GNorm = 0.8730, lr_0 = 8.8948e-04
Loss = 2.2145e-01, PNorm = 34.3239, GNorm = 0.4020, lr_0 = 8.6758e-04
Loss = 2.3609e-01, PNorm = 34.3383, GNorm = 0.4544, lr_0 = 8.4623e-04
Validation auc = 0.633623
Validation accuracy = 0.947619
Epoch 4
Loss = 2.2446e-01, PNorm = 34.3694, GNorm = 0.4059, lr_0 = 8.2540e-04
Loss = 2.2794e-01, PNorm = 34.3961, GNorm = 0.4556, lr_0 = 8.0509e-04
Loss = 2.1745e-01, PNorm = 34.4241, GNorm = 0.5012, lr_0 = 7.8527e-04
Validation auc = 0.537688
Validation accuracy = 0.947619
Epoch 5
Loss = 2.4076e-01, PNorm = 34.4534, GNorm = 0.3812, lr_0 = 7.6595e-04
Loss = 2.1868e-01, PNorm = 34.4888, GNorm = 0.4027, lr_0 = 7.4710e-04
Loss = 2.0795e-01, PNorm = 34.5159, GNorm = 0.7130, lr_0 = 7.2871e-04
Loss = 2.0856e-01, PNorm = 34.5410, GNorm = 0.4265, lr_0 = 7.1077e-04
Validation auc = 0.508451
Validation accuracy = 0.947619
Epoch 6
Loss = 1.7460e-01, PNorm = 34.5859, GNorm = 0.6478, lr_0 = 6.9156e-04
Loss = 2.2447e-01, PNorm = 34.5987, GNorm = 0.4713, lr_0 = 6.7453e-04
Loss = 2.1322e-01, PNorm = 34.6298, GNorm = 0.3262, lr_0 = 6.5793e-04
Validation auc = 0.525811
Validation accuracy = 0.947619
Epoch 7
Loss = 2.1348e-01, PNorm = 34.6571, GNorm = 0.3181, lr_0 = 6.4174e-04
Loss = 2.0237e-01, PNorm = 34.6855, GNorm = 0.3880, lr_0 = 6.2595e-04
Loss = 2.0753e-01, PNorm = 34.7069, GNorm = 0.3649, lr_0 = 6.1054e-04
Validation auc = 0.634079
Validation accuracy = 0.947619
Epoch 8
Loss = 3.1418e-01, PNorm = 34.7272, GNorm = 0.3625, lr_0 = 5.9403e-04
Loss = 1.8179e-01, PNorm = 34.7507, GNorm = 0.4118, lr_0 = 5.7941e-04
Loss = 1.7711e-01, PNorm = 34.7675, GNorm = 0.2912, lr_0 = 5.6515e-04
Loss = 1.8444e-01, PNorm = 34.7864, GNorm = 0.3113, lr_0 = 5.5124e-04
Validation auc = 0.625400
Validation accuracy = 0.947619
Epoch 9
Loss = 1.5504e-01, PNorm = 34.8104, GNorm = 0.2704, lr_0 = 5.3767e-04
Loss = 2.4826e-01, PNorm = 34.8225, GNorm = 0.3296, lr_0 = 5.2444e-04
Loss = 1.7975e-01, PNorm = 34.8471, GNorm = 0.2190, lr_0 = 5.1153e-04
Validation auc = 0.540429
Validation accuracy = 0.947619
Epoch 10
Loss = 2.6469e-01, PNorm = 34.8625, GNorm = 0.2815, lr_0 = 4.9894e-04
Loss = 1.6875e-01, PNorm = 34.8800, GNorm = 0.4739, lr_0 = 4.8666e-04
Loss = 1.7132e-01, PNorm = 34.9012, GNorm = 0.5475, lr_0 = 4.7469e-04
Validation auc = 0.532663
Validation accuracy = 0.947619
Epoch 11
Loss = 1.3633e-01, PNorm = 34.9116, GNorm = 0.3357, lr_0 = 4.6185e-04
Loss = 1.6749e-01, PNorm = 34.9335, GNorm = 0.2198, lr_0 = 4.5048e-04
Loss = 1.7987e-01, PNorm = 34.9514, GNorm = 0.2490, lr_0 = 4.3940e-04
Loss = 2.2283e-01, PNorm = 34.9603, GNorm = 0.3123, lr_0 = 4.2858e-04
Validation auc = 0.580174
Validation accuracy = 0.947619
Epoch 12
Loss = 1.7272e-01, PNorm = 34.9788, GNorm = 0.3888, lr_0 = 4.1803e-04
Loss = 1.6053e-01, PNorm = 34.9970, GNorm = 0.2834, lr_0 = 4.0775e-04
Loss = 2.2543e-01, PNorm = 35.0074, GNorm = 0.6026, lr_0 = 3.9771e-04
Validation auc = 0.531293
Validation accuracy = 0.947619
Epoch 13
Loss = 1.7955e-01, PNorm = 35.0350, GNorm = 0.5603, lr_0 = 3.8696e-04
Loss = 1.5519e-01, PNorm = 35.0511, GNorm = 0.2487, lr_0 = 3.7743e-04
Loss = 2.3015e-01, PNorm = 35.0631, GNorm = 0.3879, lr_0 = 3.6814e-04
Loss = 1.7541e-01, PNorm = 35.0766, GNorm = 1.4493, lr_0 = 3.5908e-04
Validation auc = 0.594335
Validation accuracy = 0.947619
Epoch 14
Loss = 1.7921e-01, PNorm = 35.0797, GNorm = 0.3380, lr_0 = 3.5025e-04
Loss = 1.7413e-01, PNorm = 35.0903, GNorm = 0.4663, lr_0 = 3.4163e-04
Loss = 1.8742e-01, PNorm = 35.1045, GNorm = 0.3106, lr_0 = 3.3322e-04
Validation auc = 0.525811
Validation accuracy = 0.947619
Epoch 15
Loss = 1.6998e-01, PNorm = 35.1203, GNorm = 0.4300, lr_0 = 3.2502e-04
Loss = 1.3473e-01, PNorm = 35.1366, GNorm = 0.5633, lr_0 = 3.1702e-04
Loss = 2.1235e-01, PNorm = 35.1360, GNorm = 0.3898, lr_0 = 3.0921e-04
Validation auc = 0.602558
Validation accuracy = 0.947619
Epoch 16
Loss = 2.2347e-01, PNorm = 35.1511, GNorm = 0.3208, lr_0 = 3.0085e-04
Loss = 1.5287e-01, PNorm = 35.1727, GNorm = 0.2241, lr_0 = 2.9345e-04
Loss = 2.0585e-01, PNorm = 35.1795, GNorm = 0.3055, lr_0 = 2.8623e-04
Loss = 1.8692e-01, PNorm = 35.1887, GNorm = 0.5495, lr_0 = 2.7918e-04
Validation auc = 0.502513
Validation accuracy = 0.947619
Epoch 17
Loss = 1.8921e-01, PNorm = 35.2070, GNorm = 0.2724, lr_0 = 2.7231e-04
Loss = 1.7599e-01, PNorm = 35.2199, GNorm = 0.4030, lr_0 = 2.6561e-04
Loss = 1.5273e-01, PNorm = 35.2295, GNorm = 0.1838, lr_0 = 2.5907e-04
Validation auc = 0.512106
Validation accuracy = 0.947619
Epoch 18
Loss = 1.7888e-01, PNorm = 35.2382, GNorm = 0.3370, lr_0 = 2.5207e-04
Loss = 1.6758e-01, PNorm = 35.2518, GNorm = 0.1903, lr_0 = 2.4586e-04
Loss = 1.7700e-01, PNorm = 35.2626, GNorm = 0.4817, lr_0 = 2.3981e-04
Validation auc = 0.588397
Validation accuracy = 0.947619
Epoch 19
Loss = 8.6201e-02, PNorm = 35.2701, GNorm = 0.2717, lr_0 = 2.3391e-04
Loss = 1.9119e-01, PNorm = 35.2819, GNorm = 0.5711, lr_0 = 2.2815e-04
Loss = 1.8916e-01, PNorm = 35.2907, GNorm = 0.2261, lr_0 = 2.2254e-04
Loss = 1.7123e-01, PNorm = 35.3005, GNorm = 0.3769, lr_0 = 2.1706e-04
Validation auc = 0.558703
Validation accuracy = 0.947619
Epoch 20
Loss = 1.7932e-01, PNorm = 35.3111, GNorm = 0.4280, lr_0 = 2.1172e-04
Loss = 1.7116e-01, PNorm = 35.3184, GNorm = 0.3651, lr_0 = 2.0651e-04
Loss = 1.5987e-01, PNorm = 35.3268, GNorm = 0.1961, lr_0 = 2.0142e-04
Validation auc = 0.516674
Validation accuracy = 0.947619
Epoch 21
Loss = 1.9430e-01, PNorm = 35.3327, GNorm = 0.4898, lr_0 = 1.9598e-04
Loss = 1.7239e-01, PNorm = 35.3411, GNorm = 0.2414, lr_0 = 1.9115e-04
Loss = 1.9170e-01, PNorm = 35.3517, GNorm = 0.2606, lr_0 = 1.8645e-04
Validation auc = 0.626770
Validation accuracy = 0.947619
Epoch 22
Loss = 2.4554e-01, PNorm = 35.3611, GNorm = 0.3961, lr_0 = 1.8186e-04
Loss = 1.6875e-01, PNorm = 35.3660, GNorm = 0.3829, lr_0 = 1.7739e-04
Loss = 1.3821e-01, PNorm = 35.3762, GNorm = 0.6338, lr_0 = 1.7302e-04
Loss = 2.1800e-01, PNorm = 35.3810, GNorm = 0.4382, lr_0 = 1.6876e-04
Validation auc = 0.631795
Validation accuracy = 0.947619
Epoch 23
Loss = 1.6866e-01, PNorm = 35.3894, GNorm = 0.4256, lr_0 = 1.6420e-04
Loss = 1.6838e-01, PNorm = 35.3995, GNorm = 0.4595, lr_0 = 1.6016e-04
Loss = 2.0465e-01, PNorm = 35.4041, GNorm = 0.2425, lr_0 = 1.5622e-04
Validation auc = 0.549566
Validation accuracy = 0.947619
Epoch 24
Loss = 2.1145e-01, PNorm = 35.4116, GNorm = 1.0063, lr_0 = 1.5237e-04
Loss = 1.7142e-01, PNorm = 35.4164, GNorm = 0.4798, lr_0 = 1.4862e-04
Loss = 1.7021e-01, PNorm = 35.4228, GNorm = 0.2747, lr_0 = 1.4496e-04
Loss = 1.5707e-01, PNorm = 35.4311, GNorm = 0.8359, lr_0 = 1.4139e-04
Validation auc = 0.561444
Validation accuracy = 0.947619
Epoch 25
Loss = 1.6439e-01, PNorm = 35.4361, GNorm = 0.3821, lr_0 = 1.3791e-04
Loss = 1.8334e-01, PNorm = 35.4425, GNorm = 0.3114, lr_0 = 1.3452e-04
Loss = 1.6630e-01, PNorm = 35.4472, GNorm = 0.5240, lr_0 = 1.3121e-04
Validation auc = 0.575148
Validation accuracy = 0.947619
Epoch 26
Loss = 1.4443e-01, PNorm = 35.4541, GNorm = 0.2400, lr_0 = 1.2766e-04
Loss = 1.8221e-01, PNorm = 35.4579, GNorm = 0.3326, lr_0 = 1.2452e-04
Loss = 1.7122e-01, PNorm = 35.4644, GNorm = 0.2219, lr_0 = 1.2146e-04
Validation auc = 0.552307
Validation accuracy = 0.947619
Epoch 27
Loss = 1.1000e-01, PNorm = 35.4700, GNorm = 0.3315, lr_0 = 1.1847e-04
Loss = 2.0192e-01, PNorm = 35.4741, GNorm = 0.3878, lr_0 = 1.1555e-04
Loss = 1.5907e-01, PNorm = 35.4811, GNorm = 0.2676, lr_0 = 1.1271e-04
Loss = 1.5170e-01, PNorm = 35.4884, GNorm = 0.3810, lr_0 = 1.0993e-04
Loss = 2.7856e-01, PNorm = 35.4889, GNorm = 0.7676, lr_0 = 1.0966e-04
Validation auc = 0.587026
Validation accuracy = 0.947619
Epoch 28
Loss = 1.8516e-01, PNorm = 35.4928, GNorm = 0.9287, lr_0 = 1.0696e-04
Loss = 1.5412e-01, PNorm = 35.4939, GNorm = 0.2476, lr_0 = 1.0433e-04
Loss = 1.8740e-01, PNorm = 35.4987, GNorm = 0.2325, lr_0 = 1.0176e-04
Validation auc = 0.615806
Validation accuracy = 0.947619
Epoch 29
Loss = 1.1286e-01, PNorm = 35.5070, GNorm = 0.1975, lr_0 = 1.0000e-04
Loss = 1.5919e-01, PNorm = 35.5118, GNorm = 0.6603, lr_0 = 1.0000e-04
Loss = 2.0447e-01, PNorm = 35.5110, GNorm = 0.3992, lr_0 = 1.0000e-04
Validation auc = 0.577889
Validation accuracy = 0.947619
Model 0 best validation auc = 0.634079 on epoch 7
Loading pretrained parameter "encoder.encoder.0.cached_zero_vector".
Loading pretrained parameter "encoder.encoder.0.W_i.weight".
Loading pretrained parameter "encoder.encoder.0.W_h.weight".
Loading pretrained parameter "encoder.encoder.0.W_o.weight".
Loading pretrained parameter "encoder.encoder.0.W_o.bias".
Loading pretrained parameter "ffn.1.weight".
Loading pretrained parameter "ffn.1.bias".
Loading pretrained parameter "ffn.4.weight".
Loading pretrained parameter "ffn.4.bias".
Model 0 test auc = 0.795122
Model 0 test accuracy = 0.971564
Ensemble test auc = 0.795122
Ensemble test accuracy = 0.971564
3-fold cross validation
	Seed 42 ==> test auc = 0.911946
	Seed 42 ==> test accuracy = 0.962085
	Seed 43 ==> test auc = 0.792683
	Seed 43 ==> test accuracy = 0.971564
	Seed 44 ==> test auc = 0.795122
	Seed 44 ==> test accuracy = 0.971564
Overall test auc = 0.833250 +/- 0.055655
Overall test accuracy = 0.968404 +/- 0.004468
Elapsed time = 0:26:01
