Fold 0
Model 0 best validation auc = 0.867009 on epoch 19
Model 0 test auc = 0.894089
Model 0 test accuracy = 0.962085
Ensemble test auc = 0.894089
Ensemble test accuracy = 0.962085
Fold 1
Model 0 best validation auc = 0.822001 on epoch 17
Model 0 test auc = 0.732520
Model 0 test accuracy = 0.971564
Ensemble test auc = 0.732520
Ensemble test accuracy = 0.971564
Fold 2
Model 0 best validation auc = 0.689813 on epoch 3
Model 0 test auc = 0.430894
Model 0 test accuracy = 0.971564
Ensemble test auc = 0.430894
Ensemble test accuracy = 0.971564
3-fold cross validation
	Seed 42 ==> test auc = 0.894089
	Seed 42 ==> test accuracy = 0.962085
	Seed 43 ==> test auc = 0.732520
	Seed 43 ==> test accuracy = 0.971564
	Seed 44 ==> test auc = 0.430894
	Seed 44 ==> test accuracy = 0.971564
Overall test auc = 0.685834 +/- 0.191958
Overall test accuracy = 0.968404 +/- 0.004468
Elapsed time = 0:17:18
