Command line
python /Users/anastasiakuznecova/PycharmProjects/chemprop-master/Testing Chemprop for project.py
Args
{'activation': 'ReLU',
 'adding_h': False,
 'aggregation': 'multihead_attention',
 'aggregation_norm': 100,
 'atom_descriptor_scaling': True,
 'atom_descriptors': None,
 'atom_descriptors_path': None,
 'atom_descriptors_size': 0,
 'atom_features_size': 0,
 'atom_messages': False,
 'batch_size': 50,
 'bias': False,
 'bias_solvent': False,
 'bond_feature_scaling': True,
 'bond_features_path': None,
 'bond_features_size': 0,
 'cache_cutoff': 10000,
 'checkpoint_dir': None,
 'checkpoint_frzn': None,
 'checkpoint_path': None,
 'checkpoint_paths': None,
 'class_balance': False,
 'config_path': None,
 'crossval_index_dir': None,
 'crossval_index_file': None,
 'crossval_index_sets': None,
 'cuda': False,
 'data_path': 'tests/data/Halicin_train.csv',
 'data_weights_path': None,
 'dataset_type': 'classification',
 'depth': 3,
 'depth_solvent': 3,
 'device': device(type='cpu'),
 'dropout': 0.0,
 'empty_cache': False,
 'ensemble_size': 1,
 'epochs': 30,
 'evidential_regularization': 0,
 'explicit_h': False,
 'extra_metrics': ['accuracy'],
 'features_generator': None,
 'features_only': False,
 'features_path': None,
 'features_scaling': True,
 'features_size': None,
 'ffn_hidden_size': 300,
 'ffn_num_layers': 2,
 'final_lr': 0.0001,
 'folds_file': None,
 'freeze_first_only': False,
 'frzn_ffn_layers': 0,
 'gpu': None,
 'grad_clip': None,
 'hidden_size': 300,
 'hidden_size_solvent': 300,
 'ignore_columns': None,
 'init_lr': 0.0001,
 'log_frequency': 10,
 'loss_function': 'binary_cross_entropy',
 'max_data_size': None,
 'max_lr': 0.001,
 'metric': 'auc',
 'metrics': ['auc', 'accuracy'],
 'minimize_score': False,
 'mpn_shared': False,
 'multiclass_num_classes': 3,
 'no_atom_descriptor_scaling': False,
 'no_bond_features_scaling': False,
 'no_cache_mol': False,
 'no_cuda': False,
 'no_features_scaling': False,
 'num_folds': 3,
 'num_lrs': 1,
 'num_tasks': 1,
 'num_workers': 8,
 'number_of_molecules': 1,
 'overwrite_default_atom_features': False,
 'overwrite_default_bond_features': False,
 'phase_features_path': None,
 'pytorch_seed': 0,
 'quiet': False,
 'reaction': False,
 'reaction_mode': 'reac_diff',
 'reaction_solvent': False,
 'resume_experiment': False,
 'save_dir': 'classification_checkpoints/multihead_attention/exp1/',
 'save_preds': False,
 'save_smiles_splits': False,
 'seed': 42,
 'separate_test_atom_descriptors_path': None,
 'separate_test_bond_features_path': None,
 'separate_test_features_path': None,
 'separate_test_path': None,
 'separate_test_phase_features_path': None,
 'separate_val_atom_descriptors_path': None,
 'separate_val_bond_features_path': None,
 'separate_val_features_path': None,
 'separate_val_path': None,
 'separate_val_phase_features_path': None,
 'show_individual_scores': False,
 'smiles_columns': ['Smiles'],
 'spectra_activation': 'exp',
 'spectra_phase_mask_path': None,
 'spectra_target_floor': 1e-08,
 'split_key_molecule': 0,
 'split_sizes': [0.8, 0.1, 0.1],
 'split_type': 'random',
 'target_columns': None,
 'target_weights': None,
 'task_names': ['Active'],
 'test': False,
 'test_fold_index': None,
 'train_data_size': None,
 'undirected': False,
 'use_input_features': False,
 'val_fold_index': None,
 'warmup_epochs': 2.0}
Could not write the reproducibility section of the arguments to file, thus omitting this section.
Setting molecule featurization parameters to default.
Loading data
Number of tasks = 1
Fold 0
Splitting data with seed 42
Class sizes
Active 0: 94.86%, 1: 5.14%
Total size = 2,101 | train size = 1,680 | val size = 210 | test size = 211
Building model 0
MoleculeModel(
  (sigmoid): Sigmoid()
  (encoder): MPN(
    (encoder): ModuleList(
      (0): MPNEncoder(
        (dropout_layer): Dropout(p=0.0, inplace=False)
        (act_func): ReLU()
        (W_i): Linear(in_features=147, out_features=300, bias=False)
        (W_h): Linear(in_features=300, out_features=300, bias=False)
        (W_o): Linear(in_features=433, out_features=300, bias=True)
      )
    )
  )
  (ffn): Sequential(
    (0): Dropout(p=0.0, inplace=False)
    (1): Linear(in_features=300, out_features=300, bias=True)
    (2): ReLU()
    (3): Dropout(p=0.0, inplace=False)
    (4): Linear(in_features=300, out_features=1, bias=True)
  )
)
Number of parameters = 355,201
Epoch 0
Loss = 6.9569e-01, PNorm = 34.0130, GNorm = 0.6642, lr_0 = 2.5000e-04
Loss = 6.6794e-01, PNorm = 34.0228, GNorm = 0.6263, lr_0 = 3.8636e-04
Loss = 6.2077e-01, PNorm = 34.0537, GNorm = 0.7846, lr_0 = 5.2273e-04
Validation auc = 0.482393
Validation accuracy = 0.923810
Epoch 1
Loss = 3.7693e-01, PNorm = 34.1545, GNorm = 0.8388, lr_0 = 6.7273e-04
Loss = 3.2964e-01, PNorm = 34.2083, GNorm = 2.4318, lr_0 = 8.0909e-04
Loss = 2.6661e-01, PNorm = 34.1896, GNorm = 0.7106, lr_0 = 9.4545e-04
Validation auc = 0.423248
Validation accuracy = 0.928571
Epoch 2
Loss = 3.0952e-01, PNorm = 34.2438, GNorm = 0.9044, lr_0 = 9.8516e-04
Loss = 2.3849e-01, PNorm = 34.2697, GNorm = 0.6977, lr_0 = 9.6091e-04
Loss = 2.1447e-01, PNorm = 34.2895, GNorm = 0.9291, lr_0 = 9.3726e-04
Loss = 2.1895e-01, PNorm = 34.2957, GNorm = 0.5399, lr_0 = 9.1420e-04
Loss = 2.0138e-01, PNorm = 34.2990, GNorm = 0.6323, lr_0 = 9.1192e-04
Validation auc = 0.486496
Validation accuracy = 0.928571
Epoch 3
Loss = 2.4065e-01, PNorm = 34.3271, GNorm = 0.8055, lr_0 = 8.8948e-04
Loss = 2.4617e-01, PNorm = 34.3366, GNorm = 0.4787, lr_0 = 8.6758e-04
Loss = 1.8411e-01, PNorm = 34.3738, GNorm = 0.3095, lr_0 = 8.4623e-04
Validation auc = 0.485812
Validation accuracy = 0.928571
Epoch 4
Loss = 2.5357e-01, PNorm = 34.3842, GNorm = 0.4883, lr_0 = 8.2540e-04
Loss = 2.2067e-01, PNorm = 34.3966, GNorm = 0.3986, lr_0 = 8.0509e-04
Loss = 1.8772e-01, PNorm = 34.4309, GNorm = 0.6134, lr_0 = 7.8527e-04
Validation auc = 0.513504
Validation accuracy = 0.928571
Epoch 5
Loss = 2.0031e-01, PNorm = 34.4398, GNorm = 0.4945, lr_0 = 7.6595e-04
Loss = 2.1245e-01, PNorm = 34.4575, GNorm = 0.4561, lr_0 = 7.4710e-04
Loss = 2.1885e-01, PNorm = 34.4885, GNorm = 0.3390, lr_0 = 7.2871e-04
Loss = 2.2043e-01, PNorm = 34.5053, GNorm = 0.3324, lr_0 = 7.1077e-04
Validation auc = 0.500171
Validation accuracy = 0.928571
Epoch 6
Loss = 2.1739e-01, PNorm = 34.5296, GNorm = 0.3912, lr_0 = 6.9156e-04
Loss = 1.8028e-01, PNorm = 34.5585, GNorm = 0.2839, lr_0 = 6.7453e-04
Loss = 2.3859e-01, PNorm = 34.5780, GNorm = 0.4034, lr_0 = 6.5793e-04
Validation auc = 0.501538
Validation accuracy = 0.928571
Epoch 7
Loss = 1.8686e-01, PNorm = 34.6159, GNorm = 0.3857, lr_0 = 6.4174e-04
Loss = 1.7222e-01, PNorm = 34.6523, GNorm = 0.4123, lr_0 = 6.2595e-04
Loss = 2.1995e-01, PNorm = 34.6602, GNorm = 0.3009, lr_0 = 6.1054e-04
Validation auc = 0.619487
Validation accuracy = 0.928571
Epoch 8
Loss = 1.8197e-01, PNorm = 34.6859, GNorm = 0.3319, lr_0 = 5.9403e-04
Loss = 1.7209e-01, PNorm = 34.7160, GNorm = 0.4080, lr_0 = 5.7941e-04
Loss = 2.0965e-01, PNorm = 34.7275, GNorm = 0.4189, lr_0 = 5.6515e-04
Loss = 2.0100e-01, PNorm = 34.7610, GNorm = 0.3720, lr_0 = 5.5124e-04
Validation auc = 0.718974
Validation accuracy = 0.928571
Epoch 9
Loss = 1.8752e-01, PNorm = 34.7785, GNorm = 0.3060, lr_0 = 5.3767e-04
Loss = 2.3273e-01, PNorm = 34.8015, GNorm = 0.6160, lr_0 = 5.2444e-04
Loss = 1.6680e-01, PNorm = 34.8359, GNorm = 0.3873, lr_0 = 5.1153e-04
Validation auc = 0.722393
Validation accuracy = 0.928571
Epoch 10
Loss = 1.4950e-01, PNorm = 34.8523, GNorm = 0.3016, lr_0 = 4.9894e-04
Loss = 2.1182e-01, PNorm = 34.8687, GNorm = 0.4359, lr_0 = 4.8666e-04
Loss = 2.0191e-01, PNorm = 34.8873, GNorm = 0.2805, lr_0 = 4.7469e-04
Validation auc = 0.698803
Validation accuracy = 0.928571
Epoch 11
Loss = 4.7725e-01, PNorm = 34.9136, GNorm = 1.1818, lr_0 = 4.6185e-04
Loss = 1.9118e-01, PNorm = 34.9242, GNorm = 0.3427, lr_0 = 4.5048e-04
Loss = 1.6520e-01, PNorm = 34.9530, GNorm = 0.2637, lr_0 = 4.3940e-04
Loss = 1.8842e-01, PNorm = 34.9631, GNorm = 0.6940, lr_0 = 4.2858e-04
Validation auc = 0.782906
Validation accuracy = 0.928571
Epoch 12
Loss = 2.1023e-01, PNorm = 34.9739, GNorm = 0.5160, lr_0 = 4.1803e-04
Loss = 1.9269e-01, PNorm = 35.0073, GNorm = 0.5852, lr_0 = 4.0775e-04
Loss = 1.8150e-01, PNorm = 35.0228, GNorm = 0.2387, lr_0 = 3.9771e-04
Validation auc = 0.810256
Validation accuracy = 0.928571
Epoch 13
Loss = 1.2999e-01, PNorm = 35.0474, GNorm = 0.3964, lr_0 = 3.8696e-04
Loss = 2.2879e-01, PNorm = 35.0643, GNorm = 0.5267, lr_0 = 3.7743e-04
Loss = 1.7337e-01, PNorm = 35.0830, GNorm = 0.4918, lr_0 = 3.6814e-04
Loss = 1.7352e-01, PNorm = 35.1093, GNorm = 0.2823, lr_0 = 3.5908e-04
Validation auc = 0.738803
Validation accuracy = 0.928571
Epoch 14
Loss = 2.1309e-01, PNorm = 35.1150, GNorm = 0.3631, lr_0 = 3.5025e-04
Loss = 2.1473e-01, PNorm = 35.1257, GNorm = 0.3136, lr_0 = 3.4163e-04
Loss = 1.3313e-01, PNorm = 35.1577, GNorm = 0.3122, lr_0 = 3.3322e-04
Validation auc = 0.804444
Validation accuracy = 0.928571
Epoch 15
Loss = 1.9823e-01, PNorm = 35.1634, GNorm = 0.2027, lr_0 = 3.2502e-04
Loss = 2.1710e-01, PNorm = 35.1647, GNorm = 0.3608, lr_0 = 3.1702e-04
Loss = 1.6271e-01, PNorm = 35.1841, GNorm = 0.2519, lr_0 = 3.0921e-04
Validation auc = 0.789744
Validation accuracy = 0.928571
Epoch 16
Loss = 1.6488e-01, PNorm = 35.2081, GNorm = 0.2755, lr_0 = 3.0085e-04
Loss = 2.1511e-01, PNorm = 35.2158, GNorm = 1.0517, lr_0 = 2.9345e-04
Loss = 1.6683e-01, PNorm = 35.2265, GNorm = 0.2937, lr_0 = 2.8623e-04
Loss = 1.8519e-01, PNorm = 35.2492, GNorm = 0.3655, lr_0 = 2.7918e-04
Validation auc = 0.805812
Validation accuracy = 0.928571
Epoch 17
Loss = 1.3665e-01, PNorm = 35.2720, GNorm = 0.1875, lr_0 = 2.7231e-04
Loss = 2.0789e-01, PNorm = 35.2708, GNorm = 0.3301, lr_0 = 2.6561e-04
Loss = 1.8870e-01, PNorm = 35.2832, GNorm = 0.2793, lr_0 = 2.5907e-04
Validation auc = 0.788034
Validation accuracy = 0.928571
Epoch 18
Loss = 1.6692e-01, PNorm = 35.3028, GNorm = 0.3572, lr_0 = 2.5207e-04
Loss = 1.7838e-01, PNorm = 35.3169, GNorm = 0.3286, lr_0 = 2.4586e-04
Loss = 2.0928e-01, PNorm = 35.3234, GNorm = 0.3669, lr_0 = 2.3981e-04
Validation auc = 0.791795
Validation accuracy = 0.928571
Epoch 19
Loss = 1.7221e-01, PNorm = 35.3445, GNorm = 0.2023, lr_0 = 2.3391e-04
Loss = 2.0454e-01, PNorm = 35.3608, GNorm = 0.3057, lr_0 = 2.2815e-04
Loss = 1.5549e-01, PNorm = 35.3767, GNorm = 0.3312, lr_0 = 2.2254e-04
Loss = 1.8141e-01, PNorm = 35.3882, GNorm = 0.2248, lr_0 = 2.1706e-04
Validation auc = 0.867009
Validation accuracy = 0.928571
Epoch 20
Loss = 1.8392e-01, PNorm = 35.3927, GNorm = 0.2934, lr_0 = 2.1172e-04
Loss = 1.9172e-01, PNorm = 35.4061, GNorm = 0.5723, lr_0 = 2.0651e-04
Loss = 1.6738e-01, PNorm = 35.4219, GNorm = 0.5544, lr_0 = 2.0142e-04
Validation auc = 0.823932
Validation accuracy = 0.928571
Epoch 21
Loss = 2.1567e-01, PNorm = 35.4368, GNorm = 0.2301, lr_0 = 1.9598e-04
Loss = 2.0024e-01, PNorm = 35.4497, GNorm = 0.4483, lr_0 = 1.9115e-04
Loss = 1.6877e-01, PNorm = 35.4663, GNorm = 0.2360, lr_0 = 1.8645e-04
Validation auc = 0.827009
Validation accuracy = 0.928571
Epoch 22
Loss = 1.1526e-01, PNorm = 35.4792, GNorm = 0.1930, lr_0 = 1.8186e-04
Loss = 1.4355e-01, PNorm = 35.4860, GNorm = 0.1889, lr_0 = 1.7739e-04
Loss = 1.6137e-01, PNorm = 35.4929, GNorm = 0.3462, lr_0 = 1.7302e-04
Loss = 2.0662e-01, PNorm = 35.4985, GNorm = 0.3891, lr_0 = 1.6876e-04
Validation auc = 0.829060
Validation accuracy = 0.928571
Epoch 23
Loss = 1.2449e-01, PNorm = 35.5151, GNorm = 0.3859, lr_0 = 1.6420e-04
Loss = 1.9576e-01, PNorm = 35.5306, GNorm = 0.1991, lr_0 = 1.6016e-04
Loss = 1.8752e-01, PNorm = 35.5366, GNorm = 0.4031, lr_0 = 1.5622e-04
Validation auc = 0.830427
Validation accuracy = 0.928571
Epoch 24
Loss = 1.5649e-01, PNorm = 35.5433, GNorm = 0.2924, lr_0 = 1.5237e-04
Loss = 1.6209e-01, PNorm = 35.5552, GNorm = 0.3213, lr_0 = 1.4862e-04
Loss = 1.5117e-01, PNorm = 35.5675, GNorm = 0.2461, lr_0 = 1.4496e-04
Loss = 2.3385e-01, PNorm = 35.5704, GNorm = 0.6715, lr_0 = 1.4139e-04
Validation auc = 0.800342
Validation accuracy = 0.928571
Epoch 25
Loss = 1.8574e-01, PNorm = 35.5795, GNorm = 0.3671, lr_0 = 1.3791e-04
Loss = 1.5463e-01, PNorm = 35.5957, GNorm = 0.2632, lr_0 = 1.3452e-04
Loss = 1.9300e-01, PNorm = 35.6015, GNorm = 0.2822, lr_0 = 1.3121e-04
Validation auc = 0.809915
Validation accuracy = 0.928571
Epoch 26
Loss = 2.3417e-01, PNorm = 35.6052, GNorm = 0.4529, lr_0 = 1.2766e-04
Loss = 1.6319e-01, PNorm = 35.6136, GNorm = 0.4856, lr_0 = 1.2452e-04
Loss = 1.6583e-01, PNorm = 35.6273, GNorm = 0.3411, lr_0 = 1.2146e-04
Validation auc = 0.778120
Validation accuracy = 0.928571
Epoch 27
Loss = 1.4816e-01, PNorm = 35.6367, GNorm = 0.3602, lr_0 = 1.1847e-04
Loss = 1.7656e-01, PNorm = 35.6415, GNorm = 0.8999, lr_0 = 1.1555e-04
Loss = 1.5910e-01, PNorm = 35.6443, GNorm = 0.2111, lr_0 = 1.1271e-04
Loss = 1.9314e-01, PNorm = 35.6489, GNorm = 0.3915, lr_0 = 1.0993e-04
Loss = 9.8238e-02, PNorm = 35.6493, GNorm = 0.4008, lr_0 = 1.0966e-04
Validation auc = 0.852991
Validation accuracy = 0.928571
Epoch 28
Loss = 1.7566e-01, PNorm = 35.6564, GNorm = 0.3708, lr_0 = 1.0696e-04
Loss = 1.7651e-01, PNorm = 35.6637, GNorm = 0.5811, lr_0 = 1.0433e-04
Loss = 1.5858e-01, PNorm = 35.6742, GNorm = 0.3289, lr_0 = 1.0176e-04
Validation auc = 0.812650
Validation accuracy = 0.928571
Epoch 29
Loss = 2.6608e-01, PNorm = 35.6770, GNorm = 0.4637, lr_0 = 1.0000e-04
Loss = 1.4887e-01, PNorm = 35.6828, GNorm = 0.2544, lr_0 = 1.0000e-04
Loss = 1.5330e-01, PNorm = 35.6915, GNorm = 0.3092, lr_0 = 1.0000e-04
Validation auc = 0.822222
Validation accuracy = 0.928571
Model 0 best validation auc = 0.867009 on epoch 19
Loading pretrained parameter "encoder.encoder.0.cached_zero_vector".
Loading pretrained parameter "encoder.encoder.0.W_i.weight".
Loading pretrained parameter "encoder.encoder.0.W_h.weight".
Loading pretrained parameter "encoder.encoder.0.W_o.weight".
Loading pretrained parameter "encoder.encoder.0.W_o.bias".
Loading pretrained parameter "ffn.1.weight".
Loading pretrained parameter "ffn.1.bias".
Loading pretrained parameter "ffn.4.weight".
Loading pretrained parameter "ffn.4.bias".
Model 0 test auc = 0.894089
Model 0 test accuracy = 0.962085
Ensemble test auc = 0.894089
Ensemble test accuracy = 0.962085
Fold 1
Splitting data with seed 43
Class sizes
Active 0: 94.86%, 1: 5.14%
Total size = 2,101 | train size = 1,680 | val size = 210 | test size = 211
Building model 0
MoleculeModel(
  (sigmoid): Sigmoid()
  (encoder): MPN(
    (encoder): ModuleList(
      (0): MPNEncoder(
        (dropout_layer): Dropout(p=0.0, inplace=False)
        (act_func): ReLU()
        (W_i): Linear(in_features=147, out_features=300, bias=False)
        (W_h): Linear(in_features=300, out_features=300, bias=False)
        (W_o): Linear(in_features=433, out_features=300, bias=True)
      )
    )
  )
  (ffn): Sequential(
    (0): Dropout(p=0.0, inplace=False)
    (1): Linear(in_features=300, out_features=300, bias=True)
    (2): ReLU()
    (3): Dropout(p=0.0, inplace=False)
    (4): Linear(in_features=300, out_features=1, bias=True)
  )
)
Number of parameters = 355,201
Epoch 0
Loss = 6.9260e-01, PNorm = 34.0136, GNorm = 0.6629, lr_0 = 2.5000e-04
Loss = 6.6748e-01, PNorm = 34.0246, GNorm = 0.6841, lr_0 = 3.8636e-04
Loss = 6.1008e-01, PNorm = 34.0578, GNorm = 0.7906, lr_0 = 5.2273e-04
Validation auc = 0.650636
Validation accuracy = 0.952381
Epoch 1
Loss = 3.7112e-01, PNorm = 34.1585, GNorm = 0.8169, lr_0 = 6.7273e-04
Loss = 2.8988e-01, PNorm = 34.2042, GNorm = 1.9120, lr_0 = 8.0909e-04
Loss = 2.7056e-01, PNorm = 34.1911, GNorm = 0.7050, lr_0 = 9.4545e-04
Validation auc = 0.542289
Validation accuracy = 0.957143
Epoch 2
Loss = 2.3531e-01, PNorm = 34.2280, GNorm = 0.6055, lr_0 = 9.8516e-04
Loss = 2.2329e-01, PNorm = 34.2721, GNorm = 0.7341, lr_0 = 9.6091e-04
Loss = 2.7396e-01, PNorm = 34.2733, GNorm = 0.5184, lr_0 = 9.3726e-04
Loss = 2.6315e-01, PNorm = 34.3024, GNorm = 0.4659, lr_0 = 9.1420e-04
Loss = 2.4704e-01, PNorm = 34.3069, GNorm = 0.6101, lr_0 = 9.1192e-04
Validation auc = 0.567717
Validation accuracy = 0.957143
Epoch 3
Loss = 2.1770e-01, PNorm = 34.3417, GNorm = 0.3443, lr_0 = 8.8948e-04
Loss = 2.5930e-01, PNorm = 34.3466, GNorm = 0.4290, lr_0 = 8.6758e-04
Loss = 2.3299e-01, PNorm = 34.3844, GNorm = 0.5023, lr_0 = 8.4623e-04
Validation auc = 0.457711
Validation accuracy = 0.957143
Epoch 4
Loss = 2.2092e-01, PNorm = 34.4109, GNorm = 0.4309, lr_0 = 8.2540e-04
Loss = 2.1912e-01, PNorm = 34.4515, GNorm = 0.4250, lr_0 = 8.0509e-04
Loss = 2.6234e-01, PNorm = 34.4728, GNorm = 0.4933, lr_0 = 7.8527e-04
Validation auc = 0.615810
Validation accuracy = 0.957143
Epoch 5
Loss = 2.7995e-01, PNorm = 34.4952, GNorm = 0.3952, lr_0 = 7.6595e-04
Loss = 1.6282e-01, PNorm = 34.5498, GNorm = 0.2778, lr_0 = 7.4710e-04
Loss = 2.2851e-01, PNorm = 34.5608, GNorm = 0.5444, lr_0 = 7.2871e-04
Loss = 2.3702e-01, PNorm = 34.5728, GNorm = 0.3577, lr_0 = 7.1077e-04
Validation auc = 0.648977
Validation accuracy = 0.957143
Epoch 6
Loss = 2.1059e-01, PNorm = 34.6178, GNorm = 0.5132, lr_0 = 6.9156e-04
Loss = 1.7950e-01, PNorm = 34.6513, GNorm = 0.3460, lr_0 = 6.7453e-04
Loss = 2.2860e-01, PNorm = 34.6720, GNorm = 0.3757, lr_0 = 6.5793e-04
Validation auc = 0.660586
Validation accuracy = 0.957143
Epoch 7
Loss = 1.9742e-01, PNorm = 34.7065, GNorm = 0.4468, lr_0 = 6.4174e-04
Loss = 2.2308e-01, PNorm = 34.7313, GNorm = 0.4136, lr_0 = 6.2595e-04
Loss = 1.9631e-01, PNorm = 34.7630, GNorm = 0.5465, lr_0 = 6.1054e-04
Validation auc = 0.734107
Validation accuracy = 0.957143
Epoch 8
Loss = 1.8190e-01, PNorm = 34.7947, GNorm = 0.3474, lr_0 = 5.9403e-04
Loss = 1.9957e-01, PNorm = 34.8333, GNorm = 0.6457, lr_0 = 5.7941e-04
Loss = 1.8393e-01, PNorm = 34.8550, GNorm = 0.3588, lr_0 = 5.6515e-04
Loss = 2.4887e-01, PNorm = 34.8810, GNorm = 0.8542, lr_0 = 5.5124e-04
Validation auc = 0.711996
Validation accuracy = 0.957143
Epoch 9
Loss = 1.7817e-01, PNorm = 34.9056, GNorm = 0.4160, lr_0 = 5.3767e-04
Loss = 2.0555e-01, PNorm = 34.9364, GNorm = 0.4735, lr_0 = 5.2444e-04
Loss = 1.7096e-01, PNorm = 34.9579, GNorm = 0.3435, lr_0 = 5.1153e-04
Validation auc = 0.725263
Validation accuracy = 0.957143
Epoch 10
Loss = 1.6088e-01, PNorm = 34.9737, GNorm = 0.3618, lr_0 = 4.9894e-04
Loss = 2.5207e-01, PNorm = 34.9904, GNorm = 0.3907, lr_0 = 4.8666e-04
Loss = 1.6064e-01, PNorm = 35.0367, GNorm = 0.2698, lr_0 = 4.7469e-04
Validation auc = 0.698729
Validation accuracy = 0.957143
Epoch 11
Loss = 1.7453e-01, PNorm = 35.0458, GNorm = 0.2228, lr_0 = 4.6185e-04
Loss = 1.6023e-01, PNorm = 35.0627, GNorm = 0.2681, lr_0 = 4.5048e-04
Loss = 2.0514e-01, PNorm = 35.0868, GNorm = 0.2432, lr_0 = 4.3940e-04
Loss = 2.0825e-01, PNorm = 35.1031, GNorm = 0.3683, lr_0 = 4.2858e-04
Validation auc = 0.773908
Validation accuracy = 0.957143
Epoch 12
Loss = 2.1485e-01, PNorm = 35.1246, GNorm = 0.4685, lr_0 = 4.1803e-04
Loss = 1.5107e-01, PNorm = 35.1555, GNorm = 0.2899, lr_0 = 4.0775e-04
Loss = 2.1857e-01, PNorm = 35.1661, GNorm = 0.2461, lr_0 = 3.9771e-04
Validation auc = 0.722499
Validation accuracy = 0.957143
Epoch 13
Loss = 1.4648e-01, PNorm = 35.1963, GNorm = 0.4112, lr_0 = 3.8696e-04
Loss = 2.2933e-01, PNorm = 35.2145, GNorm = 0.2563, lr_0 = 3.7743e-04
Loss = 2.1132e-01, PNorm = 35.2262, GNorm = 0.2399, lr_0 = 3.6814e-04
Loss = 1.6515e-01, PNorm = 35.2584, GNorm = 0.2550, lr_0 = 3.5908e-04
Validation auc = 0.742952
Validation accuracy = 0.957143
Epoch 14
Loss = 2.2702e-01, PNorm = 35.2756, GNorm = 0.2362, lr_0 = 3.5025e-04
Loss = 1.5008e-01, PNorm = 35.2982, GNorm = 0.4939, lr_0 = 3.4163e-04
Loss = 2.1909e-01, PNorm = 35.3110, GNorm = 0.3266, lr_0 = 3.3322e-04
Validation auc = 0.799337
Validation accuracy = 0.957143
Epoch 15
Loss = 1.7138e-01, PNorm = 35.3323, GNorm = 0.2087, lr_0 = 3.2502e-04
Loss = 2.0882e-01, PNorm = 35.3453, GNorm = 0.5535, lr_0 = 3.1702e-04
Loss = 1.6275e-01, PNorm = 35.3651, GNorm = 0.3564, lr_0 = 3.0921e-04
Validation auc = 0.752902
Validation accuracy = 0.957143
Epoch 16
Loss = 1.4480e-01, PNorm = 35.3838, GNorm = 0.2529, lr_0 = 3.0085e-04
Loss = 1.7699e-01, PNorm = 35.4046, GNorm = 0.2673, lr_0 = 2.9345e-04
Loss = 1.5531e-01, PNorm = 35.4307, GNorm = 0.2506, lr_0 = 2.8623e-04
Loss = 2.4309e-01, PNorm = 35.4320, GNorm = 0.2505, lr_0 = 2.7918e-04
Validation auc = 0.751244
Validation accuracy = 0.957143
Epoch 17
Loss = 1.7980e-01, PNorm = 35.4490, GNorm = 0.3043, lr_0 = 2.7231e-04
Loss = 1.7952e-01, PNorm = 35.4709, GNorm = 0.1943, lr_0 = 2.6561e-04
Loss = 1.7442e-01, PNorm = 35.4822, GNorm = 0.5043, lr_0 = 2.5907e-04
Validation auc = 0.822001
Validation accuracy = 0.957143
Epoch 18
Loss = 2.3250e-01, PNorm = 35.4897, GNorm = 0.5193, lr_0 = 2.5207e-04
Loss = 1.8524e-01, PNorm = 35.5039, GNorm = 0.2874, lr_0 = 2.4586e-04
Loss = 1.6618e-01, PNorm = 35.5271, GNorm = 0.2814, lr_0 = 2.3981e-04
Validation auc = 0.749033
Validation accuracy = 0.957143
Epoch 19
Loss = 1.2260e-01, PNorm = 35.5430, GNorm = 0.2120, lr_0 = 2.3391e-04
Loss = 2.2968e-01, PNorm = 35.5453, GNorm = 0.3763, lr_0 = 2.2815e-04
Loss = 1.8841e-01, PNorm = 35.5505, GNorm = 0.5673, lr_0 = 2.2254e-04
Loss = 1.7232e-01, PNorm = 35.5735, GNorm = 0.2133, lr_0 = 2.1706e-04
Validation auc = 0.793256
Validation accuracy = 0.957143
Epoch 20
Loss = 2.0441e-01, PNorm = 35.5892, GNorm = 0.4057, lr_0 = 2.1172e-04
Loss = 2.0158e-01, PNorm = 35.5952, GNorm = 0.3651, lr_0 = 2.0651e-04
Loss = 1.7877e-01, PNorm = 35.6129, GNorm = 0.3671, lr_0 = 2.0142e-04
Validation auc = 0.818684
Validation accuracy = 0.957143
Epoch 21
Loss = 2.3803e-01, PNorm = 35.6254, GNorm = 0.3505, lr_0 = 1.9598e-04
Loss = 2.1298e-01, PNorm = 35.6363, GNorm = 0.2948, lr_0 = 1.9115e-04
Loss = 1.7145e-01, PNorm = 35.6532, GNorm = 0.3910, lr_0 = 1.8645e-04
Validation auc = 0.756772
Validation accuracy = 0.957143
Epoch 22
Loss = 2.2449e-01, PNorm = 35.6711, GNorm = 0.5120, lr_0 = 1.8186e-04
Loss = 1.7381e-01, PNorm = 35.6740, GNorm = 0.3814, lr_0 = 1.7739e-04
Loss = 1.5616e-01, PNorm = 35.6819, GNorm = 0.5515, lr_0 = 1.7302e-04
Loss = 2.2857e-01, PNorm = 35.6851, GNorm = 0.3341, lr_0 = 1.6876e-04
Validation auc = 0.786622
Validation accuracy = 0.957143
Epoch 23
Loss = 1.5544e-01, PNorm = 35.7006, GNorm = 0.3933, lr_0 = 1.6420e-04
Loss = 1.9717e-01, PNorm = 35.7115, GNorm = 0.3331, lr_0 = 1.6016e-04
Loss = 1.7798e-01, PNorm = 35.7187, GNorm = 0.4451, lr_0 = 1.5622e-04
Validation auc = 0.799889
Validation accuracy = 0.957143
Epoch 24
Loss = 1.8410e-01, PNorm = 35.7304, GNorm = 0.1851, lr_0 = 1.5237e-04
Loss = 2.0516e-01, PNorm = 35.7386, GNorm = 0.2250, lr_0 = 1.4862e-04
Loss = 1.5635e-01, PNorm = 35.7477, GNorm = 0.2514, lr_0 = 1.4496e-04
Loss = 1.8248e-01, PNorm = 35.7567, GNorm = 0.4268, lr_0 = 1.4139e-04
Validation auc = 0.778883
Validation accuracy = 0.957143
Epoch 25
Loss = 2.0749e-01, PNorm = 35.7636, GNorm = 0.2284, lr_0 = 1.3791e-04
Loss = 1.7481e-01, PNorm = 35.7708, GNorm = 0.5404, lr_0 = 1.3452e-04
Loss = 1.8026e-01, PNorm = 35.7806, GNorm = 0.2916, lr_0 = 1.3121e-04
Validation auc = 0.774461
Validation accuracy = 0.957143
Epoch 26
Loss = 1.4986e-01, PNorm = 35.7918, GNorm = 0.2463, lr_0 = 1.2766e-04
Loss = 2.1694e-01, PNorm = 35.7931, GNorm = 0.3835, lr_0 = 1.2452e-04
Loss = 1.9741e-01, PNorm = 35.7989, GNorm = 0.2440, lr_0 = 1.2146e-04
Validation auc = 0.793256
Validation accuracy = 0.957143
Epoch 27
Loss = 2.0524e-01, PNorm = 35.8118, GNorm = 0.3000, lr_0 = 1.1847e-04
Loss = 1.9501e-01, PNorm = 35.8201, GNorm = 0.3535, lr_0 = 1.1555e-04
Loss = 1.9925e-01, PNorm = 35.8269, GNorm = 0.9584, lr_0 = 1.1271e-04
Loss = 1.3017e-01, PNorm = 35.8340, GNorm = 0.5126, lr_0 = 1.0993e-04
Loss = 3.4379e-01, PNorm = 35.8345, GNorm = 0.8852, lr_0 = 1.0966e-04
Validation auc = 0.809840
Validation accuracy = 0.957143
Epoch 28
Loss = 1.6547e-01, PNorm = 35.8403, GNorm = 0.3632, lr_0 = 1.0696e-04
Loss = 1.7738e-01, PNorm = 35.8457, GNorm = 0.1837, lr_0 = 1.0433e-04
Loss = 1.9176e-01, PNorm = 35.8504, GNorm = 0.4198, lr_0 = 1.0176e-04
Validation auc = 0.755113
Validation accuracy = 0.957143
Epoch 29
Loss = 1.9215e-01, PNorm = 35.8534, GNorm = 0.3201, lr_0 = 1.0000e-04
Loss = 1.8618e-01, PNorm = 35.8578, GNorm = 0.4018, lr_0 = 1.0000e-04
Loss = 1.5781e-01, PNorm = 35.8662, GNorm = 0.3040, lr_0 = 1.0000e-04
Validation auc = 0.770039
Validation accuracy = 0.957143
Model 0 best validation auc = 0.822001 on epoch 17
Loading pretrained parameter "encoder.encoder.0.cached_zero_vector".
Loading pretrained parameter "encoder.encoder.0.W_i.weight".
Loading pretrained parameter "encoder.encoder.0.W_h.weight".
Loading pretrained parameter "encoder.encoder.0.W_o.weight".
Loading pretrained parameter "encoder.encoder.0.W_o.bias".
Loading pretrained parameter "ffn.1.weight".
Loading pretrained parameter "ffn.1.bias".
Loading pretrained parameter "ffn.4.weight".
Loading pretrained parameter "ffn.4.bias".
Model 0 test auc = 0.732520
Model 0 test accuracy = 0.971564
Ensemble test auc = 0.732520
Ensemble test accuracy = 0.971564
Fold 2
Splitting data with seed 44
Class sizes
Active 0: 94.86%, 1: 5.14%
Total size = 2,101 | train size = 1,680 | val size = 210 | test size = 211
Building model 0
MoleculeModel(
  (sigmoid): Sigmoid()
  (encoder): MPN(
    (encoder): ModuleList(
      (0): MPNEncoder(
        (dropout_layer): Dropout(p=0.0, inplace=False)
        (act_func): ReLU()
        (W_i): Linear(in_features=147, out_features=300, bias=False)
        (W_h): Linear(in_features=300, out_features=300, bias=False)
        (W_o): Linear(in_features=433, out_features=300, bias=True)
      )
    )
  )
  (ffn): Sequential(
    (0): Dropout(p=0.0, inplace=False)
    (1): Linear(in_features=300, out_features=300, bias=True)
    (2): ReLU()
    (3): Dropout(p=0.0, inplace=False)
    (4): Linear(in_features=300, out_features=1, bias=True)
  )
)
Number of parameters = 355,201
Epoch 0
Loss = 6.9421e-01, PNorm = 34.0129, GNorm = 0.5521, lr_0 = 2.5000e-04
Loss = 6.6931e-01, PNorm = 34.0224, GNorm = 0.6243, lr_0 = 3.8636e-04
Loss = 6.1797e-01, PNorm = 34.0544, GNorm = 0.7148, lr_0 = 5.2273e-04
Validation auc = 0.554134
Validation accuracy = 0.942857
Epoch 1
Loss = 3.9273e-01, PNorm = 34.1575, GNorm = 0.8087, lr_0 = 6.7273e-04
Loss = 2.5283e-01, PNorm = 34.2166, GNorm = 0.8992, lr_0 = 8.0909e-04
Loss = 3.0023e-01, PNorm = 34.1928, GNorm = 0.7308, lr_0 = 9.4545e-04
Validation auc = 0.633166
Validation accuracy = 0.947619
Epoch 2
Loss = 2.8201e-01, PNorm = 34.2374, GNorm = 0.6618, lr_0 = 9.8516e-04
Loss = 2.2539e-01, PNorm = 34.2845, GNorm = 0.8418, lr_0 = 9.6091e-04
Loss = 1.9869e-01, PNorm = 34.3022, GNorm = 0.5412, lr_0 = 9.3726e-04
Loss = 3.0763e-01, PNorm = 34.3003, GNorm = 0.4804, lr_0 = 9.1420e-04
Loss = 2.5318e-01, PNorm = 34.3020, GNorm = 0.5677, lr_0 = 9.1192e-04
Validation auc = 0.666058
Validation accuracy = 0.947619
Epoch 3
Loss = 2.4371e-01, PNorm = 34.3442, GNorm = 0.7958, lr_0 = 8.8948e-04
Loss = 2.1923e-01, PNorm = 34.3675, GNorm = 0.3852, lr_0 = 8.6758e-04
Loss = 2.3796e-01, PNorm = 34.3755, GNorm = 0.4365, lr_0 = 8.4623e-04
Validation auc = 0.689813
Validation accuracy = 0.947619
Epoch 4
Loss = 2.3650e-01, PNorm = 34.4031, GNorm = 0.3675, lr_0 = 8.2540e-04
Loss = 2.1068e-01, PNorm = 34.4404, GNorm = 0.4109, lr_0 = 8.0509e-04
Loss = 2.1947e-01, PNorm = 34.4594, GNorm = 0.6132, lr_0 = 7.8527e-04
Validation auc = 0.407492
Validation accuracy = 0.947619
Epoch 5
Loss = 2.7008e-01, PNorm = 34.4829, GNorm = 0.3520, lr_0 = 7.6595e-04
Loss = 2.2457e-01, PNorm = 34.5251, GNorm = 0.3667, lr_0 = 7.4710e-04
Loss = 2.0694e-01, PNorm = 34.5576, GNorm = 0.6978, lr_0 = 7.2871e-04
Loss = 2.3178e-01, PNorm = 34.5832, GNorm = 0.4199, lr_0 = 7.1077e-04
Validation auc = 0.459571
Validation accuracy = 0.947619
Epoch 6
Loss = 1.8958e-01, PNorm = 34.6477, GNorm = 0.5858, lr_0 = 6.9156e-04
Loss = 2.3053e-01, PNorm = 34.6525, GNorm = 0.3611, lr_0 = 6.7453e-04
Loss = 2.2099e-01, PNorm = 34.6929, GNorm = 0.3439, lr_0 = 6.5793e-04
Validation auc = 0.622659
Validation accuracy = 0.947619
Epoch 7
Loss = 2.3050e-01, PNorm = 34.7243, GNorm = 0.2830, lr_0 = 6.4174e-04
Loss = 1.9728e-01, PNorm = 34.7579, GNorm = 0.3515, lr_0 = 6.2595e-04
Loss = 2.2493e-01, PNorm = 34.7867, GNorm = 0.3057, lr_0 = 6.1054e-04
Validation auc = 0.620831
Validation accuracy = 0.947619
Epoch 8
Loss = 3.0236e-01, PNorm = 34.8211, GNorm = 0.3312, lr_0 = 5.9403e-04
Loss = 1.7470e-01, PNorm = 34.8527, GNorm = 0.3454, lr_0 = 5.7941e-04
Loss = 1.8259e-01, PNorm = 34.8764, GNorm = 0.2967, lr_0 = 5.6515e-04
Loss = 1.8919e-01, PNorm = 34.8989, GNorm = 0.2858, lr_0 = 5.5124e-04
Validation auc = 0.536775
Validation accuracy = 0.947619
Epoch 9
Loss = 1.6075e-01, PNorm = 34.9320, GNorm = 0.2523, lr_0 = 5.3767e-04
Loss = 2.5697e-01, PNorm = 34.9422, GNorm = 0.3138, lr_0 = 5.2444e-04
Loss = 1.9986e-01, PNorm = 34.9793, GNorm = 0.2189, lr_0 = 5.1153e-04
Validation auc = 0.544084
Validation accuracy = 0.947619
Epoch 10
Loss = 2.5476e-01, PNorm = 35.0069, GNorm = 0.2404, lr_0 = 4.9894e-04
Loss = 1.7289e-01, PNorm = 35.0242, GNorm = 0.3982, lr_0 = 4.8666e-04
Loss = 1.7350e-01, PNorm = 35.0563, GNorm = 0.4702, lr_0 = 4.7469e-04
Validation auc = 0.508908
Validation accuracy = 0.947619
Epoch 11
Loss = 1.5612e-01, PNorm = 35.0642, GNorm = 0.3015, lr_0 = 4.6185e-04
Loss = 1.6831e-01, PNorm = 35.0928, GNorm = 0.3014, lr_0 = 4.5048e-04
Loss = 1.8450e-01, PNorm = 35.1196, GNorm = 0.2255, lr_0 = 4.3940e-04
Loss = 2.2728e-01, PNorm = 35.1266, GNorm = 0.2744, lr_0 = 4.2858e-04
Validation auc = 0.563271
Validation accuracy = 0.947619
Epoch 12
Loss = 1.7503e-01, PNorm = 35.1529, GNorm = 0.3505, lr_0 = 4.1803e-04
Loss = 1.6481e-01, PNorm = 35.1796, GNorm = 0.2304, lr_0 = 4.0775e-04
Loss = 2.3390e-01, PNorm = 35.1858, GNorm = 0.5569, lr_0 = 3.9771e-04
Validation auc = 0.597533
Validation accuracy = 0.947619
Epoch 13
Loss = 1.7563e-01, PNorm = 35.2269, GNorm = 0.5171, lr_0 = 3.8696e-04
Loss = 1.5951e-01, PNorm = 35.2459, GNorm = 0.2219, lr_0 = 3.7743e-04
Loss = 2.4167e-01, PNorm = 35.2531, GNorm = 0.3324, lr_0 = 3.6814e-04
Loss = 1.7128e-01, PNorm = 35.2814, GNorm = 0.9510, lr_0 = 3.5908e-04
Validation auc = 0.529009
Validation accuracy = 0.947619
Epoch 14
Loss = 1.9056e-01, PNorm = 35.2909, GNorm = 0.2978, lr_0 = 3.5025e-04
Loss = 1.8310e-01, PNorm = 35.3048, GNorm = 0.4718, lr_0 = 3.4163e-04
Loss = 1.8692e-01, PNorm = 35.3283, GNorm = 0.2674, lr_0 = 3.3322e-04
Validation auc = 0.500685
Validation accuracy = 0.947619
Epoch 15
Loss = 1.8144e-01, PNorm = 35.3491, GNorm = 0.4489, lr_0 = 3.2502e-04
Loss = 1.3334e-01, PNorm = 35.3732, GNorm = 0.4883, lr_0 = 3.1702e-04
Loss = 2.0763e-01, PNorm = 35.3767, GNorm = 0.3293, lr_0 = 3.0921e-04
Validation auc = 0.573321
Validation accuracy = 0.947619
Epoch 16
Loss = 2.2142e-01, PNorm = 35.3953, GNorm = 0.3414, lr_0 = 3.0085e-04
Loss = 1.5564e-01, PNorm = 35.4256, GNorm = 0.2455, lr_0 = 2.9345e-04
Loss = 1.9628e-01, PNorm = 35.4322, GNorm = 0.2334, lr_0 = 2.8623e-04
Loss = 1.8479e-01, PNorm = 35.4431, GNorm = 0.4343, lr_0 = 2.7918e-04
Validation auc = 0.523070
Validation accuracy = 0.947619
Epoch 17
Loss = 1.8527e-01, PNorm = 35.4680, GNorm = 0.2423, lr_0 = 2.7231e-04
Loss = 1.7282e-01, PNorm = 35.4883, GNorm = 0.4307, lr_0 = 2.6561e-04
Loss = 1.5823e-01, PNorm = 35.5020, GNorm = 0.2123, lr_0 = 2.5907e-04
Validation auc = 0.526725
Validation accuracy = 0.947619
Epoch 18
Loss = 1.8360e-01, PNorm = 35.5096, GNorm = 0.2921, lr_0 = 2.5207e-04
Loss = 1.6680e-01, PNorm = 35.5275, GNorm = 0.1629, lr_0 = 2.4586e-04
Loss = 1.7557e-01, PNorm = 35.5419, GNorm = 0.6756, lr_0 = 2.3981e-04
Validation auc = 0.551393
Validation accuracy = 0.947619
Epoch 19
Loss = 9.5913e-02, PNorm = 35.5476, GNorm = 0.2743, lr_0 = 2.3391e-04
Loss = 1.9370e-01, PNorm = 35.5628, GNorm = 0.6487, lr_0 = 2.2815e-04
Loss = 1.9310e-01, PNorm = 35.5739, GNorm = 0.1841, lr_0 = 2.2254e-04
Loss = 1.7392e-01, PNorm = 35.5895, GNorm = 0.2482, lr_0 = 2.1706e-04
Validation auc = 0.607127
Validation accuracy = 0.947619
Epoch 20
Loss = 1.8443e-01, PNorm = 35.6051, GNorm = 0.3790, lr_0 = 2.1172e-04
Loss = 1.8180e-01, PNorm = 35.6127, GNorm = 0.3333, lr_0 = 2.0651e-04
Loss = 1.7020e-01, PNorm = 35.6258, GNorm = 0.1937, lr_0 = 2.0142e-04
Validation auc = 0.588853
Validation accuracy = 0.947619
Epoch 21
Loss = 1.9991e-01, PNorm = 35.6342, GNorm = 0.4917, lr_0 = 1.9598e-04
Loss = 1.7389e-01, PNorm = 35.6437, GNorm = 0.2603, lr_0 = 1.9115e-04
Loss = 2.0455e-01, PNorm = 35.6580, GNorm = 0.3156, lr_0 = 1.8645e-04
Validation auc = 0.577889
Validation accuracy = 0.947619
Epoch 22
Loss = 1.9465e-01, PNorm = 35.6731, GNorm = 0.2585, lr_0 = 1.8186e-04
Loss = 1.6623e-01, PNorm = 35.6815, GNorm = 0.3488, lr_0 = 1.7739e-04
Loss = 1.4051e-01, PNorm = 35.6943, GNorm = 0.5239, lr_0 = 1.7302e-04
Loss = 2.1368e-01, PNorm = 35.7022, GNorm = 0.3452, lr_0 = 1.6876e-04
Validation auc = 0.556875
Validation accuracy = 0.947619
Epoch 23
Loss = 1.7349e-01, PNorm = 35.7154, GNorm = 0.3569, lr_0 = 1.6420e-04
Loss = 1.6105e-01, PNorm = 35.7309, GNorm = 0.3931, lr_0 = 1.6016e-04
Loss = 2.0383e-01, PNorm = 35.7362, GNorm = 0.1984, lr_0 = 1.5622e-04
Validation auc = 0.518502
Validation accuracy = 0.947619
Epoch 24
Loss = 2.1436e-01, PNorm = 35.7455, GNorm = 1.1065, lr_0 = 1.5237e-04
Loss = 1.6621e-01, PNorm = 35.7522, GNorm = 0.4142, lr_0 = 1.4862e-04
Loss = 1.8395e-01, PNorm = 35.7595, GNorm = 0.3442, lr_0 = 1.4496e-04
Loss = 1.6020e-01, PNorm = 35.7709, GNorm = 0.6205, lr_0 = 1.4139e-04
Validation auc = 0.667428
Validation accuracy = 0.947619
Epoch 25
Loss = 1.7157e-01, PNorm = 35.7785, GNorm = 0.3283, lr_0 = 1.3791e-04
Loss = 1.8892e-01, PNorm = 35.7871, GNorm = 0.2945, lr_0 = 1.3452e-04
Loss = 1.6833e-01, PNorm = 35.7950, GNorm = 0.5054, lr_0 = 1.3121e-04
Validation auc = 0.632252
Validation accuracy = 0.947619
Epoch 26
Loss = 1.4064e-01, PNorm = 35.8049, GNorm = 0.2204, lr_0 = 1.2766e-04
Loss = 1.7674e-01, PNorm = 35.8092, GNorm = 0.2655, lr_0 = 1.2452e-04
Loss = 1.7243e-01, PNorm = 35.8156, GNorm = 0.2312, lr_0 = 1.2146e-04
Validation auc = 0.567839
Validation accuracy = 0.947619
Epoch 27
Loss = 1.1278e-01, PNorm = 35.8214, GNorm = 0.3449, lr_0 = 1.1847e-04
Loss = 2.1352e-01, PNorm = 35.8258, GNorm = 0.3959, lr_0 = 1.1555e-04
Loss = 1.6517e-01, PNorm = 35.8357, GNorm = 0.2565, lr_0 = 1.1271e-04
Loss = 1.4763e-01, PNorm = 35.8461, GNorm = 0.3626, lr_0 = 1.0993e-04
Loss = 2.5616e-01, PNorm = 35.8470, GNorm = 0.7545, lr_0 = 1.0966e-04
Validation auc = 0.546368
Validation accuracy = 0.947619
Epoch 28
Loss = 1.8718e-01, PNorm = 35.8525, GNorm = 1.1546, lr_0 = 1.0696e-04
Loss = 1.6148e-01, PNorm = 35.8517, GNorm = 0.1964, lr_0 = 1.0433e-04
Loss = 1.9049e-01, PNorm = 35.8588, GNorm = 0.2332, lr_0 = 1.0176e-04
Validation auc = 0.619918
Validation accuracy = 0.947619
Epoch 29
Loss = 1.1448e-01, PNorm = 35.8720, GNorm = 0.1745, lr_0 = 1.0000e-04
Loss = 1.6086e-01, PNorm = 35.8796, GNorm = 0.7878, lr_0 = 1.0000e-04
Loss = 2.0453e-01, PNorm = 35.8781, GNorm = 0.2681, lr_0 = 1.0000e-04
Validation auc = 0.548652
Validation accuracy = 0.947619
Model 0 best validation auc = 0.689813 on epoch 3
Loading pretrained parameter "encoder.encoder.0.cached_zero_vector".
Loading pretrained parameter "encoder.encoder.0.W_i.weight".
Loading pretrained parameter "encoder.encoder.0.W_h.weight".
Loading pretrained parameter "encoder.encoder.0.W_o.weight".
Loading pretrained parameter "encoder.encoder.0.W_o.bias".
Loading pretrained parameter "ffn.1.weight".
Loading pretrained parameter "ffn.1.bias".
Loading pretrained parameter "ffn.4.weight".
Loading pretrained parameter "ffn.4.bias".
Model 0 test auc = 0.430894
Model 0 test accuracy = 0.971564
Ensemble test auc = 0.430894
Ensemble test accuracy = 0.971564
3-fold cross validation
	Seed 42 ==> test auc = 0.894089
	Seed 42 ==> test accuracy = 0.962085
	Seed 43 ==> test auc = 0.732520
	Seed 43 ==> test accuracy = 0.971564
	Seed 44 ==> test auc = 0.430894
	Seed 44 ==> test accuracy = 0.971564
Overall test auc = 0.685834 +/- 0.191958
Overall test accuracy = 0.968404 +/- 0.004468
Elapsed time = 0:17:18
