Fold 0
Fold 0
Fold 0
Fold 0
Fold 0
Model 0 best validation auc = 0.908034 on epoch 24
Model 0 test auc = 0.955665
Model 0 test accuracy = 0.962085
Ensemble test auc = 0.955665
Ensemble test accuracy = 0.962085
Fold 1
Model 0 best validation auc = 0.872858 on epoch 24
Model 0 test auc = 0.862602
Model 0 test accuracy = 0.971564
Ensemble test auc = 0.862602
Ensemble test accuracy = 0.971564
Fold 2
Model 0 best validation auc = 0.793056 on epoch 1
Model 0 test auc = 0.580488
Model 0 test accuracy = 0.971564
Ensemble test auc = 0.580488
Ensemble test accuracy = 0.971564
3-fold cross validation
	Seed 42 ==> test auc = 0.955665
	Seed 42 ==> test accuracy = 0.962085
	Seed 43 ==> test auc = 0.862602
	Seed 43 ==> test accuracy = 0.971564
	Seed 44 ==> test auc = 0.580488
	Seed 44 ==> test accuracy = 0.971564
Overall test auc = 0.799585 +/- 0.159516
Overall test accuracy = 0.968404 +/- 0.004468
Elapsed time = 0:29:36
