Fold 0
Model 0 best validation auc = 0.938120 on epoch 9
Model 0 test auc = 0.978448
Model 0 test accuracy = 0.962085
Ensemble test auc = 0.978448
Ensemble test accuracy = 0.962085
Fold 1
Model 0 best validation auc = 0.959093 on epoch 21
Model 0 test auc = 0.964228
Model 0 test accuracy = 0.981043
Ensemble test auc = 0.964228
Ensemble test accuracy = 0.981043
Fold 2
Model 0 best validation auc = 0.827775 on epoch 27
Model 0 test auc = 0.860163
Model 0 test accuracy = 0.976303
Ensemble test auc = 0.860163
Ensemble test accuracy = 0.976303
3-fold cross validation
	Seed 42 ==> test auc = 0.978448
	Seed 42 ==> test accuracy = 0.962085
	Seed 43 ==> test auc = 0.964228
	Seed 43 ==> test accuracy = 0.981043
	Seed 44 ==> test auc = 0.860163
	Seed 44 ==> test accuracy = 0.976303
Overall test auc = 0.934280 +/- 0.052729
Overall test accuracy = 0.973144 +/- 0.008055
Elapsed time = 0:14:27
