Fold 0
Model 0 best validation auc = 0.908034 on epoch 11
Model 0 test auc = 0.972291
Model 0 test accuracy = 0.971564
Ensemble test auc = 0.972291
Ensemble test accuracy = 0.971564
Fold 1
Model 0 best validation auc = 0.933665 on epoch 26
Model 0 test auc = 0.992683
Model 0 test accuracy = 0.981043
Ensemble test auc = 0.992683
Ensemble test accuracy = 0.981043
Fold 2
Model 0 best validation auc = 0.742805 on epoch 29
Model 0 test auc = 0.892683
Model 0 test accuracy = 0.971564
Ensemble test auc = 0.892683
Ensemble test accuracy = 0.971564
3-fold cross validation
	Seed 42 ==> test auc = 0.972291
	Seed 42 ==> test accuracy = 0.971564
	Seed 43 ==> test auc = 0.992683
	Seed 43 ==> test accuracy = 0.981043
	Seed 44 ==> test auc = 0.892683
	Seed 44 ==> test accuracy = 0.971564
Overall test auc = 0.952552 +/- 0.043145
Overall test accuracy = 0.974724 +/- 0.004468
Elapsed time = 0:13:38
