Command line
python /Users/anastasiakuznecova/PycharmProjects/chemprop-master/Testing Chemprop for project.py
Args
{'activation': 'ReLU',
 'adding_h': False,
 'aggregation': 'mean',
 'aggregation_norm': 100,
 'atom_descriptor_scaling': True,
 'atom_descriptors': None,
 'atom_descriptors_path': None,
 'atom_descriptors_size': 0,
 'atom_features_size': 0,
 'atom_messages': False,
 'batch_size': 50,
 'bias': False,
 'bias_solvent': False,
 'bond_feature_scaling': True,
 'bond_features_path': None,
 'bond_features_size': 0,
 'cache_cutoff': 10000,
 'checkpoint_dir': None,
 'checkpoint_frzn': None,
 'checkpoint_path': None,
 'checkpoint_paths': None,
 'class_balance': False,
 'config_path': None,
 'crossval_index_dir': None,
 'crossval_index_file': None,
 'crossval_index_sets': None,
 'cuda': False,
 'data_path': 'tests/data/Halicin_train.csv',
 'data_weights_path': None,
 'dataset_type': 'classification',
 'depth': 3,
 'depth_solvent': 3,
 'device': device(type='cpu'),
 'dropout': 0.0,
 'empty_cache': False,
 'ensemble_size': 1,
 'epochs': 30,
 'evidential_regularization': 0,
 'explicit_h': False,
 'extra_metrics': ['accuracy'],
 'features_generator': None,
 'features_only': False,
 'features_path': None,
 'features_scaling': True,
 'features_size': None,
 'ffn_hidden_size': 300,
 'ffn_num_layers': 1,
 'final_lr': 0.0001,
 'folds_file': None,
 'freeze_first_only': False,
 'frzn_ffn_layers': 0,
 'gpu': None,
 'grad_clip': None,
 'hidden_size': 300,
 'hidden_size_solvent': 300,
 'ignore_columns': None,
 'init_lr': 0.0001,
 'log_frequency': 10,
 'loss_function': 'binary_cross_entropy',
 'max_data_size': None,
 'max_lr': 0.001,
 'metric': 'auc',
 'metrics': ['auc', 'accuracy'],
 'minimize_score': False,
 'mpn_shared': False,
 'multiclass_num_classes': 3,
 'no_atom_descriptor_scaling': False,
 'no_bond_features_scaling': False,
 'no_cache_mol': False,
 'no_cuda': False,
 'no_features_scaling': False,
 'num_folds': 3,
 'num_lrs': 1,
 'num_tasks': 1,
 'num_workers': 8,
 'number_of_molecules': 1,
 'overwrite_default_atom_features': False,
 'overwrite_default_bond_features': False,
 'phase_features_path': None,
 'pytorch_seed': 0,
 'quiet': False,
 'reaction': False,
 'reaction_mode': 'reac_diff',
 'reaction_solvent': False,
 'resume_experiment': False,
 'save_dir': 'classification_checkpoints/mean/exp2/',
 'save_preds': False,
 'save_smiles_splits': False,
 'seed': 42,
 'separate_test_atom_descriptors_path': None,
 'separate_test_bond_features_path': None,
 'separate_test_features_path': None,
 'separate_test_path': None,
 'separate_test_phase_features_path': None,
 'separate_val_atom_descriptors_path': None,
 'separate_val_bond_features_path': None,
 'separate_val_features_path': None,
 'separate_val_path': None,
 'separate_val_phase_features_path': None,
 'show_individual_scores': False,
 'smiles_columns': ['Smiles'],
 'spectra_activation': 'exp',
 'spectra_phase_mask_path': None,
 'spectra_target_floor': 1e-08,
 'split_key_molecule': 0,
 'split_sizes': [0.8, 0.1, 0.1],
 'split_type': 'random',
 'target_columns': None,
 'target_weights': None,
 'task_names': ['Active'],
 'test': False,
 'test_fold_index': None,
 'train_data_size': None,
 'undirected': False,
 'use_input_features': False,
 'val_fold_index': None,
 'warmup_epochs': 2.0}
Could not write the reproducibility section of the arguments to file, thus omitting this section.
Setting molecule featurization parameters to default.
Loading data
Number of tasks = 1
Fold 0
Splitting data with seed 42
Class sizes
Active 0: 94.86%, 1: 5.14%
Total size = 2,101 | train size = 1,680 | val size = 210 | test size = 211
Building model 0
MoleculeModel(
  (sigmoid): Sigmoid()
  (encoder): MPN(
    (encoder): ModuleList(
      (0): MPNEncoder(
        (dropout_layer): Dropout(p=0.0, inplace=False)
        (act_func): ReLU()
        (W_i): Linear(in_features=147, out_features=300, bias=False)
        (W_h): Linear(in_features=300, out_features=300, bias=False)
        (W_o): Linear(in_features=433, out_features=300, bias=True)
      )
    )
  )
  (ffn): Sequential(
    (0): Dropout(p=0.0, inplace=False)
    (1): Linear(in_features=300, out_features=1, bias=True)
  )
)
Number of parameters = 264,901
Epoch 0
Loss = 3.6861e-01, PNorm = 29.2061, GNorm = 0.3280, lr_0 = 2.5000e-04
Loss = 1.7802e-01, PNorm = 29.2178, GNorm = 0.8862, lr_0 = 3.8636e-04
Loss = 3.1019e-01, PNorm = 29.2178, GNorm = 0.2894, lr_0 = 5.2273e-04
Validation auc = 0.484786
Validation accuracy = 0.928571
Epoch 1
Loss = 2.1692e-01, PNorm = 29.2280, GNorm = 0.7972, lr_0 = 6.7273e-04
Loss = 2.3298e-01, PNorm = 29.2462, GNorm = 1.0383, lr_0 = 8.0909e-04
Loss = 2.1459e-01, PNorm = 29.2601, GNorm = 0.4734, lr_0 = 9.4545e-04
Validation auc = 0.641709
Validation accuracy = 0.928571
Epoch 2
Loss = 3.1777e-01, PNorm = 29.2882, GNorm = 1.0123, lr_0 = 9.8516e-04
Loss = 2.1728e-01, PNorm = 29.3081, GNorm = 0.1527, lr_0 = 9.6091e-04
Loss = 1.8415e-01, PNorm = 29.3388, GNorm = 0.6569, lr_0 = 9.3726e-04
Loss = 1.6646e-01, PNorm = 29.3621, GNorm = 0.1598, lr_0 = 9.1420e-04
Loss = 1.5624e-01, PNorm = 29.3664, GNorm = 0.2010, lr_0 = 9.1192e-04
Validation auc = 0.740171
Validation accuracy = 0.928571
Epoch 3
Loss = 2.0824e-01, PNorm = 29.4029, GNorm = 0.2940, lr_0 = 8.8948e-04
Loss = 2.1355e-01, PNorm = 29.4402, GNorm = 0.3085, lr_0 = 8.6758e-04
Loss = 1.5631e-01, PNorm = 29.4857, GNorm = 0.2724, lr_0 = 8.4623e-04
Validation auc = 0.802051
Validation accuracy = 0.928571
Epoch 4
Loss = 2.1497e-01, PNorm = 29.5082, GNorm = 0.3407, lr_0 = 8.2540e-04
Loss = 1.8948e-01, PNorm = 29.5554, GNorm = 0.2084, lr_0 = 8.0509e-04
Loss = 1.6272e-01, PNorm = 29.5914, GNorm = 0.2854, lr_0 = 7.8527e-04
Validation auc = 0.861197
Validation accuracy = 0.928571
Epoch 5
Loss = 1.6498e-01, PNorm = 29.6282, GNorm = 0.2167, lr_0 = 7.6595e-04
Loss = 1.8001e-01, PNorm = 29.6854, GNorm = 0.3655, lr_0 = 7.4710e-04
Loss = 1.8639e-01, PNorm = 29.7488, GNorm = 0.2613, lr_0 = 7.2871e-04
Loss = 1.8990e-01, PNorm = 29.7855, GNorm = 0.3549, lr_0 = 7.1077e-04
Validation auc = 0.865641
Validation accuracy = 0.928571
Epoch 6
Loss = 1.8208e-01, PNorm = 29.8468, GNorm = 0.2936, lr_0 = 6.9156e-04
Loss = 1.5751e-01, PNorm = 29.9134, GNorm = 0.2047, lr_0 = 6.7453e-04
Loss = 1.9894e-01, PNorm = 29.9721, GNorm = 0.4766, lr_0 = 6.5793e-04
Validation auc = 0.855043
Validation accuracy = 0.928571
Epoch 7
Loss = 1.7894e-01, PNorm = 30.0421, GNorm = 0.4777, lr_0 = 6.4174e-04
Loss = 1.5157e-01, PNorm = 30.0784, GNorm = 0.1480, lr_0 = 6.2595e-04
Loss = 1.8876e-01, PNorm = 30.1342, GNorm = 0.2842, lr_0 = 6.1054e-04
Validation auc = 0.880684
Validation accuracy = 0.928571
Epoch 8
Loss = 1.7536e-01, PNorm = 30.2026, GNorm = 0.2894, lr_0 = 5.9403e-04
Loss = 1.3702e-01, PNorm = 30.2691, GNorm = 0.2965, lr_0 = 5.7941e-04
Loss = 1.6694e-01, PNorm = 30.3322, GNorm = 0.9077, lr_0 = 5.6515e-04
Loss = 1.6421e-01, PNorm = 30.3912, GNorm = 0.2204, lr_0 = 5.5124e-04
Validation auc = 0.885470
Validation accuracy = 0.933333
Epoch 9
Loss = 1.3622e-01, PNorm = 30.4485, GNorm = 0.2728, lr_0 = 5.3767e-04
Loss = 1.8755e-01, PNorm = 30.5035, GNorm = 0.4797, lr_0 = 5.2444e-04
Loss = 1.3573e-01, PNorm = 30.5758, GNorm = 0.3530, lr_0 = 5.1153e-04
Validation auc = 0.878974
Validation accuracy = 0.928571
Epoch 10
Loss = 1.1529e-01, PNorm = 30.6273, GNorm = 0.2315, lr_0 = 4.9894e-04
Loss = 1.8252e-01, PNorm = 30.6548, GNorm = 0.1852, lr_0 = 4.8666e-04
Loss = 1.5968e-01, PNorm = 30.7121, GNorm = 0.4441, lr_0 = 4.7469e-04
Validation auc = 0.886838
Validation accuracy = 0.928571
Epoch 11
Loss = 3.5360e-01, PNorm = 30.7697, GNorm = 1.0066, lr_0 = 4.6185e-04
Loss = 1.3742e-01, PNorm = 30.8445, GNorm = 0.3151, lr_0 = 4.5048e-04
Loss = 1.2765e-01, PNorm = 30.8824, GNorm = 0.5625, lr_0 = 4.3940e-04
Loss = 1.5906e-01, PNorm = 30.9183, GNorm = 0.6979, lr_0 = 4.2858e-04
Validation auc = 0.908034
Validation accuracy = 0.961905
Epoch 12
Loss = 1.5638e-01, PNorm = 30.9680, GNorm = 0.4106, lr_0 = 4.1803e-04
Loss = 1.5486e-01, PNorm = 31.0115, GNorm = 0.5835, lr_0 = 4.0775e-04
Loss = 1.2693e-01, PNorm = 31.0642, GNorm = 0.2130, lr_0 = 3.9771e-04
Validation auc = 0.890598
Validation accuracy = 0.961905
Epoch 13
Loss = 1.0227e-01, PNorm = 31.1079, GNorm = 0.5120, lr_0 = 3.8696e-04
Loss = 1.6780e-01, PNorm = 31.1372, GNorm = 0.5660, lr_0 = 3.7743e-04
Loss = 1.2039e-01, PNorm = 31.1871, GNorm = 0.2074, lr_0 = 3.6814e-04
Loss = 1.5649e-01, PNorm = 31.2173, GNorm = 0.2885, lr_0 = 3.5908e-04
Validation auc = 0.894359
Validation accuracy = 0.938095
Epoch 14
Loss = 1.5336e-01, PNorm = 31.2570, GNorm = 0.3505, lr_0 = 3.5025e-04
Loss = 1.6705e-01, PNorm = 31.3033, GNorm = 0.2553, lr_0 = 3.4163e-04
Loss = 8.6585e-02, PNorm = 31.3378, GNorm = 0.3053, lr_0 = 3.3322e-04
Validation auc = 0.882735
Validation accuracy = 0.942857
Epoch 15
Loss = 1.3088e-01, PNorm = 31.3523, GNorm = 1.4025, lr_0 = 3.2502e-04
Loss = 1.6361e-01, PNorm = 31.3870, GNorm = 0.2327, lr_0 = 3.1702e-04
Loss = 1.1958e-01, PNorm = 31.4170, GNorm = 0.7250, lr_0 = 3.0921e-04
Validation auc = 0.883077
Validation accuracy = 0.933333
Epoch 16
Loss = 1.2852e-01, PNorm = 31.4660, GNorm = 0.6797, lr_0 = 3.0085e-04
Loss = 1.5250e-01, PNorm = 31.4857, GNorm = 1.0400, lr_0 = 2.9345e-04
Loss = 1.1373e-01, PNorm = 31.5288, GNorm = 1.1148, lr_0 = 2.8623e-04
Loss = 1.4855e-01, PNorm = 31.5497, GNorm = 0.6180, lr_0 = 2.7918e-04
Validation auc = 0.897436
Validation accuracy = 0.961905
Epoch 17
Loss = 1.0526e-01, PNorm = 31.5846, GNorm = 0.2018, lr_0 = 2.7231e-04
Loss = 1.3538e-01, PNorm = 31.6073, GNorm = 0.8393, lr_0 = 2.6561e-04
Loss = 1.3315e-01, PNorm = 31.6385, GNorm = 0.5197, lr_0 = 2.5907e-04
Validation auc = 0.891624
Validation accuracy = 0.961905
Epoch 18
Loss = 1.3436e-01, PNorm = 31.6661, GNorm = 0.3499, lr_0 = 2.5207e-04
Loss = 1.3832e-01, PNorm = 31.6869, GNorm = 0.4485, lr_0 = 2.4586e-04
Loss = 1.3158e-01, PNorm = 31.7169, GNorm = 0.4348, lr_0 = 2.3981e-04
Validation auc = 0.888205
Validation accuracy = 0.957143
Epoch 19
Loss = 8.2039e-02, PNorm = 31.7423, GNorm = 0.5022, lr_0 = 2.3391e-04
Loss = 1.4522e-01, PNorm = 31.7720, GNorm = 0.5919, lr_0 = 2.2815e-04
Loss = 1.0866e-01, PNorm = 31.8012, GNorm = 0.2081, lr_0 = 2.2254e-04
Loss = 1.2574e-01, PNorm = 31.8102, GNorm = 0.3011, lr_0 = 2.1706e-04
Validation auc = 0.906667
Validation accuracy = 0.952381
Epoch 20
Loss = 1.1579e-01, PNorm = 31.8358, GNorm = 0.4810, lr_0 = 2.1172e-04
Loss = 1.3697e-01, PNorm = 31.8614, GNorm = 0.9933, lr_0 = 2.0651e-04
Loss = 1.1453e-01, PNorm = 31.8861, GNorm = 1.1857, lr_0 = 2.0142e-04
Validation auc = 0.871453
Validation accuracy = 0.952381
Epoch 21
Loss = 1.5801e-01, PNorm = 31.9035, GNorm = 0.7688, lr_0 = 1.9598e-04
Loss = 1.3959e-01, PNorm = 31.9360, GNorm = 0.4649, lr_0 = 1.9115e-04
Loss = 1.1015e-01, PNorm = 31.9528, GNorm = 0.2945, lr_0 = 1.8645e-04
Validation auc = 0.897778
Validation accuracy = 0.961905
Epoch 22
Loss = 4.0480e-02, PNorm = 31.9667, GNorm = 0.2244, lr_0 = 1.8186e-04
Loss = 9.7259e-02, PNorm = 31.9845, GNorm = 0.3353, lr_0 = 1.7739e-04
Loss = 9.9492e-02, PNorm = 32.0015, GNorm = 0.4644, lr_0 = 1.7302e-04
Loss = 1.4553e-01, PNorm = 32.0210, GNorm = 0.5680, lr_0 = 1.6876e-04
Validation auc = 0.898120
Validation accuracy = 0.957143
Epoch 23
Loss = 7.3358e-02, PNorm = 32.0418, GNorm = 0.3755, lr_0 = 1.6420e-04
Loss = 1.3637e-01, PNorm = 32.0560, GNorm = 0.3052, lr_0 = 1.6016e-04
Loss = 1.2675e-01, PNorm = 32.0673, GNorm = 0.5341, lr_0 = 1.5622e-04
Validation auc = 0.888889
Validation accuracy = 0.961905
Epoch 24
Loss = 8.3412e-02, PNorm = 32.0873, GNorm = 0.5212, lr_0 = 1.5237e-04
Loss = 1.1625e-01, PNorm = 32.1059, GNorm = 0.5425, lr_0 = 1.4862e-04
Loss = 1.0183e-01, PNorm = 32.1186, GNorm = 0.4817, lr_0 = 1.4496e-04
Loss = 1.3819e-01, PNorm = 32.1282, GNorm = 1.2169, lr_0 = 1.4139e-04
Validation auc = 0.898462
Validation accuracy = 0.957143
Epoch 25
Loss = 1.2177e-01, PNorm = 32.1499, GNorm = 0.2914, lr_0 = 1.3791e-04
Loss = 9.8503e-02, PNorm = 32.1661, GNorm = 0.5130, lr_0 = 1.3452e-04
Loss = 1.2885e-01, PNorm = 32.1765, GNorm = 0.4187, lr_0 = 1.3121e-04
Validation auc = 0.893333
Validation accuracy = 0.957143
Epoch 26
Loss = 1.3619e-01, PNorm = 32.1909, GNorm = 0.8043, lr_0 = 1.2766e-04
Loss = 1.0360e-01, PNorm = 32.2043, GNorm = 0.5492, lr_0 = 1.2452e-04
Loss = 1.0039e-01, PNorm = 32.2232, GNorm = 0.4574, lr_0 = 1.2146e-04
Validation auc = 0.886838
Validation accuracy = 0.947619
Epoch 27
Loss = 9.5947e-02, PNorm = 32.2307, GNorm = 0.3472, lr_0 = 1.1847e-04
Loss = 1.2205e-01, PNorm = 32.2363, GNorm = 0.7717, lr_0 = 1.1555e-04
Loss = 1.1224e-01, PNorm = 32.2488, GNorm = 0.5951, lr_0 = 1.1271e-04
Loss = 1.0133e-01, PNorm = 32.2601, GNorm = 0.5147, lr_0 = 1.0993e-04
Loss = 6.0635e-02, PNorm = 32.2611, GNorm = 1.0152, lr_0 = 1.0966e-04
Validation auc = 0.896068
Validation accuracy = 0.961905
Epoch 28
Loss = 1.0242e-01, PNorm = 32.2724, GNorm = 0.4055, lr_0 = 1.0696e-04
Loss = 1.2613e-01, PNorm = 32.2817, GNorm = 0.7474, lr_0 = 1.0433e-04
Loss = 1.0258e-01, PNorm = 32.2981, GNorm = 0.6263, lr_0 = 1.0176e-04
Validation auc = 0.891282
Validation accuracy = 0.961905
Epoch 29
Loss = 1.7334e-01, PNorm = 32.2994, GNorm = 0.5872, lr_0 = 1.0000e-04
Loss = 1.0075e-01, PNorm = 32.3139, GNorm = 0.2882, lr_0 = 1.0000e-04
Loss = 9.1640e-02, PNorm = 32.3253, GNorm = 0.5231, lr_0 = 1.0000e-04
Validation auc = 0.892308
Validation accuracy = 0.966667
Model 0 best validation auc = 0.908034 on epoch 11
Loading pretrained parameter "encoder.encoder.0.cached_zero_vector".
Loading pretrained parameter "encoder.encoder.0.W_i.weight".
Loading pretrained parameter "encoder.encoder.0.W_h.weight".
Loading pretrained parameter "encoder.encoder.0.W_o.weight".
Loading pretrained parameter "encoder.encoder.0.W_o.bias".
Loading pretrained parameter "ffn.1.weight".
Loading pretrained parameter "ffn.1.bias".
Model 0 test auc = 0.972291
Model 0 test accuracy = 0.971564
Ensemble test auc = 0.972291
Ensemble test accuracy = 0.971564
Fold 1
Splitting data with seed 43
Class sizes
Active 0: 94.86%, 1: 5.14%
Total size = 2,101 | train size = 1,680 | val size = 210 | test size = 211
Building model 0
MoleculeModel(
  (sigmoid): Sigmoid()
  (encoder): MPN(
    (encoder): ModuleList(
      (0): MPNEncoder(
        (dropout_layer): Dropout(p=0.0, inplace=False)
        (act_func): ReLU()
        (W_i): Linear(in_features=147, out_features=300, bias=False)
        (W_h): Linear(in_features=300, out_features=300, bias=False)
        (W_o): Linear(in_features=433, out_features=300, bias=True)
      )
    )
  )
  (ffn): Sequential(
    (0): Dropout(p=0.0, inplace=False)
    (1): Linear(in_features=300, out_features=1, bias=True)
  )
)
Number of parameters = 264,901
Epoch 0
Loss = 3.8105e-01, PNorm = 29.2057, GNorm = 0.4407, lr_0 = 2.5000e-04
Loss = 2.2030e-01, PNorm = 29.2153, GNorm = 0.1794, lr_0 = 3.8636e-04
Loss = 2.3823e-01, PNorm = 29.2172, GNorm = 0.1894, lr_0 = 5.2273e-04
Validation auc = 0.569375
Validation accuracy = 0.957143
Epoch 1
Loss = 2.1352e-01, PNorm = 29.2288, GNorm = 0.5717, lr_0 = 6.7273e-04
Loss = 2.1064e-01, PNorm = 29.2476, GNorm = 0.3664, lr_0 = 8.0909e-04
Loss = 2.1732e-01, PNorm = 29.2684, GNorm = 0.1465, lr_0 = 9.4545e-04
Validation auc = 0.744610
Validation accuracy = 0.957143
Epoch 2
Loss = 1.5892e-01, PNorm = 29.3082, GNorm = 0.3740, lr_0 = 9.8516e-04
Loss = 1.5883e-01, PNorm = 29.3504, GNorm = 0.1459, lr_0 = 9.6091e-04
Loss = 2.3517e-01, PNorm = 29.3909, GNorm = 0.7704, lr_0 = 9.3726e-04
Loss = 2.3238e-01, PNorm = 29.4215, GNorm = 0.1995, lr_0 = 9.1420e-04
Loss = 2.3746e-01, PNorm = 29.4251, GNorm = 0.2078, lr_0 = 9.1192e-04
Validation auc = 0.767275
Validation accuracy = 0.957143
Epoch 3
Loss = 1.8389e-01, PNorm = 29.4708, GNorm = 0.1646, lr_0 = 8.8948e-04
Loss = 2.0465e-01, PNorm = 29.5032, GNorm = 0.3185, lr_0 = 8.6758e-04
Loss = 1.8632e-01, PNorm = 29.5622, GNorm = 0.1483, lr_0 = 8.4623e-04
Validation auc = 0.747927
Validation accuracy = 0.957143
Epoch 4
Loss = 1.7839e-01, PNorm = 29.6171, GNorm = 0.2115, lr_0 = 8.2540e-04
Loss = 1.6852e-01, PNorm = 29.6983, GNorm = 0.2230, lr_0 = 8.0509e-04
Loss = 2.1908e-01, PNorm = 29.7330, GNorm = 2.9084, lr_0 = 7.8527e-04
Validation auc = 0.749585
Validation accuracy = 0.957143
Epoch 5
Loss = 2.6261e-01, PNorm = 29.7917, GNorm = 0.4977, lr_0 = 7.6595e-04
Loss = 1.4216e-01, PNorm = 29.8334, GNorm = 0.2290, lr_0 = 7.4710e-04
Loss = 2.0020e-01, PNorm = 29.8769, GNorm = 0.2013, lr_0 = 7.2871e-04
Loss = 2.1210e-01, PNorm = 29.9074, GNorm = 0.1899, lr_0 = 7.1077e-04
Validation auc = 0.799889
Validation accuracy = 0.957143
Epoch 6
Loss = 1.7224e-01, PNorm = 29.9622, GNorm = 0.4789, lr_0 = 6.9156e-04
Loss = 1.5538e-01, PNorm = 30.0100, GNorm = 0.1021, lr_0 = 6.7453e-04
Loss = 1.9235e-01, PNorm = 30.0625, GNorm = 0.2048, lr_0 = 6.5793e-04
Validation auc = 0.802101
Validation accuracy = 0.957143
Epoch 7
Loss = 1.8221e-01, PNorm = 30.0966, GNorm = 0.2410, lr_0 = 6.4174e-04
Loss = 1.8820e-01, PNorm = 30.1388, GNorm = 0.3738, lr_0 = 6.2595e-04
Loss = 1.4986e-01, PNorm = 30.1897, GNorm = 0.5919, lr_0 = 6.1054e-04
Validation auc = 0.804865
Validation accuracy = 0.952381
Epoch 8
Loss = 1.7381e-01, PNorm = 30.2485, GNorm = 0.1322, lr_0 = 5.9403e-04
Loss = 1.4909e-01, PNorm = 30.2973, GNorm = 0.4422, lr_0 = 5.7941e-04
Loss = 1.5108e-01, PNorm = 30.3507, GNorm = 0.2822, lr_0 = 5.6515e-04
Loss = 2.0020e-01, PNorm = 30.3849, GNorm = 0.4139, lr_0 = 5.5124e-04
Validation auc = 0.789386
Validation accuracy = 0.942857
Epoch 9
Loss = 1.5773e-01, PNorm = 30.4376, GNorm = 0.1642, lr_0 = 5.3767e-04
Loss = 1.6597e-01, PNorm = 30.4832, GNorm = 0.2692, lr_0 = 5.2444e-04
Loss = 1.3864e-01, PNorm = 30.5413, GNorm = 0.5828, lr_0 = 5.1153e-04
Validation auc = 0.831399
Validation accuracy = 0.942857
Epoch 10
Loss = 1.3638e-01, PNorm = 30.5664, GNorm = 1.0605, lr_0 = 4.9894e-04
Loss = 2.1066e-01, PNorm = 30.6218, GNorm = 0.2849, lr_0 = 4.8666e-04
Loss = 1.1545e-01, PNorm = 30.6792, GNorm = 0.1427, lr_0 = 4.7469e-04
Validation auc = 0.835268
Validation accuracy = 0.947619
Epoch 11
Loss = 1.0316e-01, PNorm = 30.7160, GNorm = 0.6255, lr_0 = 4.6185e-04
Loss = 1.3473e-01, PNorm = 30.7719, GNorm = 0.2711, lr_0 = 4.5048e-04
Loss = 1.6793e-01, PNorm = 30.7980, GNorm = 0.6065, lr_0 = 4.3940e-04
Loss = 1.6932e-01, PNorm = 30.8476, GNorm = 0.7022, lr_0 = 4.2858e-04
Validation auc = 0.862908
Validation accuracy = 0.942857
Epoch 12
Loss = 1.8043e-01, PNorm = 30.8856, GNorm = 0.3301, lr_0 = 4.1803e-04
Loss = 1.1196e-01, PNorm = 30.9281, GNorm = 0.3239, lr_0 = 4.0775e-04
Loss = 1.5354e-01, PNorm = 30.9565, GNorm = 0.3468, lr_0 = 3.9771e-04
Validation auc = 0.868988
Validation accuracy = 0.947619
Epoch 13
Loss = 8.8265e-02, PNorm = 31.0099, GNorm = 0.5098, lr_0 = 3.8696e-04
Loss = 1.7650e-01, PNorm = 31.0417, GNorm = 0.9930, lr_0 = 3.7743e-04
Loss = 1.7131e-01, PNorm = 31.0821, GNorm = 0.5411, lr_0 = 3.6814e-04
Loss = 1.0985e-01, PNorm = 31.1213, GNorm = 0.3559, lr_0 = 3.5908e-04
Validation auc = 0.864013
Validation accuracy = 0.957143
Epoch 14
Loss = 1.6052e-01, PNorm = 31.1581, GNorm = 0.4732, lr_0 = 3.5025e-04
Loss = 1.1555e-01, PNorm = 31.2092, GNorm = 0.9145, lr_0 = 3.4163e-04
Loss = 1.6968e-01, PNorm = 31.2223, GNorm = 0.9002, lr_0 = 3.3322e-04
Validation auc = 0.889994
Validation accuracy = 0.947619
Epoch 15
Loss = 1.2990e-01, PNorm = 31.2628, GNorm = 0.2599, lr_0 = 3.2502e-04
Loss = 1.6205e-01, PNorm = 31.2935, GNorm = 0.7706, lr_0 = 3.1702e-04
Loss = 1.1632e-01, PNorm = 31.3288, GNorm = 0.3950, lr_0 = 3.0921e-04
Validation auc = 0.884467
Validation accuracy = 0.947619
Epoch 16
Loss = 1.0336e-01, PNorm = 31.3608, GNorm = 0.2640, lr_0 = 3.0085e-04
Loss = 1.4594e-01, PNorm = 31.3913, GNorm = 0.3332, lr_0 = 2.9345e-04
Loss = 1.1062e-01, PNorm = 31.4204, GNorm = 0.3332, lr_0 = 2.8623e-04
Loss = 1.5327e-01, PNorm = 31.4416, GNorm = 0.6839, lr_0 = 2.7918e-04
Validation auc = 0.888889
Validation accuracy = 0.947619
Epoch 17
Loss = 1.0606e-01, PNorm = 31.4779, GNorm = 0.7228, lr_0 = 2.7231e-04
Loss = 1.3050e-01, PNorm = 31.4973, GNorm = 0.6759, lr_0 = 2.6561e-04
Loss = 1.2393e-01, PNorm = 31.5269, GNorm = 0.6326, lr_0 = 2.5907e-04
Validation auc = 0.902709
Validation accuracy = 0.952381
Epoch 18
Loss = 1.4724e-01, PNorm = 31.5524, GNorm = 0.9029, lr_0 = 2.5207e-04
Loss = 1.2080e-01, PNorm = 31.5881, GNorm = 0.3565, lr_0 = 2.4586e-04
Loss = 1.3297e-01, PNorm = 31.6091, GNorm = 0.5256, lr_0 = 2.3981e-04
Validation auc = 0.922056
Validation accuracy = 0.952381
Epoch 19
Loss = 8.9119e-02, PNorm = 31.6371, GNorm = 0.3889, lr_0 = 2.3391e-04
Loss = 1.6946e-01, PNorm = 31.6472, GNorm = 0.4005, lr_0 = 2.2815e-04
Loss = 1.1400e-01, PNorm = 31.6724, GNorm = 0.9096, lr_0 = 2.2254e-04
Loss = 1.2829e-01, PNorm = 31.6965, GNorm = 0.2567, lr_0 = 2.1706e-04
Validation auc = 0.919845
Validation accuracy = 0.952381
Epoch 20
Loss = 1.3110e-01, PNorm = 31.7179, GNorm = 0.8783, lr_0 = 2.1172e-04
Loss = 1.1866e-01, PNorm = 31.7482, GNorm = 0.1773, lr_0 = 2.0651e-04
Loss = 1.2889e-01, PNorm = 31.7624, GNorm = 0.7006, lr_0 = 2.0142e-04
Validation auc = 0.901603
Validation accuracy = 0.947619
Epoch 21
Loss = 1.6224e-01, PNorm = 31.7776, GNorm = 0.5028, lr_0 = 1.9598e-04
Loss = 1.5256e-01, PNorm = 31.7987, GNorm = 0.6257, lr_0 = 1.9115e-04
Loss = 1.0599e-01, PNorm = 31.8184, GNorm = 0.8263, lr_0 = 1.8645e-04
Validation auc = 0.926479
Validation accuracy = 0.961905
Epoch 22
Loss = 1.3316e-01, PNorm = 31.8412, GNorm = 0.7194, lr_0 = 1.8186e-04
Loss = 1.1567e-01, PNorm = 31.8518, GNorm = 1.3452, lr_0 = 1.7739e-04
Loss = 1.0747e-01, PNorm = 31.8732, GNorm = 1.5003, lr_0 = 1.7302e-04
Loss = 1.6400e-01, PNorm = 31.8829, GNorm = 1.5956, lr_0 = 1.6876e-04
Validation auc = 0.923162
Validation accuracy = 0.952381
Epoch 23
Loss = 1.1068e-01, PNorm = 31.9030, GNorm = 0.2801, lr_0 = 1.6420e-04
Loss = 1.5176e-01, PNorm = 31.9096, GNorm = 0.5116, lr_0 = 1.6016e-04
Loss = 1.0113e-01, PNorm = 31.9304, GNorm = 0.7276, lr_0 = 1.5622e-04
Validation auc = 0.932007
Validation accuracy = 0.957143
Epoch 24
Loss = 1.3912e-01, PNorm = 31.9416, GNorm = 0.1906, lr_0 = 1.5237e-04
Loss = 1.4476e-01, PNorm = 31.9562, GNorm = 0.2621, lr_0 = 1.4862e-04
Loss = 8.6901e-02, PNorm = 31.9735, GNorm = 0.7036, lr_0 = 1.4496e-04
Loss = 1.1608e-01, PNorm = 31.9829, GNorm = 1.0634, lr_0 = 1.4139e-04
Validation auc = 0.917081
Validation accuracy = 0.952381
Epoch 25
Loss = 1.3128e-01, PNorm = 31.9977, GNorm = 0.3276, lr_0 = 1.3791e-04
Loss = 1.2769e-01, PNorm = 32.0133, GNorm = 0.7319, lr_0 = 1.3452e-04
Loss = 1.1118e-01, PNorm = 32.0223, GNorm = 0.4030, lr_0 = 1.3121e-04
Validation auc = 0.920398
Validation accuracy = 0.952381
Epoch 26
Loss = 9.9177e-02, PNorm = 32.0393, GNorm = 0.4244, lr_0 = 1.2766e-04
Loss = 1.3501e-01, PNorm = 32.0462, GNorm = 1.0476, lr_0 = 1.2452e-04
Loss = 1.2211e-01, PNorm = 32.0655, GNorm = 1.1694, lr_0 = 1.2146e-04
Validation auc = 0.933665
Validation accuracy = 0.961905
Epoch 27
Loss = 1.4631e-01, PNorm = 32.0764, GNorm = 1.1787, lr_0 = 1.1847e-04
Loss = 1.1647e-01, PNorm = 32.0854, GNorm = 0.9281, lr_0 = 1.1555e-04
Loss = 1.3775e-01, PNorm = 32.0988, GNorm = 1.6701, lr_0 = 1.1271e-04
Loss = 7.7221e-02, PNorm = 32.1077, GNorm = 0.8951, lr_0 = 1.0993e-04
Loss = 2.3285e-01, PNorm = 32.1089, GNorm = 0.9900, lr_0 = 1.0966e-04
Validation auc = 0.933665
Validation accuracy = 0.952381
Epoch 28
Loss = 1.1408e-01, PNorm = 32.1178, GNorm = 0.6983, lr_0 = 1.0696e-04
Loss = 1.0719e-01, PNorm = 32.1268, GNorm = 0.4196, lr_0 = 1.0433e-04
Loss = 1.0676e-01, PNorm = 32.1375, GNorm = 0.3514, lr_0 = 1.0176e-04
Validation auc = 0.929243
Validation accuracy = 0.952381
Epoch 29
Loss = 1.2046e-01, PNorm = 32.1462, GNorm = 0.5019, lr_0 = 1.0000e-04
Loss = 1.2219e-01, PNorm = 32.1561, GNorm = 0.9135, lr_0 = 1.0000e-04
Loss = 1.0387e-01, PNorm = 32.1683, GNorm = 0.2275, lr_0 = 1.0000e-04
Validation auc = 0.922056
Validation accuracy = 0.952381
Model 0 best validation auc = 0.933665 on epoch 26
Loading pretrained parameter "encoder.encoder.0.cached_zero_vector".
Loading pretrained parameter "encoder.encoder.0.W_i.weight".
Loading pretrained parameter "encoder.encoder.0.W_h.weight".
Loading pretrained parameter "encoder.encoder.0.W_o.weight".
Loading pretrained parameter "encoder.encoder.0.W_o.bias".
Loading pretrained parameter "ffn.1.weight".
Loading pretrained parameter "ffn.1.bias".
Model 0 test auc = 0.992683
Model 0 test accuracy = 0.981043
Ensemble test auc = 0.992683
Ensemble test accuracy = 0.981043
Fold 2
Splitting data with seed 44
Class sizes
Active 0: 94.86%, 1: 5.14%
Total size = 2,101 | train size = 1,680 | val size = 210 | test size = 211
Building model 0
MoleculeModel(
  (sigmoid): Sigmoid()
  (encoder): MPN(
    (encoder): ModuleList(
      (0): MPNEncoder(
        (dropout_layer): Dropout(p=0.0, inplace=False)
        (act_func): ReLU()
        (W_i): Linear(in_features=147, out_features=300, bias=False)
        (W_h): Linear(in_features=300, out_features=300, bias=False)
        (W_o): Linear(in_features=433, out_features=300, bias=True)
      )
    )
  )
  (ffn): Sequential(
    (0): Dropout(p=0.0, inplace=False)
    (1): Linear(in_features=300, out_features=1, bias=True)
  )
)
Number of parameters = 264,901
Epoch 0
Loss = 4.0060e-01, PNorm = 29.2054, GNorm = 0.9120, lr_0 = 2.5000e-04
Loss = 2.6669e-01, PNorm = 29.2133, GNorm = 0.6761, lr_0 = 3.8636e-04
Loss = 2.2150e-01, PNorm = 29.2171, GNorm = 0.1019, lr_0 = 5.2273e-04
Validation auc = 0.723161
Validation accuracy = 0.947619
Epoch 1
Loss = 2.2184e-01, PNorm = 29.2310, GNorm = 0.5607, lr_0 = 6.7273e-04
Loss = 1.7035e-01, PNorm = 29.2473, GNorm = 0.2735, lr_0 = 8.0909e-04
Loss = 2.1685e-01, PNorm = 29.2686, GNorm = 0.3869, lr_0 = 9.4545e-04
Validation auc = 0.585199
Validation accuracy = 0.947619
Epoch 2
Loss = 2.3612e-01, PNorm = 29.2982, GNorm = 0.1584, lr_0 = 9.8516e-04
Loss = 1.8443e-01, PNorm = 29.3504, GNorm = 0.5789, lr_0 = 9.6091e-04
Loss = 1.6130e-01, PNorm = 29.3976, GNorm = 0.1343, lr_0 = 9.3726e-04
Loss = 2.6369e-01, PNorm = 29.4167, GNorm = 0.5427, lr_0 = 9.1420e-04
Loss = 2.0997e-01, PNorm = 29.4199, GNorm = 0.3590, lr_0 = 9.1192e-04
Validation auc = 0.523527
Validation accuracy = 0.947619
Epoch 3
Loss = 1.7986e-01, PNorm = 29.4646, GNorm = 1.0271, lr_0 = 8.8948e-04
Loss = 1.9068e-01, PNorm = 29.4955, GNorm = 0.6028, lr_0 = 8.6758e-04
Loss = 1.8961e-01, PNorm = 29.5423, GNorm = 0.2398, lr_0 = 8.4623e-04
Validation auc = 0.496574
Validation accuracy = 0.947619
Epoch 4
Loss = 1.7489e-01, PNorm = 29.5931, GNorm = 0.2766, lr_0 = 8.2540e-04
Loss = 1.8020e-01, PNorm = 29.6311, GNorm = 0.5019, lr_0 = 8.0509e-04
Loss = 2.0316e-01, PNorm = 29.6885, GNorm = 0.7535, lr_0 = 7.8527e-04
Validation auc = 0.537232
Validation accuracy = 0.947619
Epoch 5
Loss = 2.2594e-01, PNorm = 29.7198, GNorm = 0.2924, lr_0 = 7.6595e-04
Loss = 1.7891e-01, PNorm = 29.7707, GNorm = 0.1081, lr_0 = 7.4710e-04
Loss = 1.8560e-01, PNorm = 29.8099, GNorm = 0.4270, lr_0 = 7.2871e-04
Loss = 1.6049e-01, PNorm = 29.8626, GNorm = 0.3433, lr_0 = 7.1077e-04
Validation auc = 0.572864
Validation accuracy = 0.947619
Epoch 6
Loss = 1.4734e-01, PNorm = 29.9138, GNorm = 0.2399, lr_0 = 6.9156e-04
Loss = 1.7146e-01, PNorm = 29.9623, GNorm = 0.1385, lr_0 = 6.7453e-04
Loss = 1.9183e-01, PNorm = 29.9950, GNorm = 0.5708, lr_0 = 6.5793e-04
Validation auc = 0.600274
Validation accuracy = 0.947619
Epoch 7
Loss = 1.5810e-01, PNorm = 30.0483, GNorm = 0.5317, lr_0 = 6.4174e-04
Loss = 1.5925e-01, PNorm = 30.1178, GNorm = 0.3298, lr_0 = 6.2595e-04
Loss = 1.7608e-01, PNorm = 30.1514, GNorm = 1.4761, lr_0 = 6.1054e-04
Validation auc = 0.638191
Validation accuracy = 0.947619
Epoch 8
Loss = 3.1457e-01, PNorm = 30.1889, GNorm = 0.6098, lr_0 = 5.9403e-04
Loss = 1.5533e-01, PNorm = 30.2345, GNorm = 0.2314, lr_0 = 5.7941e-04
Loss = 1.4484e-01, PNorm = 30.2845, GNorm = 0.3158, lr_0 = 5.6515e-04
Loss = 1.5935e-01, PNorm = 30.3321, GNorm = 0.3648, lr_0 = 5.5124e-04
Validation auc = 0.633623
Validation accuracy = 0.947619
Epoch 9
Loss = 1.0944e-01, PNorm = 30.3697, GNorm = 0.9797, lr_0 = 5.3767e-04
Loss = 2.0901e-01, PNorm = 30.4126, GNorm = 0.3605, lr_0 = 5.2444e-04
Loss = 1.3327e-01, PNorm = 30.4548, GNorm = 0.2870, lr_0 = 5.1153e-04
Validation auc = 0.650525
Validation accuracy = 0.942857
Epoch 10
Loss = 1.9394e-01, PNorm = 30.4962, GNorm = 0.3092, lr_0 = 4.9894e-04
Loss = 1.2930e-01, PNorm = 30.5486, GNorm = 0.2473, lr_0 = 4.8666e-04
Loss = 1.3859e-01, PNorm = 30.5840, GNorm = 0.7512, lr_0 = 4.7469e-04
Validation auc = 0.575148
Validation accuracy = 0.947619
Epoch 11
Loss = 9.1738e-02, PNorm = 30.6224, GNorm = 0.4715, lr_0 = 4.6185e-04
Loss = 1.4080e-01, PNorm = 30.6750, GNorm = 0.1365, lr_0 = 4.5048e-04
Loss = 1.2985e-01, PNorm = 30.7074, GNorm = 0.5197, lr_0 = 4.3940e-04
Loss = 1.7286e-01, PNorm = 30.7478, GNorm = 0.4761, lr_0 = 4.2858e-04
Validation auc = 0.626770
Validation accuracy = 0.947619
Epoch 12
Loss = 1.3112e-01, PNorm = 30.7816, GNorm = 0.4957, lr_0 = 4.1803e-04
Loss = 1.1994e-01, PNorm = 30.8194, GNorm = 0.4336, lr_0 = 4.0775e-04
Loss = 1.6542e-01, PNorm = 30.8646, GNorm = 0.9427, lr_0 = 3.9771e-04
Validation auc = 0.669255
Validation accuracy = 0.942857
Epoch 13
Loss = 1.2947e-01, PNorm = 30.9086, GNorm = 0.4244, lr_0 = 3.8696e-04
Loss = 1.0636e-01, PNorm = 30.9442, GNorm = 0.5921, lr_0 = 3.7743e-04
Loss = 1.7589e-01, PNorm = 30.9769, GNorm = 0.4684, lr_0 = 3.6814e-04
Loss = 1.3366e-01, PNorm = 31.0048, GNorm = 1.1959, lr_0 = 3.5908e-04
Validation auc = 0.679306
Validation accuracy = 0.942857
Epoch 14
Loss = 1.2380e-01, PNorm = 31.0297, GNorm = 0.6882, lr_0 = 3.5025e-04
Loss = 1.2510e-01, PNorm = 31.0723, GNorm = 0.3338, lr_0 = 3.4163e-04
Loss = 1.3003e-01, PNorm = 31.1032, GNorm = 0.5412, lr_0 = 3.3322e-04
Validation auc = 0.660576
Validation accuracy = 0.947619
Epoch 15
Loss = 1.1747e-01, PNorm = 31.1387, GNorm = 0.4549, lr_0 = 3.2502e-04
Loss = 8.7049e-02, PNorm = 31.1649, GNorm = 0.4208, lr_0 = 3.1702e-04
Loss = 1.3331e-01, PNorm = 31.1908, GNorm = 0.8724, lr_0 = 3.0921e-04
Validation auc = 0.650525
Validation accuracy = 0.933333
Epoch 16
Loss = 1.7648e-01, PNorm = 31.2177, GNorm = 0.3255, lr_0 = 3.0085e-04
Loss = 1.0697e-01, PNorm = 31.2552, GNorm = 0.5107, lr_0 = 2.9345e-04
Loss = 1.3067e-01, PNorm = 31.2752, GNorm = 0.6220, lr_0 = 2.8623e-04
Loss = 1.2997e-01, PNorm = 31.3167, GNorm = 0.4106, lr_0 = 2.7918e-04
Validation auc = 0.683417
Validation accuracy = 0.942857
Epoch 17
Loss = 1.3811e-01, PNorm = 31.3402, GNorm = 0.3915, lr_0 = 2.7231e-04
Loss = 1.2403e-01, PNorm = 31.3686, GNorm = 0.4934, lr_0 = 2.6561e-04
Loss = 9.8413e-02, PNorm = 31.3907, GNorm = 0.1474, lr_0 = 2.5907e-04
Validation auc = 0.698492
Validation accuracy = 0.952381
Epoch 18
Loss = 1.2712e-01, PNorm = 31.4114, GNorm = 0.3865, lr_0 = 2.5207e-04
Loss = 1.1484e-01, PNorm = 31.4355, GNorm = 0.1571, lr_0 = 2.4586e-04
Loss = 1.1016e-01, PNorm = 31.4645, GNorm = 0.8009, lr_0 = 2.3981e-04
Validation auc = 0.676108
Validation accuracy = 0.933333
Epoch 19
Loss = 6.8230e-02, PNorm = 31.4821, GNorm = 0.6422, lr_0 = 2.3391e-04
Loss = 1.2500e-01, PNorm = 31.5092, GNorm = 0.8524, lr_0 = 2.2815e-04
Loss = 1.2966e-01, PNorm = 31.5309, GNorm = 0.2308, lr_0 = 2.2254e-04
Loss = 1.0528e-01, PNorm = 31.5574, GNorm = 1.0733, lr_0 = 2.1706e-04
Validation auc = 0.718593
Validation accuracy = 0.952381
Epoch 20
Loss = 1.1409e-01, PNorm = 31.5710, GNorm = 0.6264, lr_0 = 2.1172e-04
Loss = 1.1955e-01, PNorm = 31.5934, GNorm = 0.4029, lr_0 = 2.0651e-04
Loss = 1.0989e-01, PNorm = 31.6129, GNorm = 0.4303, lr_0 = 2.0142e-04
Validation auc = 0.703061
Validation accuracy = 0.938095
Epoch 21
Loss = 1.2505e-01, PNorm = 31.6310, GNorm = 0.2922, lr_0 = 1.9598e-04
Loss = 1.0025e-01, PNorm = 31.6545, GNorm = 0.4414, lr_0 = 1.9115e-04
Loss = 1.2502e-01, PNorm = 31.6682, GNorm = 0.6393, lr_0 = 1.8645e-04
Validation auc = 0.714938
Validation accuracy = 0.947619
Epoch 22
Loss = 1.5900e-01, PNorm = 31.6936, GNorm = 0.4142, lr_0 = 1.8186e-04
Loss = 1.1651e-01, PNorm = 31.7049, GNorm = 0.7082, lr_0 = 1.7739e-04
Loss = 8.6755e-02, PNorm = 31.7250, GNorm = 0.7554, lr_0 = 1.7302e-04
Loss = 1.2880e-01, PNorm = 31.7338, GNorm = 0.8611, lr_0 = 1.6876e-04
Validation auc = 0.708543
Validation accuracy = 0.938095
Epoch 23
Loss = 1.1297e-01, PNorm = 31.7572, GNorm = 0.7199, lr_0 = 1.6420e-04
Loss = 1.0392e-01, PNorm = 31.7710, GNorm = 0.5984, lr_0 = 1.6016e-04
Loss = 1.2897e-01, PNorm = 31.7854, GNorm = 0.3159, lr_0 = 1.5622e-04
Validation auc = 0.726816
Validation accuracy = 0.952381
Epoch 24
Loss = 1.5650e-01, PNorm = 31.8053, GNorm = 1.1064, lr_0 = 1.5237e-04
Loss = 1.0869e-01, PNorm = 31.8152, GNorm = 1.0331, lr_0 = 1.4862e-04
Loss = 1.1127e-01, PNorm = 31.8339, GNorm = 0.5674, lr_0 = 1.4496e-04
Loss = 7.9315e-02, PNorm = 31.8474, GNorm = 1.1890, lr_0 = 1.4139e-04
Validation auc = 0.739150
Validation accuracy = 0.952381
Epoch 25
Loss = 1.0541e-01, PNorm = 31.8578, GNorm = 1.9082, lr_0 = 1.3791e-04
Loss = 1.2323e-01, PNorm = 31.8760, GNorm = 0.3032, lr_0 = 1.3452e-04
Loss = 8.6441e-02, PNorm = 31.8869, GNorm = 0.8560, lr_0 = 1.3121e-04
Validation auc = 0.734582
Validation accuracy = 0.952381
Epoch 26
Loss = 8.2376e-02, PNorm = 31.8994, GNorm = 0.1761, lr_0 = 1.2766e-04
Loss = 1.0419e-01, PNorm = 31.9085, GNorm = 0.3457, lr_0 = 1.2452e-04
Loss = 9.9504e-02, PNorm = 31.9214, GNorm = 0.3207, lr_0 = 1.2146e-04
Validation auc = 0.735496
Validation accuracy = 0.947619
Epoch 27
Loss = 6.0326e-02, PNorm = 31.9331, GNorm = 0.3520, lr_0 = 1.1847e-04
Loss = 1.1751e-01, PNorm = 31.9416, GNorm = 0.3932, lr_0 = 1.1555e-04
Loss = 9.2566e-02, PNorm = 31.9583, GNorm = 0.4941, lr_0 = 1.1271e-04
Loss = 1.0062e-01, PNorm = 31.9693, GNorm = 0.4328, lr_0 = 1.0993e-04
Loss = 1.6956e-01, PNorm = 31.9702, GNorm = 0.7114, lr_0 = 1.0966e-04
Validation auc = 0.738237
Validation accuracy = 0.952381
Epoch 28
Loss = 1.0940e-01, PNorm = 31.9766, GNorm = 0.9244, lr_0 = 1.0696e-04
Loss = 9.2676e-02, PNorm = 31.9882, GNorm = 0.5639, lr_0 = 1.0433e-04
Loss = 1.0931e-01, PNorm = 31.9962, GNorm = 0.2348, lr_0 = 1.0176e-04
Validation auc = 0.740064
Validation accuracy = 0.947619
Epoch 29
Loss = 5.3877e-02, PNorm = 32.0090, GNorm = 0.2738, lr_0 = 1.0000e-04
Loss = 9.2047e-02, PNorm = 32.0182, GNorm = 0.6777, lr_0 = 1.0000e-04
Loss = 1.1676e-01, PNorm = 32.0274, GNorm = 0.6129, lr_0 = 1.0000e-04
Validation auc = 0.742805
Validation accuracy = 0.952381
Model 0 best validation auc = 0.742805 on epoch 29
Loading pretrained parameter "encoder.encoder.0.cached_zero_vector".
Loading pretrained parameter "encoder.encoder.0.W_i.weight".
Loading pretrained parameter "encoder.encoder.0.W_h.weight".
Loading pretrained parameter "encoder.encoder.0.W_o.weight".
Loading pretrained parameter "encoder.encoder.0.W_o.bias".
Loading pretrained parameter "ffn.1.weight".
Loading pretrained parameter "ffn.1.bias".
Model 0 test auc = 0.892683
Model 0 test accuracy = 0.971564
Ensemble test auc = 0.892683
Ensemble test accuracy = 0.971564
3-fold cross validation
	Seed 42 ==> test auc = 0.972291
	Seed 42 ==> test accuracy = 0.971564
	Seed 43 ==> test auc = 0.992683
	Seed 43 ==> test accuracy = 0.981043
	Seed 44 ==> test auc = 0.892683
	Seed 44 ==> test accuracy = 0.971564
Overall test auc = 0.952552 +/- 0.043145
Overall test accuracy = 0.974724 +/- 0.004468
Elapsed time = 0:13:38
