Command line
python /Users/anastasiakuznecova/PycharmProjects/chemprop-master/Testing Chemprop for project.py
Args
{'activation': 'ReLU',
 'adding_h': False,
 'aggregation': 'transformer',
 'aggregation_norm': 100,
 'atom_descriptor_scaling': True,
 'atom_descriptors': None,
 'atom_descriptors_path': None,
 'atom_descriptors_size': 0,
 'atom_features_size': 0,
 'atom_messages': False,
 'batch_size': 50,
 'bias': False,
 'bias_solvent': False,
 'bond_feature_scaling': True,
 'bond_features_path': None,
 'bond_features_size': 0,
 'cache_cutoff': 10000,
 'checkpoint_dir': None,
 'checkpoint_frzn': None,
 'checkpoint_path': None,
 'checkpoint_paths': None,
 'class_balance': False,
 'config_path': None,
 'crossval_index_dir': None,
 'crossval_index_file': None,
 'crossval_index_sets': None,
 'cuda': False,
 'data_path': 'tests/data/Halicin_train.csv',
 'data_weights_path': None,
 'dataset_type': 'classification',
 'depth': 3,
 'depth_solvent': 3,
 'device': device(type='cpu'),
 'dropout': 0.0,
 'empty_cache': False,
 'ensemble_size': 1,
 'epochs': 30,
 'evidential_regularization': 0,
 'explicit_h': False,
 'extra_metrics': ['accuracy'],
 'features_generator': None,
 'features_only': False,
 'features_path': None,
 'features_scaling': True,
 'features_size': None,
 'ffn_hidden_size': 300,
 'ffn_num_layers': 3,
 'final_lr': 0.0001,
 'folds_file': None,
 'freeze_first_only': False,
 'frzn_ffn_layers': 0,
 'gpu': None,
 'grad_clip': None,
 'hidden_size': 300,
 'hidden_size_solvent': 300,
 'ignore_columns': None,
 'init_lr': 0.0001,
 'log_frequency': 10,
 'loss_function': 'binary_cross_entropy',
 'max_data_size': None,
 'max_lr': 0.001,
 'metric': 'auc',
 'metrics': ['auc', 'accuracy'],
 'minimize_score': False,
 'mpn_shared': False,
 'multiclass_num_classes': 3,
 'no_atom_descriptor_scaling': False,
 'no_bond_features_scaling': False,
 'no_cache_mol': False,
 'no_cuda': False,
 'no_features_scaling': False,
 'num_folds': 3,
 'num_lrs': 1,
 'num_tasks': 1,
 'num_workers': 8,
 'number_of_molecules': 1,
 'overwrite_default_atom_features': False,
 'overwrite_default_bond_features': False,
 'phase_features_path': None,
 'pytorch_seed': 0,
 'quiet': False,
 'reaction': False,
 'reaction_mode': 'reac_diff',
 'reaction_solvent': False,
 'resume_experiment': False,
 'save_dir': 'classification_checkpoints/transformer/exp0/',
 'save_preds': False,
 'save_smiles_splits': False,
 'seed': 42,
 'separate_test_atom_descriptors_path': None,
 'separate_test_bond_features_path': None,
 'separate_test_features_path': None,
 'separate_test_path': None,
 'separate_test_phase_features_path': None,
 'separate_val_atom_descriptors_path': None,
 'separate_val_bond_features_path': None,
 'separate_val_features_path': None,
 'separate_val_path': None,
 'separate_val_phase_features_path': None,
 'show_individual_scores': False,
 'smiles_columns': ['Smiles'],
 'spectra_activation': 'exp',
 'spectra_phase_mask_path': None,
 'spectra_target_floor': 1e-08,
 'split_key_molecule': 0,
 'split_sizes': [0.8, 0.1, 0.1],
 'split_type': 'random',
 'target_columns': None,
 'target_weights': None,
 'task_names': ['Active'],
 'test': False,
 'test_fold_index': None,
 'train_data_size': None,
 'undirected': False,
 'use_input_features': False,
 'val_fold_index': None,
 'warmup_epochs': 2.0}
Could not write the reproducibility section of the arguments to file, thus omitting this section.
Setting molecule featurization parameters to default.
Loading data
Number of tasks = 1
Fold 0
Splitting data with seed 42
Class sizes
Active 0: 94.86%, 1: 5.14%
Total size = 2,101 | train size = 1,680 | val size = 210 | test size = 211
Building model 0
MoleculeModel(
  (sigmoid): Sigmoid()
  (encoder): MPN(
    (encoder): ModuleList(
      (0): MPNEncoder(
        (dropout_layer): Dropout(p=0.0, inplace=False)
        (act_func): ReLU()
        (W_i): Linear(in_features=147, out_features=300, bias=False)
        (W_h): Linear(in_features=300, out_features=300, bias=False)
        (W_o): Linear(in_features=433, out_features=300, bias=True)
      )
    )
  )
  (ffn): Sequential(
    (0): Dropout(p=0.0, inplace=False)
    (1): Linear(in_features=300, out_features=300, bias=True)
    (2): ReLU()
    (3): Dropout(p=0.0, inplace=False)
    (4): Linear(in_features=300, out_features=300, bias=True)
    (5): ReLU()
    (6): Dropout(p=0.0, inplace=False)
    (7): Linear(in_features=300, out_features=1, bias=True)
  )
)
Number of parameters = 445,501
Epoch 0
Command line
python /Users/anastasiakuznecova/PycharmProjects/chemprop-master/Testing Chemprop for project.py
Args
{'activation': 'ReLU',
 'adding_h': False,
 'aggregation': 'transformer',
 'aggregation_norm': 100,
 'atom_descriptor_scaling': True,
 'atom_descriptors': None,
 'atom_descriptors_path': None,
 'atom_descriptors_size': 0,
 'atom_features_size': 0,
 'atom_messages': False,
 'batch_size': 50,
 'bias': False,
 'bias_solvent': False,
 'bond_feature_scaling': True,
 'bond_features_path': None,
 'bond_features_size': 0,
 'cache_cutoff': 10000,
 'checkpoint_dir': None,
 'checkpoint_frzn': None,
 'checkpoint_path': None,
 'checkpoint_paths': None,
 'class_balance': False,
 'config_path': None,
 'crossval_index_dir': None,
 'crossval_index_file': None,
 'crossval_index_sets': None,
 'cuda': False,
 'data_path': 'tests/data/Halicin_train.csv',
 'data_weights_path': None,
 'dataset_type': 'classification',
 'depth': 3,
 'depth_solvent': 3,
 'device': device(type='cpu'),
 'dropout': 0.0,
 'empty_cache': False,
 'ensemble_size': 1,
 'epochs': 30,
 'evidential_regularization': 0,
 'explicit_h': False,
 'extra_metrics': ['accuracy'],
 'features_generator': None,
 'features_only': False,
 'features_path': None,
 'features_scaling': True,
 'features_size': None,
 'ffn_hidden_size': 300,
 'ffn_num_layers': 3,
 'final_lr': 0.0001,
 'folds_file': None,
 'freeze_first_only': False,
 'frzn_ffn_layers': 0,
 'gpu': None,
 'grad_clip': None,
 'hidden_size': 300,
 'hidden_size_solvent': 300,
 'ignore_columns': None,
 'init_lr': 0.0001,
 'log_frequency': 10,
 'loss_function': 'binary_cross_entropy',
 'max_data_size': None,
 'max_lr': 0.001,
 'metric': 'auc',
 'metrics': ['auc', 'accuracy'],
 'minimize_score': False,
 'mpn_shared': False,
 'multiclass_num_classes': 3,
 'no_atom_descriptor_scaling': False,
 'no_bond_features_scaling': False,
 'no_cache_mol': False,
 'no_cuda': False,
 'no_features_scaling': False,
 'num_folds': 3,
 'num_lrs': 1,
 'num_tasks': 1,
 'num_workers': 8,
 'number_of_molecules': 1,
 'overwrite_default_atom_features': False,
 'overwrite_default_bond_features': False,
 'phase_features_path': None,
 'pytorch_seed': 0,
 'quiet': False,
 'reaction': False,
 'reaction_mode': 'reac_diff',
 'reaction_solvent': False,
 'resume_experiment': False,
 'save_dir': 'classification_checkpoints/transformer/exp0/',
 'save_preds': False,
 'save_smiles_splits': False,
 'seed': 42,
 'separate_test_atom_descriptors_path': None,
 'separate_test_bond_features_path': None,
 'separate_test_features_path': None,
 'separate_test_path': None,
 'separate_test_phase_features_path': None,
 'separate_val_atom_descriptors_path': None,
 'separate_val_bond_features_path': None,
 'separate_val_features_path': None,
 'separate_val_path': None,
 'separate_val_phase_features_path': None,
 'show_individual_scores': False,
 'smiles_columns': ['Smiles'],
 'spectra_activation': 'exp',
 'spectra_phase_mask_path': None,
 'spectra_target_floor': 1e-08,
 'split_key_molecule': 0,
 'split_sizes': [0.8, 0.1, 0.1],
 'split_type': 'random',
 'target_columns': None,
 'target_weights': None,
 'task_names': ['Active'],
 'test': False,
 'test_fold_index': None,
 'train_data_size': None,
 'undirected': False,
 'use_input_features': False,
 'val_fold_index': None,
 'warmup_epochs': 2.0}
Could not write the reproducibility section of the arguments to file, thus omitting this section.
Setting molecule featurization parameters to default.
Loading data
Number of tasks = 1
Fold 0
Splitting data with seed 42
Class sizes
Active 0: 94.86%, 1: 5.14%
Total size = 2,101 | train size = 1,680 | val size = 210 | test size = 211
Building model 0
MoleculeModel(
  (sigmoid): Sigmoid()
  (encoder): MPN(
    (encoder): ModuleList(
      (0): MPNEncoder(
        (dropout_layer): Dropout(p=0.0, inplace=False)
        (act_func): ReLU()
        (W_i): Linear(in_features=147, out_features=300, bias=False)
        (W_h): Linear(in_features=300, out_features=300, bias=False)
        (W_o): Linear(in_features=433, out_features=300, bias=True)
      )
    )
  )
  (ffn): Sequential(
    (0): Dropout(p=0.0, inplace=False)
    (1): Linear(in_features=300, out_features=300, bias=True)
    (2): ReLU()
    (3): Dropout(p=0.0, inplace=False)
    (4): Linear(in_features=300, out_features=300, bias=True)
    (5): ReLU()
    (6): Dropout(p=0.0, inplace=False)
    (7): Linear(in_features=300, out_features=1, bias=True)
  )
)
Number of parameters = 445,501
Epoch 0
Command line
python /Users/anastasiakuznecova/PycharmProjects/chemprop-master/Testing Chemprop for project.py
Args
{'activation': 'ReLU',
 'adding_h': False,
 'aggregation': 'transformer',
 'aggregation_norm': 100,
 'atom_descriptor_scaling': True,
 'atom_descriptors': None,
 'atom_descriptors_path': None,
 'atom_descriptors_size': 0,
 'atom_features_size': 0,
 'atom_messages': False,
 'batch_size': 50,
 'bias': False,
 'bias_solvent': False,
 'bond_feature_scaling': True,
 'bond_features_path': None,
 'bond_features_size': 0,
 'cache_cutoff': 10000,
 'checkpoint_dir': None,
 'checkpoint_frzn': None,
 'checkpoint_path': None,
 'checkpoint_paths': None,
 'class_balance': False,
 'config_path': None,
 'crossval_index_dir': None,
 'crossval_index_file': None,
 'crossval_index_sets': None,
 'cuda': False,
 'data_path': 'tests/data/Halicin_train.csv',
 'data_weights_path': None,
 'dataset_type': 'classification',
 'depth': 3,
 'depth_solvent': 3,
 'device': device(type='cpu'),
 'dropout': 0.0,
 'empty_cache': False,
 'ensemble_size': 1,
 'epochs': 30,
 'evidential_regularization': 0,
 'explicit_h': False,
 'extra_metrics': ['accuracy'],
 'features_generator': None,
 'features_only': False,
 'features_path': None,
 'features_scaling': True,
 'features_size': None,
 'ffn_hidden_size': 300,
 'ffn_num_layers': 3,
 'final_lr': 0.0001,
 'folds_file': None,
 'freeze_first_only': False,
 'frzn_ffn_layers': 0,
 'gpu': None,
 'grad_clip': None,
 'hidden_size': 300,
 'hidden_size_solvent': 300,
 'ignore_columns': None,
 'init_lr': 0.0001,
 'log_frequency': 10,
 'loss_function': 'binary_cross_entropy',
 'max_data_size': None,
 'max_lr': 0.001,
 'metric': 'auc',
 'metrics': ['auc', 'accuracy'],
 'minimize_score': False,
 'mpn_shared': False,
 'multiclass_num_classes': 3,
 'no_atom_descriptor_scaling': False,
 'no_bond_features_scaling': False,
 'no_cache_mol': False,
 'no_cuda': False,
 'no_features_scaling': False,
 'num_folds': 3,
 'num_lrs': 1,
 'num_tasks': 1,
 'num_workers': 8,
 'number_of_molecules': 1,
 'overwrite_default_atom_features': False,
 'overwrite_default_bond_features': False,
 'phase_features_path': None,
 'pytorch_seed': 0,
 'quiet': False,
 'reaction': False,
 'reaction_mode': 'reac_diff',
 'reaction_solvent': False,
 'resume_experiment': False,
 'save_dir': 'classification_checkpoints/transformer/exp0/',
 'save_preds': False,
 'save_smiles_splits': False,
 'seed': 42,
 'separate_test_atom_descriptors_path': None,
 'separate_test_bond_features_path': None,
 'separate_test_features_path': None,
 'separate_test_path': None,
 'separate_test_phase_features_path': None,
 'separate_val_atom_descriptors_path': None,
 'separate_val_bond_features_path': None,
 'separate_val_features_path': None,
 'separate_val_path': None,
 'separate_val_phase_features_path': None,
 'show_individual_scores': False,
 'smiles_columns': ['Smiles'],
 'spectra_activation': 'exp',
 'spectra_phase_mask_path': None,
 'spectra_target_floor': 1e-08,
 'split_key_molecule': 0,
 'split_sizes': [0.8, 0.1, 0.1],
 'split_type': 'random',
 'target_columns': None,
 'target_weights': None,
 'task_names': ['Active'],
 'test': False,
 'test_fold_index': None,
 'train_data_size': None,
 'undirected': False,
 'use_input_features': False,
 'val_fold_index': None,
 'warmup_epochs': 2.0}
Could not write the reproducibility section of the arguments to file, thus omitting this section.
Setting molecule featurization parameters to default.
Loading data
Number of tasks = 1
Fold 0
Splitting data with seed 42
Class sizes
Active 0: 94.86%, 1: 5.14%
Total size = 2,101 | train size = 1,680 | val size = 210 | test size = 211
Building model 0
MoleculeModel(
  (sigmoid): Sigmoid()
  (encoder): MPN(
    (encoder): ModuleList(
      (0): MPNEncoder(
        (dropout_layer): Dropout(p=0.0, inplace=False)
        (act_func): ReLU()
        (W_i): Linear(in_features=147, out_features=300, bias=False)
        (W_h): Linear(in_features=300, out_features=300, bias=False)
        (W_o): Linear(in_features=433, out_features=300, bias=True)
      )
    )
  )
  (ffn): Sequential(
    (0): Dropout(p=0.0, inplace=False)
    (1): Linear(in_features=300, out_features=300, bias=True)
    (2): ReLU()
    (3): Dropout(p=0.0, inplace=False)
    (4): Linear(in_features=300, out_features=300, bias=True)
    (5): ReLU()
    (6): Dropout(p=0.0, inplace=False)
    (7): Linear(in_features=300, out_features=1, bias=True)
  )
)
Number of parameters = 445,501
Epoch 0
Loss = 4.3673e-01, PNorm = 38.1775, GNorm = 0.8766, lr_0 = 2.5000e-04
Loss = 1.6643e-01, PNorm = 38.1908, GNorm = 0.9333, lr_0 = 3.8636e-04
Loss = 3.2089e-01, PNorm = 38.1906, GNorm = 0.3763, lr_0 = 5.2273e-04
Validation auc = 0.550427
Validation accuracy = 0.928571
Epoch 1
Loss = 2.0547e-01, PNorm = 38.1952, GNorm = 0.6718, lr_0 = 6.7273e-04
Loss = 2.2983e-01, PNorm = 38.2091, GNorm = 0.9876, lr_0 = 8.0909e-04
Loss = 2.2148e-01, PNorm = 38.2201, GNorm = 0.4694, lr_0 = 9.4545e-04
Validation auc = 0.513162
Validation accuracy = 0.928571
Epoch 2
Loss = 3.3744e-01, PNorm = 38.2397, GNorm = 1.3010, lr_0 = 9.8516e-04
Loss = 2.1747e-01, PNorm = 38.2550, GNorm = 0.4777, lr_0 = 9.6091e-04
Loss = 2.0652e-01, PNorm = 38.2729, GNorm = 1.0968, lr_0 = 9.3726e-04
Loss = 1.7407e-01, PNorm = 38.2828, GNorm = 0.4179, lr_0 = 9.1420e-04
Loss = 1.4420e-01, PNorm = 38.2848, GNorm = 0.4159, lr_0 = 9.1192e-04
Validation auc = 0.586325
Validation accuracy = 0.928571
Epoch 3
Loss = 2.1542e-01, PNorm = 38.2967, GNorm = 0.6464, lr_0 = 8.8948e-04
Loss = 2.2862e-01, PNorm = 38.3069, GNorm = 0.4968, lr_0 = 8.6758e-04
Loss = 1.7417e-01, PNorm = 38.3233, GNorm = 0.2811, lr_0 = 8.4623e-04
Validation auc = 0.557265
Validation accuracy = 0.928571
Epoch 4
Loss = 2.3725e-01, PNorm = 38.3301, GNorm = 0.4392, lr_0 = 8.2540e-04
Loss = 2.0689e-01, PNorm = 38.3445, GNorm = 0.4293, lr_0 = 8.0509e-04
Loss = 1.7973e-01, PNorm = 38.3620, GNorm = 0.6486, lr_0 = 7.8527e-04
Validation auc = 0.574017
Validation accuracy = 0.928571
Epoch 5
Loss = 2.0364e-01, PNorm = 38.3671, GNorm = 0.4571, lr_0 = 7.6595e-04
Loss = 2.0119e-01, PNorm = 38.3789, GNorm = 0.5582, lr_0 = 7.4710e-04
Loss = 2.0426e-01, PNorm = 38.3911, GNorm = 0.4211, lr_0 = 7.2871e-04
Loss = 2.0945e-01, PNorm = 38.4006, GNorm = 0.3681, lr_0 = 7.1077e-04
Validation auc = 0.583932
Validation accuracy = 0.928571
Epoch 6
Loss = 2.0780e-01, PNorm = 38.4133, GNorm = 0.4820, lr_0 = 6.9156e-04
Loss = 1.8156e-01, PNorm = 38.4271, GNorm = 0.4038, lr_0 = 6.7453e-04
Loss = 2.2552e-01, PNorm = 38.4398, GNorm = 0.3652, lr_0 = 6.5793e-04
Validation auc = 0.705299
Validation accuracy = 0.928571
Epoch 7
Loss = 1.9235e-01, PNorm = 38.4545, GNorm = 0.4299, lr_0 = 6.4174e-04
Loss = 1.7622e-01, PNorm = 38.4639, GNorm = 0.3980, lr_0 = 6.2595e-04
Loss = 2.1759e-01, PNorm = 38.4724, GNorm = 0.4241, lr_0 = 6.1054e-04
Validation auc = 0.724103
Validation accuracy = 0.928571
Epoch 8
Loss = 1.6779e-01, PNorm = 38.4837, GNorm = 0.3907, lr_0 = 5.9403e-04
Loss = 1.6753e-01, PNorm = 38.4966, GNorm = 0.3119, lr_0 = 5.7941e-04
Loss = 2.1321e-01, PNorm = 38.5090, GNorm = 0.5842, lr_0 = 5.6515e-04
Loss = 1.9719e-01, PNorm = 38.5250, GNorm = 0.4388, lr_0 = 5.5124e-04
Validation auc = 0.785983
Validation accuracy = 0.928571
Epoch 9
Loss = 1.8010e-01, PNorm = 38.5408, GNorm = 0.4400, lr_0 = 5.3767e-04
Loss = 2.1303e-01, PNorm = 38.5578, GNorm = 0.5832, lr_0 = 5.2444e-04
Loss = 1.6340e-01, PNorm = 38.5759, GNorm = 0.3605, lr_0 = 5.1153e-04
Validation auc = 0.825299
Validation accuracy = 0.928571
Epoch 10
Loss = 1.5781e-01, PNorm = 38.5907, GNorm = 0.3442, lr_0 = 4.9894e-04
Loss = 2.1421e-01, PNorm = 38.6026, GNorm = 0.3886, lr_0 = 4.8666e-04
Loss = 2.0614e-01, PNorm = 38.6155, GNorm = 0.3597, lr_0 = 4.7469e-04
Validation auc = 0.750085
Validation accuracy = 0.928571
Epoch 11
Loss = 4.7985e-01, PNorm = 38.6253, GNorm = 1.3266, lr_0 = 4.6185e-04
Loss = 1.8721e-01, PNorm = 38.6327, GNorm = 0.4011, lr_0 = 4.5048e-04
Loss = 1.5211e-01, PNorm = 38.6436, GNorm = 0.2973, lr_0 = 4.3940e-04
Loss = 1.9711e-01, PNorm = 38.6509, GNorm = 0.7664, lr_0 = 4.2858e-04
Validation auc = 0.798974
Validation accuracy = 0.928571
Epoch 12
Loss = 2.0280e-01, PNorm = 38.6630, GNorm = 0.6438, lr_0 = 4.1803e-04
Loss = 1.9458e-01, PNorm = 38.6763, GNorm = 0.7086, lr_0 = 4.0775e-04
Loss = 1.7384e-01, PNorm = 38.6883, GNorm = 0.3282, lr_0 = 3.9771e-04
Validation auc = 0.877265
Validation accuracy = 0.928571
Epoch 13
Loss = 1.3602e-01, PNorm = 38.7033, GNorm = 0.3681, lr_0 = 3.8696e-04
Loss = 2.1724e-01, PNorm = 38.7154, GNorm = 0.6987, lr_0 = 3.7743e-04
Loss = 1.6853e-01, PNorm = 38.7286, GNorm = 0.4880, lr_0 = 3.6814e-04
Loss = 1.8408e-01, PNorm = 38.7375, GNorm = 0.2935, lr_0 = 3.5908e-04
Validation auc = 0.813333
Validation accuracy = 0.928571
Epoch 14
Loss = 2.0755e-01, PNorm = 38.7474, GNorm = 0.3432, lr_0 = 3.5025e-04
Loss = 2.0123e-01, PNorm = 38.7587, GNorm = 0.3855, lr_0 = 3.4163e-04
Loss = 1.1936e-01, PNorm = 38.7715, GNorm = 0.2591, lr_0 = 3.3322e-04
Validation auc = 0.816752
Validation accuracy = 0.928571
Epoch 15
Loss = 1.9441e-01, PNorm = 38.7808, GNorm = 0.2999, lr_0 = 3.2502e-04
Loss = 2.0871e-01, PNorm = 38.7924, GNorm = 0.4866, lr_0 = 3.1702e-04
Loss = 1.5938e-01, PNorm = 38.8023, GNorm = 0.3241, lr_0 = 3.0921e-04
Validation auc = 0.834872
Validation accuracy = 0.928571
Epoch 16
Loss = 1.5812e-01, PNorm = 38.8118, GNorm = 0.3282, lr_0 = 3.0085e-04
Loss = 2.0372e-01, PNorm = 38.8203, GNorm = 1.1305, lr_0 = 2.9345e-04
Loss = 1.5859e-01, PNorm = 38.8310, GNorm = 0.6000, lr_0 = 2.8623e-04
Loss = 1.7566e-01, PNorm = 38.8404, GNorm = 0.4394, lr_0 = 2.7918e-04
Validation auc = 0.835897
Validation accuracy = 0.928571
Epoch 17
Loss = 1.3471e-01, PNorm = 38.8490, GNorm = 0.2192, lr_0 = 2.7231e-04
Loss = 1.8130e-01, PNorm = 38.8564, GNorm = 0.4122, lr_0 = 2.6561e-04
Loss = 1.8379e-01, PNorm = 38.8649, GNorm = 0.4637, lr_0 = 2.5907e-04
Validation auc = 0.848547
Validation accuracy = 0.928571
Epoch 18
Loss = 1.5945e-01, PNorm = 38.8754, GNorm = 0.6973, lr_0 = 2.5207e-04
Loss = 1.8301e-01, PNorm = 38.8839, GNorm = 0.4220, lr_0 = 2.4586e-04
Loss = 1.8857e-01, PNorm = 38.8942, GNorm = 0.4873, lr_0 = 2.3981e-04
Validation auc = 0.829060
Validation accuracy = 0.928571
Epoch 19
Loss = 1.6475e-01, PNorm = 38.9041, GNorm = 0.3567, lr_0 = 2.3391e-04
Loss = 1.9952e-01, PNorm = 38.9111, GNorm = 0.4939, lr_0 = 2.2815e-04
Loss = 1.4859e-01, PNorm = 38.9204, GNorm = 0.2988, lr_0 = 2.2254e-04
Loss = 1.7415e-01, PNorm = 38.9254, GNorm = 0.3377, lr_0 = 2.1706e-04
Validation auc = 0.856752
Validation accuracy = 0.928571
Epoch 20
Loss = 1.7357e-01, PNorm = 38.9305, GNorm = 0.3988, lr_0 = 2.1172e-04
Loss = 1.8452e-01, PNorm = 38.9393, GNorm = 0.7190, lr_0 = 2.0651e-04
Loss = 1.5772e-01, PNorm = 38.9482, GNorm = 0.7664, lr_0 = 2.0142e-04
Validation auc = 0.860513
Validation accuracy = 0.928571
Epoch 21
Loss = 1.8708e-01, PNorm = 38.9560, GNorm = 0.2684, lr_0 = 1.9598e-04
Loss = 2.0266e-01, PNorm = 38.9637, GNorm = 0.6522, lr_0 = 1.9115e-04
Loss = 1.5681e-01, PNorm = 38.9715, GNorm = 0.2817, lr_0 = 1.8645e-04
Validation auc = 0.871795
Validation accuracy = 0.928571
Epoch 22
Loss = 1.1435e-01, PNorm = 38.9773, GNorm = 0.3105, lr_0 = 1.8186e-04
Loss = 1.3499e-01, PNorm = 38.9832, GNorm = 0.3215, lr_0 = 1.7739e-04
Loss = 1.5693e-01, PNorm = 38.9899, GNorm = 0.4877, lr_0 = 1.7302e-04
Loss = 1.9631e-01, PNorm = 38.9967, GNorm = 0.5347, lr_0 = 1.6876e-04
Validation auc = 0.862906
Validation accuracy = 0.928571
Epoch 23
Loss = 1.1281e-01, PNorm = 39.0052, GNorm = 0.4498, lr_0 = 1.6420e-04
Loss = 1.7950e-01, PNorm = 39.0110, GNorm = 0.2808, lr_0 = 1.6016e-04
Loss = 1.7513e-01, PNorm = 39.0150, GNorm = 0.5636, lr_0 = 1.5622e-04
Validation auc = 0.825299
Validation accuracy = 0.928571
Epoch 24
Loss = 1.3885e-01, PNorm = 39.0216, GNorm = 0.3759, lr_0 = 1.5237e-04
Loss = 1.6340e-01, PNorm = 39.0278, GNorm = 0.5165, lr_0 = 1.4862e-04
Loss = 1.4051e-01, PNorm = 39.0332, GNorm = 0.4516, lr_0 = 1.4496e-04
Loss = 2.0535e-01, PNorm = 39.0376, GNorm = 0.9122, lr_0 = 1.4139e-04
Validation auc = 0.876581
Validation accuracy = 0.928571
Epoch 25
Loss = 1.7659e-01, PNorm = 39.0437, GNorm = 0.3867, lr_0 = 1.3791e-04
Loss = 1.5216e-01, PNorm = 39.0499, GNorm = 0.4092, lr_0 = 1.3452e-04
Loss = 1.7755e-01, PNorm = 39.0535, GNorm = 0.3746, lr_0 = 1.3121e-04
Validation auc = 0.870427
Validation accuracy = 0.928571
Epoch 26
Loss = 2.0807e-01, PNorm = 39.0586, GNorm = 1.1024, lr_0 = 1.2766e-04
Loss = 1.4368e-01, PNorm = 39.0640, GNorm = 0.5854, lr_0 = 1.2452e-04
Loss = 1.5024e-01, PNorm = 39.0702, GNorm = 0.3806, lr_0 = 1.2146e-04
Validation auc = 0.842393
Validation accuracy = 0.928571
Epoch 27
Loss = 1.4872e-01, PNorm = 39.0743, GNorm = 0.4505, lr_0 = 1.1847e-04
Loss = 1.6862e-01, PNorm = 39.0764, GNorm = 0.8536, lr_0 = 1.1555e-04
Loss = 1.5094e-01, PNorm = 39.0792, GNorm = 0.5141, lr_0 = 1.1271e-04
Loss = 1.8346e-01, PNorm = 39.0836, GNorm = 0.7596, lr_0 = 1.0993e-04
Loss = 8.5861e-02, PNorm = 39.0840, GNorm = 0.5413, lr_0 = 1.0966e-04
Validation auc = 0.832821
Validation accuracy = 0.928571
Epoch 28
Loss = 1.5966e-01, PNorm = 39.0879, GNorm = 0.4074, lr_0 = 1.0696e-04
Loss = 1.6687e-01, PNorm = 39.0916, GNorm = 0.8071, lr_0 = 1.0433e-04
Loss = 1.5279e-01, PNorm = 39.0966, GNorm = 0.3420, lr_0 = 1.0176e-04
Validation auc = 0.895043
Validation accuracy = 0.928571
Epoch 29
Loss = 2.4405e-01, PNorm = 39.0999, GNorm = 0.4868, lr_0 = 1.0000e-04
Loss = 1.4372e-01, PNorm = 39.1041, GNorm = 0.4287, lr_0 = 1.0000e-04
Loss = 1.2983e-01, PNorm = 39.1090, GNorm = 0.3945, lr_0 = 1.0000e-04
Validation auc = 0.889573
Validation accuracy = 0.928571
Model 0 best validation auc = 0.895043 on epoch 28
Loading pretrained parameter "encoder.encoder.0.cached_zero_vector".
Loading pretrained parameter "encoder.encoder.0.W_i.weight".
Loading pretrained parameter "encoder.encoder.0.W_h.weight".
Loading pretrained parameter "encoder.encoder.0.W_o.weight".
Loading pretrained parameter "encoder.encoder.0.W_o.bias".
Loading pretrained parameter "ffn.1.weight".
Loading pretrained parameter "ffn.1.bias".
Loading pretrained parameter "ffn.4.weight".
Loading pretrained parameter "ffn.4.bias".
Loading pretrained parameter "ffn.7.weight".
Loading pretrained parameter "ffn.7.bias".
Model 0 test auc = 0.940887
Model 0 test accuracy = 0.962085
Ensemble test auc = 0.940887
Ensemble test accuracy = 0.962085
Fold 1
Splitting data with seed 43
Class sizes
Active 0: 94.86%, 1: 5.14%
Total size = 2,101 | train size = 1,680 | val size = 210 | test size = 211
Building model 0
MoleculeModel(
  (sigmoid): Sigmoid()
  (encoder): MPN(
    (encoder): ModuleList(
      (0): MPNEncoder(
        (dropout_layer): Dropout(p=0.0, inplace=False)
        (act_func): ReLU()
        (W_i): Linear(in_features=147, out_features=300, bias=False)
        (W_h): Linear(in_features=300, out_features=300, bias=False)
        (W_o): Linear(in_features=433, out_features=300, bias=True)
      )
    )
  )
  (ffn): Sequential(
    (0): Dropout(p=0.0, inplace=False)
    (1): Linear(in_features=300, out_features=300, bias=True)
    (2): ReLU()
    (3): Dropout(p=0.0, inplace=False)
    (4): Linear(in_features=300, out_features=300, bias=True)
    (5): ReLU()
    (6): Dropout(p=0.0, inplace=False)
    (7): Linear(in_features=300, out_features=1, bias=True)
  )
)
Number of parameters = 445,501
Epoch 0
Loss = 4.4288e-01, PNorm = 38.1776, GNorm = 0.8529, lr_0 = 2.5000e-04
Loss = 2.0126e-01, PNorm = 38.1895, GNorm = 0.4564, lr_0 = 3.8636e-04
Loss = 2.4555e-01, PNorm = 38.1906, GNorm = 0.5689, lr_0 = 5.2273e-04
Validation auc = 0.467109
Validation accuracy = 0.957143
Epoch 1
Loss = 2.0976e-01, PNorm = 38.1938, GNorm = 0.6756, lr_0 = 6.7273e-04
Loss = 2.1887e-01, PNorm = 38.2086, GNorm = 0.6212, lr_0 = 8.0909e-04
Loss = 2.2419e-01, PNorm = 38.2220, GNorm = 0.5636, lr_0 = 9.4545e-04
Validation auc = 0.365395
Validation accuracy = 0.957143
Epoch 2
Loss = 1.5993e-01, PNorm = 38.2436, GNorm = 0.5525, lr_0 = 9.8516e-04
Loss = 1.8366e-01, PNorm = 38.2604, GNorm = 0.4830, lr_0 = 9.6091e-04
Loss = 2.5057e-01, PNorm = 38.2741, GNorm = 0.7113, lr_0 = 9.3726e-04
Loss = 2.3655e-01, PNorm = 38.2893, GNorm = 0.4197, lr_0 = 9.1420e-04
Loss = 2.5849e-01, PNorm = 38.2907, GNorm = 0.6643, lr_0 = 9.1192e-04
Validation auc = 0.511332
Validation accuracy = 0.957143
Epoch 3
Loss = 1.9032e-01, PNorm = 38.3078, GNorm = 0.3407, lr_0 = 8.8948e-04
Loss = 2.3226e-01, PNorm = 38.3189, GNorm = 0.5249, lr_0 = 8.6758e-04
Loss = 2.0999e-01, PNorm = 38.3370, GNorm = 0.3522, lr_0 = 8.4623e-04
Validation auc = 0.569375
Validation accuracy = 0.957143
Epoch 4
Loss = 2.1532e-01, PNorm = 38.3544, GNorm = 0.4320, lr_0 = 8.2540e-04
Loss = 2.0938e-01, PNorm = 38.3764, GNorm = 0.3750, lr_0 = 8.0509e-04
Loss = 2.4695e-01, PNorm = 38.3918, GNorm = 0.8329, lr_0 = 7.8527e-04
Validation auc = 0.573798
Validation accuracy = 0.957143
Epoch 5
Loss = 2.8556e-01, PNorm = 38.4061, GNorm = 0.6408, lr_0 = 7.6595e-04
Loss = 1.5595e-01, PNorm = 38.4140, GNorm = 0.3689, lr_0 = 7.4710e-04
Loss = 2.1088e-01, PNorm = 38.4234, GNorm = 0.4492, lr_0 = 7.2871e-04
Loss = 2.2354e-01, PNorm = 38.4357, GNorm = 0.4093, lr_0 = 7.1077e-04
Validation auc = 0.707020
Validation accuracy = 0.957143
Epoch 6
Loss = 1.9218e-01, PNorm = 38.4554, GNorm = 0.6730, lr_0 = 6.9156e-04
Loss = 1.7343e-01, PNorm = 38.4757, GNorm = 0.3764, lr_0 = 6.7453e-04
Loss = 2.2516e-01, PNorm = 38.4954, GNorm = 0.4052, lr_0 = 6.5793e-04
Validation auc = 0.723604
Validation accuracy = 0.957143
Epoch 7
Loss = 2.1127e-01, PNorm = 38.5124, GNorm = 0.5263, lr_0 = 6.4174e-04
Loss = 2.1599e-01, PNorm = 38.5310, GNorm = 0.6444, lr_0 = 6.2595e-04
Loss = 1.7538e-01, PNorm = 38.5495, GNorm = 0.6242, lr_0 = 6.1054e-04
Validation auc = 0.692095
Validation accuracy = 0.957143
Epoch 8
Loss = 2.0025e-01, PNorm = 38.5710, GNorm = 0.3633, lr_0 = 5.9403e-04
Loss = 1.8397e-01, PNorm = 38.5891, GNorm = 0.5333, lr_0 = 5.7941e-04
Loss = 1.8435e-01, PNorm = 38.6076, GNorm = 0.2778, lr_0 = 5.6515e-04
Loss = 2.2973e-01, PNorm = 38.6212, GNorm = 0.6240, lr_0 = 5.5124e-04
Validation auc = 0.705362
Validation accuracy = 0.957143
Epoch 9
Loss = 1.9480e-01, PNorm = 38.6344, GNorm = 0.3443, lr_0 = 5.3767e-04
Loss = 1.9921e-01, PNorm = 38.6461, GNorm = 0.3998, lr_0 = 5.2444e-04
Loss = 1.6703e-01, PNorm = 38.6598, GNorm = 0.5507, lr_0 = 5.1153e-04
Validation auc = 0.745163
Validation accuracy = 0.957143
Epoch 10
Loss = 1.3496e-01, PNorm = 38.6701, GNorm = 0.5894, lr_0 = 4.9894e-04
Loss = 2.4717e-01, PNorm = 38.6853, GNorm = 0.4629, lr_0 = 4.8666e-04
Loss = 1.4151e-01, PNorm = 38.7039, GNorm = 0.4076, lr_0 = 4.7469e-04
Validation auc = 0.752349
Validation accuracy = 0.957143
Epoch 11
Loss = 1.5789e-01, PNorm = 38.7203, GNorm = 0.3578, lr_0 = 4.6185e-04
Loss = 1.7961e-01, PNorm = 38.7369, GNorm = 0.3611, lr_0 = 4.5048e-04
Loss = 2.1383e-01, PNorm = 38.7513, GNorm = 0.3378, lr_0 = 4.3940e-04
Loss = 2.0613e-01, PNorm = 38.7657, GNorm = 0.5460, lr_0 = 4.2858e-04
Validation auc = 0.697623
Validation accuracy = 0.957143
Epoch 12
Loss = 1.9903e-01, PNorm = 38.7800, GNorm = 0.5782, lr_0 = 4.1803e-04
Loss = 1.3944e-01, PNorm = 38.7918, GNorm = 0.3628, lr_0 = 4.0775e-04
Loss = 2.0827e-01, PNorm = 38.8050, GNorm = 0.4159, lr_0 = 3.9771e-04
Validation auc = 0.745716
Validation accuracy = 0.957143
Epoch 13
Loss = 1.2149e-01, PNorm = 38.8226, GNorm = 0.3936, lr_0 = 3.8696e-04
Loss = 2.2374e-01, PNorm = 38.8347, GNorm = 0.5132, lr_0 = 3.7743e-04
Loss = 2.0243e-01, PNorm = 38.8468, GNorm = 0.2919, lr_0 = 3.6814e-04
Loss = 1.4613e-01, PNorm = 38.8616, GNorm = 0.3581, lr_0 = 3.5908e-04
Validation auc = 0.706468
Validation accuracy = 0.957143
Epoch 14
Loss = 2.1441e-01, PNorm = 38.8769, GNorm = 0.4097, lr_0 = 3.5025e-04
Loss = 1.4134e-01, PNorm = 38.8932, GNorm = 0.8165, lr_0 = 3.4163e-04
Loss = 2.0232e-01, PNorm = 38.9036, GNorm = 0.4281, lr_0 = 3.3322e-04
Validation auc = 0.734107
Validation accuracy = 0.957143
Epoch 15
Loss = 1.5863e-01, PNorm = 38.9159, GNorm = 0.2815, lr_0 = 3.2502e-04
Loss = 1.9427e-01, PNorm = 38.9241, GNorm = 0.9861, lr_0 = 3.1702e-04
Loss = 1.5245e-01, PNorm = 38.9344, GNorm = 0.4279, lr_0 = 3.0921e-04
Validation auc = 0.736871
Validation accuracy = 0.957143
Epoch 16
Loss = 1.4809e-01, PNorm = 38.9489, GNorm = 0.4371, lr_0 = 3.0085e-04
Loss = 1.6975e-01, PNorm = 38.9605, GNorm = 0.4391, lr_0 = 2.9345e-04
Loss = 1.4771e-01, PNorm = 38.9719, GNorm = 0.2409, lr_0 = 2.8623e-04
Loss = 2.0832e-01, PNorm = 38.9795, GNorm = 0.4387, lr_0 = 2.7918e-04
Validation auc = 0.752349
Validation accuracy = 0.957143
Epoch 17
Loss = 1.5984e-01, PNorm = 38.9924, GNorm = 0.3273, lr_0 = 2.7231e-04
Loss = 1.6532e-01, PNorm = 39.0025, GNorm = 0.2576, lr_0 = 2.6561e-04
Loss = 1.6471e-01, PNorm = 39.0125, GNorm = 0.5505, lr_0 = 2.5907e-04
Validation auc = 0.766722
Validation accuracy = 0.952381
Epoch 18
Loss = 2.0519e-01, PNorm = 39.0233, GNorm = 0.7932, lr_0 = 2.5207e-04
Loss = 1.5455e-01, PNorm = 39.0340, GNorm = 0.2461, lr_0 = 2.4586e-04
Loss = 1.5881e-01, PNorm = 39.0427, GNorm = 0.3733, lr_0 = 2.3981e-04
Validation auc = 0.778331
Validation accuracy = 0.957143
Epoch 19
Loss = 1.2274e-01, PNorm = 39.0516, GNorm = 0.4155, lr_0 = 2.3391e-04
Loss = 1.9336e-01, PNorm = 39.0590, GNorm = 0.6398, lr_0 = 2.2815e-04
Loss = 1.5249e-01, PNorm = 39.0673, GNorm = 0.8405, lr_0 = 2.2254e-04
Loss = 1.6770e-01, PNorm = 39.0777, GNorm = 0.4203, lr_0 = 2.1706e-04
Validation auc = 0.782200
Validation accuracy = 0.952381
Epoch 20
Loss = 1.7235e-01, PNorm = 39.0881, GNorm = 0.5341, lr_0 = 2.1172e-04
Loss = 1.6853e-01, PNorm = 39.0981, GNorm = 0.3319, lr_0 = 2.0651e-04
Loss = 1.4746e-01, PNorm = 39.1059, GNorm = 0.7610, lr_0 = 2.0142e-04
Validation auc = 0.791045
Validation accuracy = 0.952381
Epoch 21
Loss = 2.2753e-01, PNorm = 39.1136, GNorm = 0.4829, lr_0 = 1.9598e-04
Loss = 1.9844e-01, PNorm = 39.1219, GNorm = 0.6361, lr_0 = 1.9115e-04
Loss = 1.4916e-01, PNorm = 39.1306, GNorm = 0.5787, lr_0 = 1.8645e-04
Validation auc = 0.739082
Validation accuracy = 0.957143
Epoch 22
Loss = 2.1280e-01, PNorm = 39.1378, GNorm = 0.5441, lr_0 = 1.8186e-04
Loss = 1.6740e-01, PNorm = 39.1422, GNorm = 0.5819, lr_0 = 1.7739e-04
Loss = 1.4619e-01, PNorm = 39.1478, GNorm = 0.5774, lr_0 = 1.7302e-04
Loss = 2.0983e-01, PNorm = 39.1550, GNorm = 0.4018, lr_0 = 1.6876e-04
Validation auc = 0.689884
Validation accuracy = 0.942857
Epoch 23
Loss = 1.4642e-01, PNorm = 39.1633, GNorm = 0.4279, lr_0 = 1.6420e-04
Loss = 1.9839e-01, PNorm = 39.1685, GNorm = 0.3382, lr_0 = 1.6016e-04
Loss = 1.4713e-01, PNorm = 39.1743, GNorm = 0.6898, lr_0 = 1.5622e-04
Validation auc = 0.815368
Validation accuracy = 0.952381
Epoch 24
Loss = 1.7566e-01, PNorm = 39.1815, GNorm = 0.2931, lr_0 = 1.5237e-04
Loss = 1.8750e-01, PNorm = 39.1874, GNorm = 0.4905, lr_0 = 1.4862e-04
Loss = 1.3870e-01, PNorm = 39.1931, GNorm = 0.3595, lr_0 = 1.4496e-04
Loss = 1.5844e-01, PNorm = 39.1990, GNorm = 0.8467, lr_0 = 1.4139e-04
Validation auc = 0.737977
Validation accuracy = 0.957143
Epoch 25
Loss = 1.8998e-01, PNorm = 39.2072, GNorm = 0.4261, lr_0 = 1.3791e-04
Loss = 1.6768e-01, PNorm = 39.2132, GNorm = 0.7033, lr_0 = 1.3452e-04
Loss = 1.6288e-01, PNorm = 39.2196, GNorm = 0.4394, lr_0 = 1.3121e-04
Validation auc = 0.793256
Validation accuracy = 0.952381
Epoch 26
Loss = 1.2314e-01, PNorm = 39.2263, GNorm = 0.5065, lr_0 = 1.2766e-04
Loss = 1.8229e-01, PNorm = 39.2311, GNorm = 0.6918, lr_0 = 1.2452e-04
Loss = 1.8735e-01, PNorm = 39.2372, GNorm = 0.3383, lr_0 = 1.2146e-04
Validation auc = 0.789939
Validation accuracy = 0.957143
Epoch 27
Loss = 1.8280e-01, PNorm = 39.2425, GNorm = 0.7125, lr_0 = 1.1847e-04
Loss = 1.7351e-01, PNorm = 39.2474, GNorm = 0.5059, lr_0 = 1.1555e-04
Loss = 1.8843e-01, PNorm = 39.2529, GNorm = 1.5613, lr_0 = 1.1271e-04
Loss = 1.1088e-01, PNorm = 39.2573, GNorm = 0.7944, lr_0 = 1.0993e-04
Loss = 3.1909e-01, PNorm = 39.2578, GNorm = 0.7960, lr_0 = 1.0966e-04
Validation auc = 0.805970
Validation accuracy = 0.942857
Epoch 28
Loss = 1.6027e-01, PNorm = 39.2625, GNorm = 0.4404, lr_0 = 1.0696e-04
Loss = 1.5323e-01, PNorm = 39.2666, GNorm = 0.3132, lr_0 = 1.0433e-04
Loss = 1.5619e-01, PNorm = 39.2714, GNorm = 0.4773, lr_0 = 1.0176e-04
Validation auc = 0.761194
Validation accuracy = 0.938095
Epoch 29
Loss = 1.5868e-01, PNorm = 39.2758, GNorm = 0.4199, lr_0 = 1.0000e-04
Loss = 1.7306e-01, PNorm = 39.2796, GNorm = 0.4984, lr_0 = 1.0000e-04
Loss = 1.3986e-01, PNorm = 39.2837, GNorm = 0.4506, lr_0 = 1.0000e-04
Validation auc = 0.764511
Validation accuracy = 0.942857
Model 0 best validation auc = 0.815368 on epoch 23
Loading pretrained parameter "encoder.encoder.0.cached_zero_vector".
Loading pretrained parameter "encoder.encoder.0.W_i.weight".
Loading pretrained parameter "encoder.encoder.0.W_h.weight".
Loading pretrained parameter "encoder.encoder.0.W_o.weight".
Loading pretrained parameter "encoder.encoder.0.W_o.bias".
Loading pretrained parameter "ffn.1.weight".
Loading pretrained parameter "ffn.1.bias".
Loading pretrained parameter "ffn.4.weight".
Loading pretrained parameter "ffn.4.bias".
Loading pretrained parameter "ffn.7.weight".
Loading pretrained parameter "ffn.7.bias".
Model 0 test auc = 0.873984
Model 0 test accuracy = 0.966825
Ensemble test auc = 0.873984
Ensemble test accuracy = 0.966825
Fold 2
Splitting data with seed 44
Class sizes
Active 0: 94.86%, 1: 5.14%
Total size = 2,101 | train size = 1,680 | val size = 210 | test size = 211
Building model 0
MoleculeModel(
  (sigmoid): Sigmoid()
  (encoder): MPN(
    (encoder): ModuleList(
      (0): MPNEncoder(
        (dropout_layer): Dropout(p=0.0, inplace=False)
        (act_func): ReLU()
        (W_i): Linear(in_features=147, out_features=300, bias=False)
        (W_h): Linear(in_features=300, out_features=300, bias=False)
        (W_o): Linear(in_features=433, out_features=300, bias=True)
      )
    )
  )
  (ffn): Sequential(
    (0): Dropout(p=0.0, inplace=False)
    (1): Linear(in_features=300, out_features=300, bias=True)
    (2): ReLU()
    (3): Dropout(p=0.0, inplace=False)
    (4): Linear(in_features=300, out_features=300, bias=True)
    (5): ReLU()
    (6): Dropout(p=0.0, inplace=False)
    (7): Linear(in_features=300, out_features=1, bias=True)
  )
)
Number of parameters = 445,501
Epoch 0
Loss = 4.5567e-01, PNorm = 38.1764, GNorm = 1.1569, lr_0 = 2.5000e-04
Loss = 2.5101e-01, PNorm = 38.1855, GNorm = 0.8684, lr_0 = 3.8636e-04
Loss = 2.3125e-01, PNorm = 38.1855, GNorm = 0.6835, lr_0 = 5.2273e-04
Validation auc = 0.523070
Validation accuracy = 0.947619
Epoch 1
Loss = 2.0555e-01, PNorm = 38.1912, GNorm = 0.8197, lr_0 = 6.7273e-04
Loss = 1.7469e-01, PNorm = 38.2037, GNorm = 0.4324, lr_0 = 8.0909e-04
Loss = 2.1850e-01, PNorm = 38.2181, GNorm = 0.4792, lr_0 = 9.4545e-04
Validation auc = 0.430790
Validation accuracy = 0.947619
Epoch 2
Loss = 2.3608e-01, PNorm = 38.2369, GNorm = 0.5903, lr_0 = 9.8516e-04
Loss = 1.9153e-01, PNorm = 38.2590, GNorm = 0.7265, lr_0 = 9.6091e-04
Loss = 1.7324e-01, PNorm = 38.2738, GNorm = 0.5547, lr_0 = 9.3726e-04
Loss = 2.7352e-01, PNorm = 38.2859, GNorm = 0.6188, lr_0 = 9.1420e-04
Loss = 2.4011e-01, PNorm = 38.2878, GNorm = 0.6407, lr_0 = 9.1192e-04
Validation auc = 0.479214
Validation accuracy = 0.947619
Epoch 3
Loss = 1.9186e-01, PNorm = 38.3101, GNorm = 1.3518, lr_0 = 8.8948e-04
Loss = 2.1266e-01, PNorm = 38.3155, GNorm = 0.5866, lr_0 = 8.6758e-04
Loss = 2.2124e-01, PNorm = 38.3320, GNorm = 0.4110, lr_0 = 8.4623e-04
Validation auc = 0.333942
Validation accuracy = 0.947619
Epoch 4
Loss = 2.1364e-01, PNorm = 38.3508, GNorm = 0.5683, lr_0 = 8.2540e-04
Loss = 2.0674e-01, PNorm = 38.3691, GNorm = 0.3849, lr_0 = 8.0509e-04
Loss = 2.1942e-01, PNorm = 38.3858, GNorm = 0.7652, lr_0 = 7.8527e-04
Validation auc = 0.490635
Validation accuracy = 0.947619
Epoch 5
Loss = 2.4471e-01, PNorm = 38.4045, GNorm = 0.4891, lr_0 = 7.6595e-04
Loss = 2.0574e-01, PNorm = 38.4294, GNorm = 0.4558, lr_0 = 7.4710e-04
Loss = 1.9966e-01, PNorm = 38.4500, GNorm = 0.6467, lr_0 = 7.2871e-04
Loss = 1.9850e-01, PNorm = 38.4710, GNorm = 0.4281, lr_0 = 7.1077e-04
Validation auc = 0.660576
Validation accuracy = 0.947619
Epoch 6
Loss = 1.7510e-01, PNorm = 38.4942, GNorm = 0.4664, lr_0 = 6.9156e-04
Loss = 2.0918e-01, PNorm = 38.5145, GNorm = 0.3434, lr_0 = 6.7453e-04
Loss = 2.0834e-01, PNorm = 38.5325, GNorm = 0.4341, lr_0 = 6.5793e-04
Validation auc = 0.539059
Validation accuracy = 0.947619
Epoch 7
Loss = 1.9531e-01, PNorm = 38.5538, GNorm = 0.7600, lr_0 = 6.4174e-04
Loss = 1.8525e-01, PNorm = 38.5761, GNorm = 0.3407, lr_0 = 6.2595e-04
Loss = 1.9769e-01, PNorm = 38.5954, GNorm = 1.0292, lr_0 = 6.1054e-04
Validation auc = 0.612608
Validation accuracy = 0.947619
Epoch 8
Loss = 3.6631e-01, PNorm = 38.6134, GNorm = 0.8250, lr_0 = 5.9403e-04
Loss = 1.8951e-01, PNorm = 38.6273, GNorm = 0.4367, lr_0 = 5.7941e-04
Loss = 1.7329e-01, PNorm = 38.6456, GNorm = 0.4449, lr_0 = 5.6515e-04
Loss = 1.8122e-01, PNorm = 38.6639, GNorm = 0.4084, lr_0 = 5.5124e-04
Validation auc = 0.529922
Validation accuracy = 0.947619
Epoch 9
Loss = 1.3368e-01, PNorm = 38.6835, GNorm = 0.4615, lr_0 = 5.3767e-04
Loss = 2.3710e-01, PNorm = 38.7003, GNorm = 0.4663, lr_0 = 5.2444e-04
Loss = 1.6381e-01, PNorm = 38.7181, GNorm = 0.3800, lr_0 = 5.1153e-04
Validation auc = 0.569667
Validation accuracy = 0.947619
Epoch 10
Loss = 2.2369e-01, PNorm = 38.7371, GNorm = 0.6284, lr_0 = 4.9894e-04
Loss = 1.6283e-01, PNorm = 38.7591, GNorm = 0.5309, lr_0 = 4.8666e-04
Loss = 1.5526e-01, PNorm = 38.7773, GNorm = 0.7461, lr_0 = 4.7469e-04
Validation auc = 0.540886
Validation accuracy = 0.947619
Epoch 11
Loss = 1.3499e-01, PNorm = 38.7915, GNorm = 0.5749, lr_0 = 4.6185e-04
Loss = 1.6771e-01, PNorm = 38.8082, GNorm = 0.2412, lr_0 = 4.5048e-04
Loss = 1.6018e-01, PNorm = 38.8211, GNorm = 0.3347, lr_0 = 4.3940e-04
Loss = 2.1049e-01, PNorm = 38.8360, GNorm = 0.4719, lr_0 = 4.2858e-04
Validation auc = 0.575148
Validation accuracy = 0.947619
Epoch 12
Loss = 1.6344e-01, PNorm = 38.8539, GNorm = 0.5895, lr_0 = 4.1803e-04
Loss = 1.5352e-01, PNorm = 38.8686, GNorm = 0.5443, lr_0 = 4.0775e-04
Loss = 2.1822e-01, PNorm = 38.8836, GNorm = 1.0757, lr_0 = 3.9771e-04
Validation auc = 0.686158
Validation accuracy = 0.947619
Epoch 13
Loss = 1.8636e-01, PNorm = 38.9030, GNorm = 0.7820, lr_0 = 3.8696e-04
Loss = 1.5288e-01, PNorm = 38.9152, GNorm = 0.6409, lr_0 = 3.7743e-04
Loss = 2.1544e-01, PNorm = 38.9283, GNorm = 0.5297, lr_0 = 3.6814e-04
Loss = 1.6060e-01, PNorm = 38.9392, GNorm = 1.2860, lr_0 = 3.5908e-04
Validation auc = 0.587026
Validation accuracy = 0.947619
Epoch 14
Loss = 1.6319e-01, PNorm = 38.9476, GNorm = 0.5220, lr_0 = 3.5025e-04
Loss = 1.6163e-01, PNorm = 38.9596, GNorm = 0.5262, lr_0 = 3.4163e-04
Loss = 1.6819e-01, PNorm = 38.9725, GNorm = 0.5793, lr_0 = 3.3322e-04
Validation auc = 0.640475
Validation accuracy = 0.947619
Epoch 15
Loss = 1.5475e-01, PNorm = 38.9858, GNorm = 0.5852, lr_0 = 3.2502e-04
Loss = 1.2421e-01, PNorm = 38.9963, GNorm = 0.7575, lr_0 = 3.1702e-04
Loss = 1.8560e-01, PNorm = 39.0057, GNorm = 0.7305, lr_0 = 3.0921e-04
Validation auc = 0.665144
Validation accuracy = 0.947619
Epoch 16
Loss = 2.1796e-01, PNorm = 39.0188, GNorm = 0.8065, lr_0 = 3.0085e-04
Loss = 1.3152e-01, PNorm = 39.0301, GNorm = 0.5511, lr_0 = 2.9345e-04
Loss = 1.7312e-01, PNorm = 39.0380, GNorm = 0.5020, lr_0 = 2.8623e-04
Loss = 1.7113e-01, PNorm = 39.0496, GNorm = 0.5069, lr_0 = 2.7918e-04
Validation auc = 0.650982
Validation accuracy = 0.947619
Epoch 17
Loss = 1.7385e-01, PNorm = 39.0594, GNorm = 0.4120, lr_0 = 2.7231e-04
Loss = 1.4950e-01, PNorm = 39.0702, GNorm = 0.4454, lr_0 = 2.6561e-04
Loss = 1.4120e-01, PNorm = 39.0796, GNorm = 0.3641, lr_0 = 2.5907e-04
Validation auc = 0.627684
Validation accuracy = 0.942857
Epoch 18
Loss = 1.6435e-01, PNorm = 39.0881, GNorm = 0.6056, lr_0 = 2.5207e-04
Loss = 1.4101e-01, PNorm = 39.0981, GNorm = 0.2948, lr_0 = 2.4586e-04
Loss = 1.4826e-01, PNorm = 39.1081, GNorm = 0.5088, lr_0 = 2.3981e-04
Validation auc = 0.624029
Validation accuracy = 0.942857
Epoch 19
Loss = 7.9853e-02, PNorm = 39.1161, GNorm = 0.5063, lr_0 = 2.3391e-04
Loss = 1.6825e-01, PNorm = 39.1266, GNorm = 1.0299, lr_0 = 2.2815e-04
Loss = 1.8339e-01, PNorm = 39.1358, GNorm = 0.4852, lr_0 = 2.2254e-04
Loss = 1.4977e-01, PNorm = 39.1446, GNorm = 1.0602, lr_0 = 2.1706e-04
Validation auc = 0.673824
Validation accuracy = 0.947619
Epoch 20
Loss = 1.5872e-01, PNorm = 39.1520, GNorm = 0.5970, lr_0 = 2.1172e-04
Loss = 1.5374e-01, PNorm = 39.1603, GNorm = 0.4477, lr_0 = 2.0651e-04
Loss = 1.4319e-01, PNorm = 39.1661, GNorm = 0.3928, lr_0 = 2.0142e-04
Validation auc = 0.560987
Validation accuracy = 0.942857
Epoch 21
Loss = 1.7942e-01, PNorm = 39.1749, GNorm = 0.5401, lr_0 = 1.9598e-04
Loss = 1.4036e-01, PNorm = 39.1831, GNorm = 0.3551, lr_0 = 1.9115e-04
Loss = 1.6885e-01, PNorm = 39.1896, GNorm = 0.5207, lr_0 = 1.8645e-04
Validation auc = 0.648241
Validation accuracy = 0.947619
Epoch 22
Loss = 1.7075e-01, PNorm = 39.1996, GNorm = 0.3721, lr_0 = 1.8186e-04
Loss = 1.5691e-01, PNorm = 39.2059, GNorm = 0.4739, lr_0 = 1.7739e-04
Loss = 1.2744e-01, PNorm = 39.2127, GNorm = 0.5494, lr_0 = 1.7302e-04
